[ 2017-06-21T08:11:26+08:00 ] 121.42.29.115 140.205.225.190 GET /
[ log ] blog.sppcms.com/ [运行时间：0.053323s][吞吐率：18.75req/s] [内存消耗：2,732.34kb] [文件加载：57]
[ info ] [ LANG ] /home/wwwroot/blog.sppcms.com/thinkphp/lang/zh-cn.php
[ info ] [ BIND ] 'index'
[ info ] [ ROUTE ] array (
  'type' => 'module',
  'module' => 
  array (
    0 => 'index',
    1 => NULL,
    2 => NULL,
  ),
)
[ info ] [ HEADER ] array (
  'accept-encoding' => 'gzip,deflate',
  'connection' => 'keep-alive',
  'accept' => '*/*',
  'referer' => 'http://blog.sppcms.com/',
  'host' => 'blog.sppcms.com',
  'user-agent' => 'Mozilla/4.0 (compatible; MSIE 6.0; Windows NT 5.1;Alibaba.Security.Heimdall.950384.p)',
  'content-type' => '',
  'content-length' => '',
)
[ info ] [ PARAM ] array (
)
[ info ] [ SESSION ] INIT array (
  'id' => '',
  'var_session_id' => '',
  'prefix' => 'think',
  'type' => '',
  'auto_start' => true,
)
[ info ] [ DB ] INIT mysql
[ info ] [ RUN ] app\index\controller\Index->index[ /home/wwwroot/blog.sppcms.com/application/index/controller/Index.php ]
[ info ] [ VIEW ] /home/wwwroot/blog.sppcms.com/application/index/view/index/index.html [ array (
  0 => 'islogin',
  1 => 'navlist',
  2 => 'adlist',
  3 => 'toplist',
  4 => 'reclist',
  5 => 'categorylist',
  6 => 'catelist',
) ]
[ info ] [ LOG ] INIT File
[ sql ] [ DB ] CONNECT:[ UseTime:0.000465s ] mysql:dbname=sq_blog;host=127.0.0.1;charset=utf8
[ sql ] [ SQL ] SHOW COLUMNS FROM `think_nav` [ RunTime:0.000896s ]
[ sql ] [ SQL ] SELECT * FROM `think_nav` WHERE  `pid` = 0 ORDER BY `sort` [ RunTime:0.000254s ]
[ sql ] [ SQL ] SELECT * FROM `think_nav` WHERE  `pid` = 1 ORDER BY `sort` [ RunTime:0.000234s ]
[ sql ] [ SQL ] SELECT * FROM `think_nav` WHERE  `pid` = 2 ORDER BY `sort` [ RunTime:0.000222s ]
[ sql ] [ SQL ] SELECT * FROM `think_nav` WHERE  `pid` = 3 ORDER BY `sort` [ RunTime:0.000193s ]
[ sql ] [ SQL ] SELECT * FROM `think_nav` WHERE  `pid` = 5 ORDER BY `sort` [ RunTime:0.000217s ]
[ sql ] [ SQL ] SELECT * FROM `think_nav` WHERE  `pid` = 6 ORDER BY `sort` [ RunTime:0.000193s ]
[ sql ] [ SQL ] SELECT * FROM `think_nav` WHERE  `pid` = 4 ORDER BY `sort` [ RunTime:0.000189s ]
[ sql ] [ SQL ] SHOW COLUMNS FROM `think_ad` [ RunTime:0.000608s ]
[ sql ] [ SQL ] SELECT * FROM `think_ad` WHERE  `status` = 1 [ RunTime:0.000189s ]
[ sql ] [ SQL ] SHOW COLUMNS FROM `think_product` [ RunTime:0.000746s ]
[ sql ] [ SQL ] SELECT * FROM `think_product` WHERE  `is_top` = 1 LIMIT 2 [ RunTime:0.000285s ]
[ sql ] [ SQL ] SELECT * FROM `think_product` WHERE  `is_rec` = 1 LIMIT 3 [ RunTime:0.000229s ]
[ sql ] [ SQL ] SHOW COLUMNS FROM `think_category` [ RunTime:0.000648s ]
[ sql ] [ SQL ] SELECT * FROM `think_category` WHERE  `status` = 1  AND `pid` = 0 [ RunTime:0.000226s ]
[ sql ] [ SQL ] SELECT * FROM `think_category` WHERE  `status` = 1  AND `pid` = 0 LIMIT 5 [ RunTime:0.000206s ]
[ sql ] [ SQL ] SELECT * FROM `think_category` WHERE  `pid` = 348 [ RunTime:0.000209s ]
[ sql ] [ SQL ] SELECT * FROM `think_category` WHERE  `pid` = 353 [ RunTime:0.000227s ]
[ sql ] [ SQL ] SELECT * FROM `think_category` WHERE  `pid` = 354 [ RunTime:0.000196s ]
[ sql ] [ SQL ] SELECT * FROM `think_category` WHERE  `pid` = 355 [ RunTime:0.000196s ]
[ sql ] [ SQL ] SELECT * FROM `think_product` WHERE  `status` = 1  AND `category_id` IN (353,354,355,348) LIMIT 8 [ RunTime:0.000271s ]
[ sql ] [ SQL ] SELECT * FROM `think_category` WHERE  `pid` = 356 [ RunTime:0.000196s ]
[ sql ] [ SQL ] SELECT * FROM `think_product` WHERE  `status` = 1  AND `category_id` IN (356) LIMIT 8 [ RunTime:0.000281s ]
[ sql ] [ SQL ] SHOW COLUMNS FROM `think_config` [ RunTime:0.000635s ]
[ sql ] [ SQL ] SELECT * FROM `think_config` WHERE  `name` = 'logo' LIMIT 1 [ RunTime:0.000191s ]
[ sql ] [ SQL ] SELECT * FROM `think_config` WHERE  `name` = 'logo' LIMIT 1 [ RunTime:0.000197s ]
[ sql ] [ SQL ] SELECT * FROM `think_config` WHERE  `name` = 'siteinfo' LIMIT 1 [ RunTime:0.000190s ]
[ sql ] [ SQL ] SELECT * FROM `think_config` WHERE  `name` = 'address' LIMIT 1 [ RunTime:0.000195s ]
[ sql ] [ SQL ] SELECT * FROM `think_config` WHERE  `name` = 'email' LIMIT 1 [ RunTime:0.000189s ]
[ sql ] [ SQL ] SELECT * FROM `think_config` WHERE  `name` = 'email' LIMIT 1 [ RunTime:0.000187s ]
[ sql ] [ SQL ] SELECT * FROM `think_config` WHERE  `name` = 'tel' LIMIT 1 [ RunTime:0.000190s ]

---------------------------------------------------------------
[ 2017-06-21T08:11:30+08:00 ] 121.42.29.115 140.205.225.190 GET /favicon.ico
[ log ] blog.sppcms.com/favicon.ico [运行时间：0.023354s][吞吐率：42.82req/s] [内存消耗：1,280.33kb] [文件加载：37]
[ info ] [ LANG ] /home/wwwroot/blog.sppcms.com/thinkphp/lang/zh-cn.php
[ info ] [ BIND ] 'index'
[ info ] [ ROUTE ] array (
  'type' => 'module',
  'module' => 
  array (
    0 => 'index',
    1 => 'favicon.ico',
    2 => NULL,
  ),
)
[ info ] [ HEADER ] array (
  'connection' => 'keep-alive',
  'accept' => 'text/html, image/gif, image/jpeg, *; q=.2, */*; q=.2',
  'host' => 'blog.sppcms.com',
  'pragma' => 'no-cache',
  'cache-control' => 'no-cache',
  'user-agent' => 'Mozilla/4.0 (compatible; MSIE 6.0; Windows NT 5.1;Alibaba.Security.Heimdall.950384.p)',
  'content-type' => '',
  'content-length' => '',
)
[ info ] [ PARAM ] array (
)
[ info ] [ RUN ] app\index\controller\Error->_empty[ /home/wwwroot/blog.sppcms.com/application/index/controller/Error.php ]
[ info ] [ LOG ] INIT File

---------------------------------------------------------------
[ 2017-06-21T08:11:30+08:00 ] 121.42.29.115 140.205.225.190 GET /editors/index.html
[ log ] blog.sppcms.com/editors/index.html [运行时间：0.018733s][吞吐率：53.38req/s] [内存消耗：1,280.44kb] [文件加载：37]
[ info ] [ LANG ] /home/wwwroot/blog.sppcms.com/thinkphp/lang/zh-cn.php
[ info ] [ BIND ] 'index'
[ info ] [ ROUTE ] array (
  'type' => 'module',
  'module' => 
  array (
    0 => 'index',
    1 => 'editors',
    2 => 'index',
  ),
)
[ info ] [ HEADER ] array (
  'connection' => 'keep-alive',
  'accept' => 'text/html, image/gif, image/jpeg, *; q=.2, */*; q=.2',
  'host' => 'blog.sppcms.com',
  'pragma' => 'no-cache',
  'cache-control' => 'no-cache',
  'user-agent' => 'Mozilla/4.0 (compatible; MSIE 6.0; Windows NT 5.1;Alibaba.Security.Heimdall.950384.p)',
  'content-type' => '',
  'content-length' => '',
)
[ info ] [ PARAM ] array (
)
[ info ] [ RUN ] app\index\controller\Error->_empty[ /home/wwwroot/blog.sppcms.com/application/index/controller/Error.php ]
[ info ] [ LOG ] INIT File

---------------------------------------------------------------
[ 2017-06-21T08:11:46+08:00 ] 121.42.29.115 140.205.225.190 GET /favicon.ico
[ log ] blog.sppcms.com/favicon.ico [运行时间：0.019397s][吞吐率：51.55req/s] [内存消耗：1,280.33kb] [文件加载：37]
[ info ] [ LANG ] /home/wwwroot/blog.sppcms.com/thinkphp/lang/zh-cn.php
[ info ] [ BIND ] 'index'
[ info ] [ ROUTE ] array (
  'type' => 'module',
  'module' => 
  array (
    0 => 'index',
    1 => 'favicon.ico',
    2 => NULL,
  ),
)
[ info ] [ HEADER ] array (
  'connection' => 'keep-alive',
  'accept' => 'text/html, image/gif, image/jpeg, *; q=.2, */*; q=.2',
  'host' => 'blog.sppcms.com',
  'pragma' => 'no-cache',
  'cache-control' => 'no-cache',
  'user-agent' => 'Mozilla/4.0 (compatible; MSIE 6.0; Windows NT 5.1;Alibaba.Security.Heimdall.950384.p)',
  'content-type' => '',
  'content-length' => '',
)
[ info ] [ PARAM ] array (
)
[ info ] [ RUN ] app\index\controller\Error->_empty[ /home/wwwroot/blog.sppcms.com/application/index/controller/Error.php ]
[ info ] [ LOG ] INIT File

---------------------------------------------------------------
[ 2017-06-21T08:12:05+08:00 ] 121.42.29.115 140.205.225.190 GET /LICENSE.txt
[ log ] blog.sppcms.com/LICENSE.txt [运行时间：0.019146s][吞吐率：52.23req/s] [内存消耗：1,280.33kb] [文件加载：37]
[ info ] [ LANG ] /home/wwwroot/blog.sppcms.com/thinkphp/lang/zh-cn.php
[ info ] [ BIND ] 'index'
[ info ] [ ROUTE ] array (
  'type' => 'module',
  'module' => 
  array (
    0 => 'index',
    1 => 'LICENSE.txt',
    2 => NULL,
  ),
)
[ info ] [ HEADER ] array (
  'connection' => 'keep-alive',
  'accept' => 'text/html, image/gif, image/jpeg, *; q=.2, */*; q=.2',
  'host' => 'blog.sppcms.com',
  'pragma' => 'no-cache',
  'cache-control' => 'no-cache',
  'user-agent' => 'Mozilla/4.0 (compatible; MSIE 6.0; Windows NT 5.1;Alibaba.Security.Heimdall.950384.p)',
  'content-type' => '',
  'content-length' => '',
)
[ info ] [ PARAM ] array (
)
[ info ] [ RUN ] app\index\controller\Error->_empty[ /home/wwwroot/blog.sppcms.com/application/index/controller/Error.php ]
[ info ] [ LOG ] INIT File

---------------------------------------------------------------
[ 2017-06-21T08:12:05+08:00 ] 121.42.29.115 140.205.225.190 GET /skin/frontend/base/default/favicon.ico
[ log ] blog.sppcms.com/skin/frontend/base/default/favicon.ico [运行时间：0.019048s][吞吐率：52.50req/s] [内存消耗：1,281.24kb] [文件加载：37]
[ info ] [ LANG ] /home/wwwroot/blog.sppcms.com/thinkphp/lang/zh-cn.php
[ info ] [ BIND ] 'index'
[ info ] [ ROUTE ] array (
  'type' => 'module',
  'module' => 
  array (
    0 => 'index',
    1 => 'skin',
    2 => 'frontend',
  ),
)
[ info ] [ HEADER ] array (
  'connection' => 'keep-alive',
  'accept' => 'text/html, image/gif, image/jpeg, *; q=.2, */*; q=.2',
  'host' => 'blog.sppcms.com',
  'pragma' => 'no-cache',
  'cache-control' => 'no-cache',
  'user-agent' => 'Mozilla/4.0 (compatible; MSIE 6.0; Windows NT 5.1;Alibaba.Security.Heimdall.950384.p)',
  'content-type' => '',
  'content-length' => '',
)
[ info ] [ PARAM ] array (
  'base' => 'default',
)
[ info ] [ RUN ] app\index\controller\Error->_empty[ /home/wwwroot/blog.sppcms.com/application/index/controller/Error.php ]
[ info ] [ LOG ] INIT File

---------------------------------------------------------------
