[ 2017-06-27T00:10:26+08:00 ] 121.42.29.115 101.247.222.113 GET /favicon.ico
[ log ] blog.sppcms.com/favicon.ico [运行时间：0.023205s][吞吐率：43.09req/s] [内存消耗：1,281.21kb] [文件加载：37]
[ info ] [ LANG ] /home/wwwroot/blog.sppcms.com/thinkphp/lang/zh-cn.php
[ info ] [ BIND ] 'index'
[ info ] [ ROUTE ] array (
  'type' => 'module',
  'module' => 
  array (
    0 => 'index',
    1 => 'favicon.ico',
    2 => NULL,
  ),
)
[ info ] [ HEADER ] array (
  'cookie' => 'PHPSESSID=lubs9p5tp9ahnb4vula3h4a9p4',
  'accept-language' => 'zh-CN,zh;q=0.8',
  'accept-encoding' => 'gzip, deflate, sdch',
  'referer' => 'http://blog.sppcms.com/douniu.php',
  'accept' => '*/*',
  'user-agent' => 'Mozilla/5.0 (Windows NT 10.0; WOW64) AppleWebKit/537.36 (KHTML, like Gecko) Chrome/50.0.2661.102 Safari/537.36',
  'connection' => 'keep-alive',
  'host' => 'blog.sppcms.com',
  'content-type' => '',
  'content-length' => '',
)
[ info ] [ PARAM ] array (
)
[ info ] [ RUN ] app\index\controller\Error->_empty[ /home/wwwroot/blog.sppcms.com/application/index/controller/Error.php ]
[ info ] [ LOG ] INIT File

---------------------------------------------------------------
[ 2017-06-27T00:10:36+08:00 ] 121.42.29.115 101.247.222.113 GET /favicon.ico
[ log ] blog.sppcms.com/favicon.ico [运行时间：0.018513s][吞吐率：54.02req/s] [内存消耗：1,281.21kb] [文件加载：37]
[ info ] [ LANG ] /home/wwwroot/blog.sppcms.com/thinkphp/lang/zh-cn.php
[ info ] [ BIND ] 'index'
[ info ] [ ROUTE ] array (
  'type' => 'module',
  'module' => 
  array (
    0 => 'index',
    1 => 'favicon.ico',
    2 => NULL,
  ),
)
[ info ] [ HEADER ] array (
  'cookie' => 'PHPSESSID=lubs9p5tp9ahnb4vula3h4a9p4',
  'accept-language' => 'zh-CN,zh;q=0.8',
  'accept-encoding' => 'gzip, deflate, sdch',
  'referer' => 'http://blog.sppcms.com/douniu.php',
  'accept' => '*/*',
  'user-agent' => 'Mozilla/5.0 (Windows NT 10.0; WOW64) AppleWebKit/537.36 (KHTML, like Gecko) Chrome/50.0.2661.102 Safari/537.36',
  'connection' => 'keep-alive',
  'host' => 'blog.sppcms.com',
  'content-type' => '',
  'content-length' => '',
)
[ info ] [ PARAM ] array (
)
[ info ] [ RUN ] app\index\controller\Error->_empty[ /home/wwwroot/blog.sppcms.com/application/index/controller/Error.php ]
[ info ] [ LOG ] INIT File

---------------------------------------------------------------
[ 2017-06-27T00:11:21+08:00 ] 121.42.29.115 101.247.222.113 GET /favicon.ico
[ log ] blog.sppcms.com/favicon.ico [运行时间：0.020921s][吞吐率：47.80req/s] [内存消耗：1,281.21kb] [文件加载：37]
[ info ] [ LANG ] /home/wwwroot/blog.sppcms.com/thinkphp/lang/zh-cn.php
[ info ] [ BIND ] 'index'
[ info ] [ ROUTE ] array (
  'type' => 'module',
  'module' => 
  array (
    0 => 'index',
    1 => 'favicon.ico',
    2 => NULL,
  ),
)
[ info ] [ HEADER ] array (
  'cookie' => 'PHPSESSID=lubs9p5tp9ahnb4vula3h4a9p4',
  'accept-language' => 'zh-CN,zh;q=0.8',
  'accept-encoding' => 'gzip, deflate, sdch',
  'referer' => 'http://blog.sppcms.com/douniu.php',
  'accept' => '*/*',
  'user-agent' => 'Mozilla/5.0 (Windows NT 10.0; WOW64) AppleWebKit/537.36 (KHTML, like Gecko) Chrome/50.0.2661.102 Safari/537.36',
  'connection' => 'keep-alive',
  'host' => 'blog.sppcms.com',
  'content-type' => '',
  'content-length' => '',
)
[ info ] [ PARAM ] array (
)
[ info ] [ RUN ] app\index\controller\Error->_empty[ /home/wwwroot/blog.sppcms.com/application/index/controller/Error.php ]
[ info ] [ LOG ] INIT File

---------------------------------------------------------------
[ 2017-06-27T00:11:42+08:00 ] 121.42.29.115 101.247.222.113 GET /favicon.ico
[ log ] blog.sppcms.com/favicon.ico [运行时间：0.018844s][吞吐率：53.07req/s] [内存消耗：1,281.21kb] [文件加载：37]
[ info ] [ LANG ] /home/wwwroot/blog.sppcms.com/thinkphp/lang/zh-cn.php
[ info ] [ BIND ] 'index'
[ info ] [ ROUTE ] array (
  'type' => 'module',
  'module' => 
  array (
    0 => 'index',
    1 => 'favicon.ico',
    2 => NULL,
  ),
)
[ info ] [ HEADER ] array (
  'cookie' => 'PHPSESSID=lubs9p5tp9ahnb4vula3h4a9p4',
  'accept-language' => 'zh-CN,zh;q=0.8',
  'accept-encoding' => 'gzip, deflate, sdch',
  'referer' => 'http://blog.sppcms.com/douniu.php',
  'accept' => '*/*',
  'user-agent' => 'Mozilla/5.0 (Windows NT 10.0; WOW64) AppleWebKit/537.36 (KHTML, like Gecko) Chrome/50.0.2661.102 Safari/537.36',
  'connection' => 'keep-alive',
  'host' => 'blog.sppcms.com',
  'content-type' => '',
  'content-length' => '',
)
[ info ] [ PARAM ] array (
)
[ info ] [ RUN ] app\index\controller\Error->_empty[ /home/wwwroot/blog.sppcms.com/application/index/controller/Error.php ]
[ info ] [ LOG ] INIT File

---------------------------------------------------------------
[ 2017-06-27T00:11:49+08:00 ] 121.42.29.115 101.247.222.113 GET /favicon.ico
[ log ] blog.sppcms.com/favicon.ico [运行时间：0.020862s][吞吐率：47.93req/s] [内存消耗：1,281.21kb] [文件加载：37]
[ info ] [ LANG ] /home/wwwroot/blog.sppcms.com/thinkphp/lang/zh-cn.php
[ info ] [ BIND ] 'index'
[ info ] [ ROUTE ] array (
  'type' => 'module',
  'module' => 
  array (
    0 => 'index',
    1 => 'favicon.ico',
    2 => NULL,
  ),
)
[ info ] [ HEADER ] array (
  'cookie' => 'PHPSESSID=lubs9p5tp9ahnb4vula3h4a9p4',
  'accept-language' => 'zh-CN,zh;q=0.8',
  'accept-encoding' => 'gzip, deflate, sdch',
  'referer' => 'http://blog.sppcms.com/douniu.php',
  'accept' => '*/*',
  'user-agent' => 'Mozilla/5.0 (Windows NT 10.0; WOW64) AppleWebKit/537.36 (KHTML, like Gecko) Chrome/50.0.2661.102 Safari/537.36',
  'connection' => 'keep-alive',
  'host' => 'blog.sppcms.com',
  'content-type' => '',
  'content-length' => '',
)
[ info ] [ PARAM ] array (
)
[ info ] [ RUN ] app\index\controller\Error->_empty[ /home/wwwroot/blog.sppcms.com/application/index/controller/Error.php ]
[ info ] [ LOG ] INIT File

---------------------------------------------------------------
[ 2017-06-27T00:12:25+08:00 ] 121.42.29.115 101.247.222.113 GET /favicon.ico
[ log ] blog.sppcms.com/favicon.ico [运行时间：0.020389s][吞吐率：49.05req/s] [内存消耗：1,281.21kb] [文件加载：37]
[ info ] [ LANG ] /home/wwwroot/blog.sppcms.com/thinkphp/lang/zh-cn.php
[ info ] [ BIND ] 'index'
[ info ] [ ROUTE ] array (
  'type' => 'module',
  'module' => 
  array (
    0 => 'index',
    1 => 'favicon.ico',
    2 => NULL,
  ),
)
[ info ] [ HEADER ] array (
  'cookie' => 'PHPSESSID=lubs9p5tp9ahnb4vula3h4a9p4',
  'accept-language' => 'zh-CN,zh;q=0.8',
  'accept-encoding' => 'gzip, deflate, sdch',
  'referer' => 'http://blog.sppcms.com/douniu.php',
  'accept' => '*/*',
  'user-agent' => 'Mozilla/5.0 (Windows NT 10.0; WOW64) AppleWebKit/537.36 (KHTML, like Gecko) Chrome/50.0.2661.102 Safari/537.36',
  'connection' => 'keep-alive',
  'host' => 'blog.sppcms.com',
  'content-type' => '',
  'content-length' => '',
)
[ info ] [ PARAM ] array (
)
[ info ] [ RUN ] app\index\controller\Error->_empty[ /home/wwwroot/blog.sppcms.com/application/index/controller/Error.php ]
[ info ] [ LOG ] INIT File

---------------------------------------------------------------
[ 2017-06-27T00:12:27+08:00 ] 121.42.29.115 101.247.222.113 GET /favicon.ico
[ log ] blog.sppcms.com/favicon.ico [运行时间：0.018868s][吞吐率：53.00req/s] [内存消耗：1,281.21kb] [文件加载：37]
[ info ] [ LANG ] /home/wwwroot/blog.sppcms.com/thinkphp/lang/zh-cn.php
[ info ] [ BIND ] 'index'
[ info ] [ ROUTE ] array (
  'type' => 'module',
  'module' => 
  array (
    0 => 'index',
    1 => 'favicon.ico',
    2 => NULL,
  ),
)
[ info ] [ HEADER ] array (
  'cookie' => 'PHPSESSID=lubs9p5tp9ahnb4vula3h4a9p4',
  'accept-language' => 'zh-CN,zh;q=0.8',
  'accept-encoding' => 'gzip, deflate, sdch',
  'referer' => 'http://blog.sppcms.com/douniu.php',
  'accept' => '*/*',
  'user-agent' => 'Mozilla/5.0 (Windows NT 10.0; WOW64) AppleWebKit/537.36 (KHTML, like Gecko) Chrome/50.0.2661.102 Safari/537.36',
  'connection' => 'keep-alive',
  'host' => 'blog.sppcms.com',
  'content-type' => '',
  'content-length' => '',
)
[ info ] [ PARAM ] array (
)
[ info ] [ RUN ] app\index\controller\Error->_empty[ /home/wwwroot/blog.sppcms.com/application/index/controller/Error.php ]
[ info ] [ LOG ] INIT File

---------------------------------------------------------------
[ 2017-06-27T00:12:33+08:00 ] 121.42.29.115 101.247.222.113 GET /favicon.ico
[ log ] blog.sppcms.com/favicon.ico [运行时间：0.019060s][吞吐率：52.47req/s] [内存消耗：1,281.21kb] [文件加载：37]
[ info ] [ LANG ] /home/wwwroot/blog.sppcms.com/thinkphp/lang/zh-cn.php
[ info ] [ BIND ] 'index'
[ info ] [ ROUTE ] array (
  'type' => 'module',
  'module' => 
  array (
    0 => 'index',
    1 => 'favicon.ico',
    2 => NULL,
  ),
)
[ info ] [ HEADER ] array (
  'cookie' => 'PHPSESSID=lubs9p5tp9ahnb4vula3h4a9p4',
  'accept-language' => 'zh-CN,zh;q=0.8',
  'accept-encoding' => 'gzip, deflate, sdch',
  'referer' => 'http://blog.sppcms.com/douniu.php',
  'accept' => '*/*',
  'user-agent' => 'Mozilla/5.0 (Windows NT 10.0; WOW64) AppleWebKit/537.36 (KHTML, like Gecko) Chrome/50.0.2661.102 Safari/537.36',
  'connection' => 'keep-alive',
  'host' => 'blog.sppcms.com',
  'content-type' => '',
  'content-length' => '',
)
[ info ] [ PARAM ] array (
)
[ info ] [ RUN ] app\index\controller\Error->_empty[ /home/wwwroot/blog.sppcms.com/application/index/controller/Error.php ]
[ info ] [ LOG ] INIT File

---------------------------------------------------------------
[ 2017-06-27T00:13:30+08:00 ] 121.42.29.115 101.247.222.113 GET /favicon.ico
[ log ] blog.sppcms.com/favicon.ico [运行时间：0.018621s][吞吐率：53.70req/s] [内存消耗：1,281.21kb] [文件加载：37]
[ info ] [ LANG ] /home/wwwroot/blog.sppcms.com/thinkphp/lang/zh-cn.php
[ info ] [ BIND ] 'index'
[ info ] [ ROUTE ] array (
  'type' => 'module',
  'module' => 
  array (
    0 => 'index',
    1 => 'favicon.ico',
    2 => NULL,
  ),
)
[ info ] [ HEADER ] array (
  'cookie' => 'PHPSESSID=lubs9p5tp9ahnb4vula3h4a9p4',
  'accept-language' => 'zh-CN,zh;q=0.8',
  'accept-encoding' => 'gzip, deflate, sdch',
  'referer' => 'http://blog.sppcms.com/douniu.php',
  'accept' => '*/*',
  'user-agent' => 'Mozilla/5.0 (Windows NT 10.0; WOW64) AppleWebKit/537.36 (KHTML, like Gecko) Chrome/50.0.2661.102 Safari/537.36',
  'connection' => 'keep-alive',
  'host' => 'blog.sppcms.com',
  'content-type' => '',
  'content-length' => '',
)
[ info ] [ PARAM ] array (
)
[ info ] [ RUN ] app\index\controller\Error->_empty[ /home/wwwroot/blog.sppcms.com/application/index/controller/Error.php ]
[ info ] [ LOG ] INIT File

---------------------------------------------------------------
[ 2017-06-27T00:13:36+08:00 ] 121.42.29.115 101.247.222.113 GET /favicon.ico
[ log ] blog.sppcms.com/favicon.ico [运行时间：0.020437s][吞吐率：48.93req/s] [内存消耗：1,281.21kb] [文件加载：37]
[ info ] [ LANG ] /home/wwwroot/blog.sppcms.com/thinkphp/lang/zh-cn.php
[ info ] [ BIND ] 'index'
[ info ] [ ROUTE ] array (
  'type' => 'module',
  'module' => 
  array (
    0 => 'index',
    1 => 'favicon.ico',
    2 => NULL,
  ),
)
[ info ] [ HEADER ] array (
  'cookie' => 'PHPSESSID=lubs9p5tp9ahnb4vula3h4a9p4',
  'accept-language' => 'zh-CN,zh;q=0.8',
  'accept-encoding' => 'gzip, deflate, sdch',
  'referer' => 'http://blog.sppcms.com/douniu.php',
  'accept' => '*/*',
  'user-agent' => 'Mozilla/5.0 (Windows NT 10.0; WOW64) AppleWebKit/537.36 (KHTML, like Gecko) Chrome/50.0.2661.102 Safari/537.36',
  'connection' => 'keep-alive',
  'host' => 'blog.sppcms.com',
  'content-type' => '',
  'content-length' => '',
)
[ info ] [ PARAM ] array (
)
[ info ] [ RUN ] app\index\controller\Error->_empty[ /home/wwwroot/blog.sppcms.com/application/index/controller/Error.php ]
[ info ] [ LOG ] INIT File

---------------------------------------------------------------
[ 2017-06-27T00:13:38+08:00 ] 121.42.29.115 101.247.222.113 GET /favicon.ico
[ log ] blog.sppcms.com/favicon.ico [运行时间：0.019030s][吞吐率：52.55req/s] [内存消耗：1,281.21kb] [文件加载：37]
[ info ] [ LANG ] /home/wwwroot/blog.sppcms.com/thinkphp/lang/zh-cn.php
[ info ] [ BIND ] 'index'
[ info ] [ ROUTE ] array (
  'type' => 'module',
  'module' => 
  array (
    0 => 'index',
    1 => 'favicon.ico',
    2 => NULL,
  ),
)
[ info ] [ HEADER ] array (
  'cookie' => 'PHPSESSID=lubs9p5tp9ahnb4vula3h4a9p4',
  'accept-language' => 'zh-CN,zh;q=0.8',
  'accept-encoding' => 'gzip, deflate, sdch',
  'referer' => 'http://blog.sppcms.com/douniu.php',
  'accept' => '*/*',
  'user-agent' => 'Mozilla/5.0 (Windows NT 10.0; WOW64) AppleWebKit/537.36 (KHTML, like Gecko) Chrome/50.0.2661.102 Safari/537.36',
  'connection' => 'keep-alive',
  'host' => 'blog.sppcms.com',
  'content-type' => '',
  'content-length' => '',
)
[ info ] [ PARAM ] array (
)
[ info ] [ RUN ] app\index\controller\Error->_empty[ /home/wwwroot/blog.sppcms.com/application/index/controller/Error.php ]
[ info ] [ LOG ] INIT File

---------------------------------------------------------------
[ 2017-06-27T00:14:11+08:00 ] 121.42.29.115 101.247.222.113 GET /favicon.ico
[ log ] blog.sppcms.com/favicon.ico [运行时间：0.019683s][吞吐率：50.80req/s] [内存消耗：1,281.21kb] [文件加载：37]
[ info ] [ LANG ] /home/wwwroot/blog.sppcms.com/thinkphp/lang/zh-cn.php
[ info ] [ BIND ] 'index'
[ info ] [ ROUTE ] array (
  'type' => 'module',
  'module' => 
  array (
    0 => 'index',
    1 => 'favicon.ico',
    2 => NULL,
  ),
)
[ info ] [ HEADER ] array (
  'cookie' => 'PHPSESSID=lubs9p5tp9ahnb4vula3h4a9p4',
  'accept-language' => 'zh-CN,zh;q=0.8',
  'accept-encoding' => 'gzip, deflate, sdch',
  'referer' => 'http://blog.sppcms.com/douniu.php',
  'accept' => '*/*',
  'user-agent' => 'Mozilla/5.0 (Windows NT 10.0; WOW64) AppleWebKit/537.36 (KHTML, like Gecko) Chrome/50.0.2661.102 Safari/537.36',
  'connection' => 'keep-alive',
  'host' => 'blog.sppcms.com',
  'content-type' => '',
  'content-length' => '',
)
[ info ] [ PARAM ] array (
)
[ info ] [ RUN ] app\index\controller\Error->_empty[ /home/wwwroot/blog.sppcms.com/application/index/controller/Error.php ]
[ info ] [ LOG ] INIT File

---------------------------------------------------------------
[ 2017-06-27T00:14:14+08:00 ] 121.42.29.115 101.247.222.113 GET /favicon.ico
[ log ] blog.sppcms.com/favicon.ico [运行时间：0.019697s][吞吐率：50.77req/s] [内存消耗：1,281.21kb] [文件加载：37]
[ info ] [ LANG ] /home/wwwroot/blog.sppcms.com/thinkphp/lang/zh-cn.php
[ info ] [ BIND ] 'index'
[ info ] [ ROUTE ] array (
  'type' => 'module',
  'module' => 
  array (
    0 => 'index',
    1 => 'favicon.ico',
    2 => NULL,
  ),
)
[ info ] [ HEADER ] array (
  'cookie' => 'PHPSESSID=lubs9p5tp9ahnb4vula3h4a9p4',
  'accept-language' => 'zh-CN,zh;q=0.8',
  'accept-encoding' => 'gzip, deflate, sdch',
  'referer' => 'http://blog.sppcms.com/douniu.php',
  'accept' => '*/*',
  'user-agent' => 'Mozilla/5.0 (Windows NT 10.0; WOW64) AppleWebKit/537.36 (KHTML, like Gecko) Chrome/50.0.2661.102 Safari/537.36',
  'connection' => 'keep-alive',
  'host' => 'blog.sppcms.com',
  'content-type' => '',
  'content-length' => '',
)
[ info ] [ PARAM ] array (
)
[ info ] [ RUN ] app\index\controller\Error->_empty[ /home/wwwroot/blog.sppcms.com/application/index/controller/Error.php ]
[ info ] [ LOG ] INIT File

---------------------------------------------------------------
[ 2017-06-27T00:14:18+08:00 ] 121.42.29.115 101.247.222.113 GET /favicon.ico
[ log ] blog.sppcms.com/favicon.ico [运行时间：0.020355s][吞吐率：49.13req/s] [内存消耗：1,281.21kb] [文件加载：37]
[ info ] [ LANG ] /home/wwwroot/blog.sppcms.com/thinkphp/lang/zh-cn.php
[ info ] [ BIND ] 'index'
[ info ] [ ROUTE ] array (
  'type' => 'module',
  'module' => 
  array (
    0 => 'index',
    1 => 'favicon.ico',
    2 => NULL,
  ),
)
[ info ] [ HEADER ] array (
  'cookie' => 'PHPSESSID=lubs9p5tp9ahnb4vula3h4a9p4',
  'accept-language' => 'zh-CN,zh;q=0.8',
  'accept-encoding' => 'gzip, deflate, sdch',
  'referer' => 'http://blog.sppcms.com/douniu.php',
  'accept' => '*/*',
  'user-agent' => 'Mozilla/5.0 (Windows NT 10.0; WOW64) AppleWebKit/537.36 (KHTML, like Gecko) Chrome/50.0.2661.102 Safari/537.36',
  'connection' => 'keep-alive',
  'host' => 'blog.sppcms.com',
  'content-type' => '',
  'content-length' => '',
)
[ info ] [ PARAM ] array (
)
[ info ] [ RUN ] app\index\controller\Error->_empty[ /home/wwwroot/blog.sppcms.com/application/index/controller/Error.php ]
[ info ] [ LOG ] INIT File

---------------------------------------------------------------
[ 2017-06-27T00:15:06+08:00 ] 121.42.29.115 101.247.222.113 GET /favicon.ico
[ log ] blog.sppcms.com/favicon.ico [运行时间：0.020211s][吞吐率：49.48req/s] [内存消耗：1,281.21kb] [文件加载：37]
[ info ] [ LANG ] /home/wwwroot/blog.sppcms.com/thinkphp/lang/zh-cn.php
[ info ] [ BIND ] 'index'
[ info ] [ ROUTE ] array (
  'type' => 'module',
  'module' => 
  array (
    0 => 'index',
    1 => 'favicon.ico',
    2 => NULL,
  ),
)
[ info ] [ HEADER ] array (
  'cookie' => 'PHPSESSID=lubs9p5tp9ahnb4vula3h4a9p4',
  'accept-language' => 'zh-CN,zh;q=0.8',
  'accept-encoding' => 'gzip, deflate, sdch',
  'referer' => 'http://blog.sppcms.com/douniu.php',
  'accept' => '*/*',
  'user-agent' => 'Mozilla/5.0 (Windows NT 10.0; WOW64) AppleWebKit/537.36 (KHTML, like Gecko) Chrome/50.0.2661.102 Safari/537.36',
  'connection' => 'keep-alive',
  'host' => 'blog.sppcms.com',
  'content-type' => '',
  'content-length' => '',
)
[ info ] [ PARAM ] array (
)
[ info ] [ RUN ] app\index\controller\Error->_empty[ /home/wwwroot/blog.sppcms.com/application/index/controller/Error.php ]
[ info ] [ LOG ] INIT File

---------------------------------------------------------------
[ 2017-06-27T00:16:48+08:00 ] 121.42.29.115 101.247.222.113 GET /favicon.ico
[ log ] blog.sppcms.com/favicon.ico [运行时间：0.020681s][吞吐率：48.35req/s] [内存消耗：1,281.21kb] [文件加载：37]
[ info ] [ LANG ] /home/wwwroot/blog.sppcms.com/thinkphp/lang/zh-cn.php
[ info ] [ BIND ] 'index'
[ info ] [ ROUTE ] array (
  'type' => 'module',
  'module' => 
  array (
    0 => 'index',
    1 => 'favicon.ico',
    2 => NULL,
  ),
)
[ info ] [ HEADER ] array (
  'cookie' => 'PHPSESSID=lubs9p5tp9ahnb4vula3h4a9p4',
  'accept-language' => 'zh-CN,zh;q=0.8',
  'accept-encoding' => 'gzip, deflate, sdch',
  'referer' => 'http://blog.sppcms.com/douniu.php',
  'accept' => '*/*',
  'user-agent' => 'Mozilla/5.0 (Windows NT 10.0; WOW64) AppleWebKit/537.36 (KHTML, like Gecko) Chrome/50.0.2661.102 Safari/537.36',
  'connection' => 'keep-alive',
  'host' => 'blog.sppcms.com',
  'content-type' => '',
  'content-length' => '',
)
[ info ] [ PARAM ] array (
)
[ info ] [ RUN ] app\index\controller\Error->_empty[ /home/wwwroot/blog.sppcms.com/application/index/controller/Error.php ]
[ info ] [ LOG ] INIT File

---------------------------------------------------------------
[ 2017-06-27T00:16:59+08:00 ] 121.42.29.115 101.247.222.113 GET /favicon.ico
[ log ] blog.sppcms.com/favicon.ico [运行时间：0.021336s][吞吐率：46.87req/s] [内存消耗：1,281.21kb] [文件加载：37]
[ info ] [ LANG ] /home/wwwroot/blog.sppcms.com/thinkphp/lang/zh-cn.php
[ info ] [ BIND ] 'index'
[ info ] [ ROUTE ] array (
  'type' => 'module',
  'module' => 
  array (
    0 => 'index',
    1 => 'favicon.ico',
    2 => NULL,
  ),
)
[ info ] [ HEADER ] array (
  'cookie' => 'PHPSESSID=lubs9p5tp9ahnb4vula3h4a9p4',
  'accept-language' => 'zh-CN,zh;q=0.8',
  'accept-encoding' => 'gzip, deflate, sdch',
  'referer' => 'http://blog.sppcms.com/douniu.php',
  'accept' => '*/*',
  'user-agent' => 'Mozilla/5.0 (Windows NT 10.0; WOW64) AppleWebKit/537.36 (KHTML, like Gecko) Chrome/50.0.2661.102 Safari/537.36',
  'connection' => 'keep-alive',
  'host' => 'blog.sppcms.com',
  'content-type' => '',
  'content-length' => '',
)
[ info ] [ PARAM ] array (
)
[ info ] [ RUN ] app\index\controller\Error->_empty[ /home/wwwroot/blog.sppcms.com/application/index/controller/Error.php ]
[ info ] [ LOG ] INIT File

---------------------------------------------------------------
[ 2017-06-27T00:17:02+08:00 ] 121.42.29.115 101.247.222.113 GET /favicon.ico
[ log ] blog.sppcms.com/favicon.ico [运行时间：0.020235s][吞吐率：49.42req/s] [内存消耗：1,281.21kb] [文件加载：37]
[ info ] [ LANG ] /home/wwwroot/blog.sppcms.com/thinkphp/lang/zh-cn.php
[ info ] [ BIND ] 'index'
[ info ] [ ROUTE ] array (
  'type' => 'module',
  'module' => 
  array (
    0 => 'index',
    1 => 'favicon.ico',
    2 => NULL,
  ),
)
[ info ] [ HEADER ] array (
  'cookie' => 'PHPSESSID=lubs9p5tp9ahnb4vula3h4a9p4',
  'accept-language' => 'zh-CN,zh;q=0.8',
  'accept-encoding' => 'gzip, deflate, sdch',
  'referer' => 'http://blog.sppcms.com/douniu.php',
  'accept' => '*/*',
  'user-agent' => 'Mozilla/5.0 (Windows NT 10.0; WOW64) AppleWebKit/537.36 (KHTML, like Gecko) Chrome/50.0.2661.102 Safari/537.36',
  'connection' => 'keep-alive',
  'host' => 'blog.sppcms.com',
  'content-type' => '',
  'content-length' => '',
)
[ info ] [ PARAM ] array (
)
[ info ] [ RUN ] app\index\controller\Error->_empty[ /home/wwwroot/blog.sppcms.com/application/index/controller/Error.php ]
[ info ] [ LOG ] INIT File

---------------------------------------------------------------
[ 2017-06-27T00:17:25+08:00 ] 121.42.29.115 101.247.222.113 GET /favicon.ico
[ log ] blog.sppcms.com/favicon.ico [运行时间：0.020195s][吞吐率：49.52req/s] [内存消耗：1,281.21kb] [文件加载：37]
[ info ] [ LANG ] /home/wwwroot/blog.sppcms.com/thinkphp/lang/zh-cn.php
[ info ] [ BIND ] 'index'
[ info ] [ ROUTE ] array (
  'type' => 'module',
  'module' => 
  array (
    0 => 'index',
    1 => 'favicon.ico',
    2 => NULL,
  ),
)
[ info ] [ HEADER ] array (
  'cookie' => 'PHPSESSID=lubs9p5tp9ahnb4vula3h4a9p4',
  'accept-language' => 'zh-CN,zh;q=0.8',
  'accept-encoding' => 'gzip, deflate, sdch',
  'referer' => 'http://blog.sppcms.com/douniu.php',
  'accept' => '*/*',
  'user-agent' => 'Mozilla/5.0 (Windows NT 10.0; WOW64) AppleWebKit/537.36 (KHTML, like Gecko) Chrome/50.0.2661.102 Safari/537.36',
  'connection' => 'keep-alive',
  'host' => 'blog.sppcms.com',
  'content-type' => '',
  'content-length' => '',
)
[ info ] [ PARAM ] array (
)
[ info ] [ RUN ] app\index\controller\Error->_empty[ /home/wwwroot/blog.sppcms.com/application/index/controller/Error.php ]
[ info ] [ LOG ] INIT File

---------------------------------------------------------------
[ 2017-06-27T00:17:49+08:00 ] 121.42.29.115 101.247.222.113 GET /favicon.ico
[ log ] blog.sppcms.com/favicon.ico [运行时间：0.019998s][吞吐率：50.01req/s] [内存消耗：1,281.21kb] [文件加载：37]
[ info ] [ LANG ] /home/wwwroot/blog.sppcms.com/thinkphp/lang/zh-cn.php
[ info ] [ BIND ] 'index'
[ info ] [ ROUTE ] array (
  'type' => 'module',
  'module' => 
  array (
    0 => 'index',
    1 => 'favicon.ico',
    2 => NULL,
  ),
)
[ info ] [ HEADER ] array (
  'cookie' => 'PHPSESSID=lubs9p5tp9ahnb4vula3h4a9p4',
  'accept-language' => 'zh-CN,zh;q=0.8',
  'accept-encoding' => 'gzip, deflate, sdch',
  'referer' => 'http://blog.sppcms.com/douniu.php',
  'accept' => '*/*',
  'user-agent' => 'Mozilla/5.0 (Windows NT 10.0; WOW64) AppleWebKit/537.36 (KHTML, like Gecko) Chrome/50.0.2661.102 Safari/537.36',
  'connection' => 'keep-alive',
  'host' => 'blog.sppcms.com',
  'content-type' => '',
  'content-length' => '',
)
[ info ] [ PARAM ] array (
)
[ info ] [ RUN ] app\index\controller\Error->_empty[ /home/wwwroot/blog.sppcms.com/application/index/controller/Error.php ]
[ info ] [ LOG ] INIT File

---------------------------------------------------------------
[ 2017-06-27T00:18:23+08:00 ] 121.42.29.115 101.247.222.113 GET /favicon.ico
[ log ] blog.sppcms.com/favicon.ico [运行时间：0.019529s][吞吐率：51.21req/s] [内存消耗：1,281.21kb] [文件加载：37]
[ info ] [ LANG ] /home/wwwroot/blog.sppcms.com/thinkphp/lang/zh-cn.php
[ info ] [ BIND ] 'index'
[ info ] [ ROUTE ] array (
  'type' => 'module',
  'module' => 
  array (
    0 => 'index',
    1 => 'favicon.ico',
    2 => NULL,
  ),
)
[ info ] [ HEADER ] array (
  'cookie' => 'PHPSESSID=lubs9p5tp9ahnb4vula3h4a9p4',
  'accept-language' => 'zh-CN,zh;q=0.8',
  'accept-encoding' => 'gzip, deflate, sdch',
  'referer' => 'http://blog.sppcms.com/douniu.php',
  'accept' => '*/*',
  'user-agent' => 'Mozilla/5.0 (Windows NT 10.0; WOW64) AppleWebKit/537.36 (KHTML, like Gecko) Chrome/50.0.2661.102 Safari/537.36',
  'connection' => 'keep-alive',
  'host' => 'blog.sppcms.com',
  'content-type' => '',
  'content-length' => '',
)
[ info ] [ PARAM ] array (
)
[ info ] [ RUN ] app\index\controller\Error->_empty[ /home/wwwroot/blog.sppcms.com/application/index/controller/Error.php ]
[ info ] [ LOG ] INIT File

---------------------------------------------------------------
[ 2017-06-27T00:18:27+08:00 ] 121.42.29.115 101.247.222.113 GET /favicon.ico
[ log ] blog.sppcms.com/favicon.ico [运行时间：0.019451s][吞吐率：51.41req/s] [内存消耗：1,281.21kb] [文件加载：37]
[ info ] [ LANG ] /home/wwwroot/blog.sppcms.com/thinkphp/lang/zh-cn.php
[ info ] [ BIND ] 'index'
[ info ] [ ROUTE ] array (
  'type' => 'module',
  'module' => 
  array (
    0 => 'index',
    1 => 'favicon.ico',
    2 => NULL,
  ),
)
[ info ] [ HEADER ] array (
  'cookie' => 'PHPSESSID=lubs9p5tp9ahnb4vula3h4a9p4',
  'accept-language' => 'zh-CN,zh;q=0.8',
  'accept-encoding' => 'gzip, deflate, sdch',
  'referer' => 'http://blog.sppcms.com/douniu.php',
  'accept' => '*/*',
  'user-agent' => 'Mozilla/5.0 (Windows NT 10.0; WOW64) AppleWebKit/537.36 (KHTML, like Gecko) Chrome/50.0.2661.102 Safari/537.36',
  'connection' => 'keep-alive',
  'host' => 'blog.sppcms.com',
  'content-type' => '',
  'content-length' => '',
)
[ info ] [ PARAM ] array (
)
[ info ] [ RUN ] app\index\controller\Error->_empty[ /home/wwwroot/blog.sppcms.com/application/index/controller/Error.php ]
[ info ] [ LOG ] INIT File

---------------------------------------------------------------
[ 2017-06-27T00:18:31+08:00 ] 121.42.29.115 101.247.222.113 GET /favicon.ico
[ log ] blog.sppcms.com/favicon.ico [运行时间：0.020737s][吞吐率：48.22req/s] [内存消耗：1,281.21kb] [文件加载：37]
[ info ] [ LANG ] /home/wwwroot/blog.sppcms.com/thinkphp/lang/zh-cn.php
[ info ] [ BIND ] 'index'
[ info ] [ ROUTE ] array (
  'type' => 'module',
  'module' => 
  array (
    0 => 'index',
    1 => 'favicon.ico',
    2 => NULL,
  ),
)
[ info ] [ HEADER ] array (
  'cookie' => 'PHPSESSID=lubs9p5tp9ahnb4vula3h4a9p4',
  'accept-language' => 'zh-CN,zh;q=0.8',
  'accept-encoding' => 'gzip, deflate, sdch',
  'referer' => 'http://blog.sppcms.com/douniu.php',
  'accept' => '*/*',
  'user-agent' => 'Mozilla/5.0 (Windows NT 10.0; WOW64) AppleWebKit/537.36 (KHTML, like Gecko) Chrome/50.0.2661.102 Safari/537.36',
  'connection' => 'keep-alive',
  'host' => 'blog.sppcms.com',
  'content-type' => '',
  'content-length' => '',
)
[ info ] [ PARAM ] array (
)
[ info ] [ RUN ] app\index\controller\Error->_empty[ /home/wwwroot/blog.sppcms.com/application/index/controller/Error.php ]
[ info ] [ LOG ] INIT File

---------------------------------------------------------------
[ 2017-06-27T00:18:40+08:00 ] 121.42.29.115 101.247.222.113 GET /favicon.ico
[ log ] blog.sppcms.com/favicon.ico [运行时间：0.019952s][吞吐率：50.12req/s] [内存消耗：1,281.21kb] [文件加载：37]
[ info ] [ LANG ] /home/wwwroot/blog.sppcms.com/thinkphp/lang/zh-cn.php
[ info ] [ BIND ] 'index'
[ info ] [ ROUTE ] array (
  'type' => 'module',
  'module' => 
  array (
    0 => 'index',
    1 => 'favicon.ico',
    2 => NULL,
  ),
)
[ info ] [ HEADER ] array (
  'cookie' => 'PHPSESSID=lubs9p5tp9ahnb4vula3h4a9p4',
  'accept-language' => 'zh-CN,zh;q=0.8',
  'accept-encoding' => 'gzip, deflate, sdch',
  'referer' => 'http://blog.sppcms.com/douniu.php',
  'accept' => '*/*',
  'user-agent' => 'Mozilla/5.0 (Windows NT 10.0; WOW64) AppleWebKit/537.36 (KHTML, like Gecko) Chrome/50.0.2661.102 Safari/537.36',
  'connection' => 'keep-alive',
  'host' => 'blog.sppcms.com',
  'content-type' => '',
  'content-length' => '',
)
[ info ] [ PARAM ] array (
)
[ info ] [ RUN ] app\index\controller\Error->_empty[ /home/wwwroot/blog.sppcms.com/application/index/controller/Error.php ]
[ info ] [ LOG ] INIT File

---------------------------------------------------------------
[ 2017-06-27T00:18:49+08:00 ] 121.42.29.115 101.247.222.113 GET /favicon.ico
[ log ] blog.sppcms.com/favicon.ico [运行时间：0.019681s][吞吐率：50.81req/s] [内存消耗：1,281.21kb] [文件加载：37]
[ info ] [ LANG ] /home/wwwroot/blog.sppcms.com/thinkphp/lang/zh-cn.php
[ info ] [ BIND ] 'index'
[ info ] [ ROUTE ] array (
  'type' => 'module',
  'module' => 
  array (
    0 => 'index',
    1 => 'favicon.ico',
    2 => NULL,
  ),
)
[ info ] [ HEADER ] array (
  'cookie' => 'PHPSESSID=lubs9p5tp9ahnb4vula3h4a9p4',
  'accept-language' => 'zh-CN,zh;q=0.8',
  'accept-encoding' => 'gzip, deflate, sdch',
  'referer' => 'http://blog.sppcms.com/douniu.php',
  'accept' => '*/*',
  'user-agent' => 'Mozilla/5.0 (Windows NT 10.0; WOW64) AppleWebKit/537.36 (KHTML, like Gecko) Chrome/50.0.2661.102 Safari/537.36',
  'connection' => 'keep-alive',
  'host' => 'blog.sppcms.com',
  'content-type' => '',
  'content-length' => '',
)
[ info ] [ PARAM ] array (
)
[ info ] [ RUN ] app\index\controller\Error->_empty[ /home/wwwroot/blog.sppcms.com/application/index/controller/Error.php ]
[ info ] [ LOG ] INIT File

---------------------------------------------------------------
[ 2017-06-27T00:19:36+08:00 ] 121.42.29.115 101.247.222.113 GET /favicon.ico
[ log ] blog.sppcms.com/favicon.ico [运行时间：0.019252s][吞吐率：51.94req/s] [内存消耗：1,281.21kb] [文件加载：37]
[ info ] [ LANG ] /home/wwwroot/blog.sppcms.com/thinkphp/lang/zh-cn.php
[ info ] [ BIND ] 'index'
[ info ] [ ROUTE ] array (
  'type' => 'module',
  'module' => 
  array (
    0 => 'index',
    1 => 'favicon.ico',
    2 => NULL,
  ),
)
[ info ] [ HEADER ] array (
  'cookie' => 'PHPSESSID=lubs9p5tp9ahnb4vula3h4a9p4',
  'accept-language' => 'zh-CN,zh;q=0.8',
  'accept-encoding' => 'gzip, deflate, sdch',
  'referer' => 'http://blog.sppcms.com/douniu.php',
  'accept' => '*/*',
  'user-agent' => 'Mozilla/5.0 (Windows NT 10.0; WOW64) AppleWebKit/537.36 (KHTML, like Gecko) Chrome/50.0.2661.102 Safari/537.36',
  'connection' => 'keep-alive',
  'host' => 'blog.sppcms.com',
  'content-type' => '',
  'content-length' => '',
)
[ info ] [ PARAM ] array (
)
[ info ] [ RUN ] app\index\controller\Error->_empty[ /home/wwwroot/blog.sppcms.com/application/index/controller/Error.php ]
[ info ] [ LOG ] INIT File

---------------------------------------------------------------
[ 2017-06-27T00:19:38+08:00 ] 121.42.29.115 101.247.222.113 GET /favicon.ico
[ log ] blog.sppcms.com/favicon.ico [运行时间：0.019997s][吞吐率：50.01req/s] [内存消耗：1,281.21kb] [文件加载：37]
[ info ] [ LANG ] /home/wwwroot/blog.sppcms.com/thinkphp/lang/zh-cn.php
[ info ] [ BIND ] 'index'
[ info ] [ ROUTE ] array (
  'type' => 'module',
  'module' => 
  array (
    0 => 'index',
    1 => 'favicon.ico',
    2 => NULL,
  ),
)
[ info ] [ HEADER ] array (
  'cookie' => 'PHPSESSID=lubs9p5tp9ahnb4vula3h4a9p4',
  'accept-language' => 'zh-CN,zh;q=0.8',
  'accept-encoding' => 'gzip, deflate, sdch',
  'referer' => 'http://blog.sppcms.com/douniu.php',
  'accept' => '*/*',
  'user-agent' => 'Mozilla/5.0 (Windows NT 10.0; WOW64) AppleWebKit/537.36 (KHTML, like Gecko) Chrome/50.0.2661.102 Safari/537.36',
  'connection' => 'keep-alive',
  'host' => 'blog.sppcms.com',
  'content-type' => '',
  'content-length' => '',
)
[ info ] [ PARAM ] array (
)
[ info ] [ RUN ] app\index\controller\Error->_empty[ /home/wwwroot/blog.sppcms.com/application/index/controller/Error.php ]
[ info ] [ LOG ] INIT File

---------------------------------------------------------------
[ 2017-06-27T00:19:38+08:00 ] 121.42.29.115 101.247.222.113 GET /favicon.ico
[ log ] blog.sppcms.com/favicon.ico [运行时间：0.020273s][吞吐率：49.33req/s] [内存消耗：1,281.21kb] [文件加载：37]
[ info ] [ LANG ] /home/wwwroot/blog.sppcms.com/thinkphp/lang/zh-cn.php
[ info ] [ BIND ] 'index'
[ info ] [ ROUTE ] array (
  'type' => 'module',
  'module' => 
  array (
    0 => 'index',
    1 => 'favicon.ico',
    2 => NULL,
  ),
)
[ info ] [ HEADER ] array (
  'cookie' => 'PHPSESSID=lubs9p5tp9ahnb4vula3h4a9p4',
  'accept-language' => 'zh-CN,zh;q=0.8',
  'accept-encoding' => 'gzip, deflate, sdch',
  'referer' => 'http://blog.sppcms.com/douniu.php',
  'accept' => '*/*',
  'user-agent' => 'Mozilla/5.0 (Windows NT 10.0; WOW64) AppleWebKit/537.36 (KHTML, like Gecko) Chrome/50.0.2661.102 Safari/537.36',
  'connection' => 'keep-alive',
  'host' => 'blog.sppcms.com',
  'content-type' => '',
  'content-length' => '',
)
[ info ] [ PARAM ] array (
)
[ info ] [ RUN ] app\index\controller\Error->_empty[ /home/wwwroot/blog.sppcms.com/application/index/controller/Error.php ]
[ info ] [ LOG ] INIT File

---------------------------------------------------------------
[ 2017-06-27T00:19:42+08:00 ] 121.42.29.115 101.247.222.113 GET /favicon.ico
[ log ] blog.sppcms.com/favicon.ico [运行时间：0.019632s][吞吐率：50.94req/s] [内存消耗：1,281.21kb] [文件加载：37]
[ info ] [ LANG ] /home/wwwroot/blog.sppcms.com/thinkphp/lang/zh-cn.php
[ info ] [ BIND ] 'index'
[ info ] [ ROUTE ] array (
  'type' => 'module',
  'module' => 
  array (
    0 => 'index',
    1 => 'favicon.ico',
    2 => NULL,
  ),
)
[ info ] [ HEADER ] array (
  'cookie' => 'PHPSESSID=lubs9p5tp9ahnb4vula3h4a9p4',
  'accept-language' => 'zh-CN,zh;q=0.8',
  'accept-encoding' => 'gzip, deflate, sdch',
  'referer' => 'http://blog.sppcms.com/douniu.php',
  'accept' => '*/*',
  'user-agent' => 'Mozilla/5.0 (Windows NT 10.0; WOW64) AppleWebKit/537.36 (KHTML, like Gecko) Chrome/50.0.2661.102 Safari/537.36',
  'connection' => 'keep-alive',
  'host' => 'blog.sppcms.com',
  'content-type' => '',
  'content-length' => '',
)
[ info ] [ PARAM ] array (
)
[ info ] [ RUN ] app\index\controller\Error->_empty[ /home/wwwroot/blog.sppcms.com/application/index/controller/Error.php ]
[ info ] [ LOG ] INIT File

---------------------------------------------------------------
[ 2017-06-27T00:19:43+08:00 ] 121.42.29.115 101.247.222.113 GET /favicon.ico
[ log ] blog.sppcms.com/favicon.ico [运行时间：0.019120s][吞吐率：52.30req/s] [内存消耗：1,281.21kb] [文件加载：37]
[ info ] [ LANG ] /home/wwwroot/blog.sppcms.com/thinkphp/lang/zh-cn.php
[ info ] [ BIND ] 'index'
[ info ] [ ROUTE ] array (
  'type' => 'module',
  'module' => 
  array (
    0 => 'index',
    1 => 'favicon.ico',
    2 => NULL,
  ),
)
[ info ] [ HEADER ] array (
  'cookie' => 'PHPSESSID=lubs9p5tp9ahnb4vula3h4a9p4',
  'accept-language' => 'zh-CN,zh;q=0.8',
  'accept-encoding' => 'gzip, deflate, sdch',
  'referer' => 'http://blog.sppcms.com/douniu.php',
  'accept' => '*/*',
  'user-agent' => 'Mozilla/5.0 (Windows NT 10.0; WOW64) AppleWebKit/537.36 (KHTML, like Gecko) Chrome/50.0.2661.102 Safari/537.36',
  'connection' => 'keep-alive',
  'host' => 'blog.sppcms.com',
  'content-type' => '',
  'content-length' => '',
)
[ info ] [ PARAM ] array (
)
[ info ] [ RUN ] app\index\controller\Error->_empty[ /home/wwwroot/blog.sppcms.com/application/index/controller/Error.php ]
[ info ] [ LOG ] INIT File

---------------------------------------------------------------
[ 2017-06-27T00:19:44+08:00 ] 121.42.29.115 101.247.222.113 GET /favicon.ico
[ log ] blog.sppcms.com/favicon.ico [运行时间：0.019777s][吞吐率：50.56req/s] [内存消耗：1,281.21kb] [文件加载：37]
[ info ] [ LANG ] /home/wwwroot/blog.sppcms.com/thinkphp/lang/zh-cn.php
[ info ] [ BIND ] 'index'
[ info ] [ ROUTE ] array (
  'type' => 'module',
  'module' => 
  array (
    0 => 'index',
    1 => 'favicon.ico',
    2 => NULL,
  ),
)
[ info ] [ HEADER ] array (
  'cookie' => 'PHPSESSID=lubs9p5tp9ahnb4vula3h4a9p4',
  'accept-language' => 'zh-CN,zh;q=0.8',
  'accept-encoding' => 'gzip, deflate, sdch',
  'referer' => 'http://blog.sppcms.com/douniu.php',
  'accept' => '*/*',
  'user-agent' => 'Mozilla/5.0 (Windows NT 10.0; WOW64) AppleWebKit/537.36 (KHTML, like Gecko) Chrome/50.0.2661.102 Safari/537.36',
  'connection' => 'keep-alive',
  'host' => 'blog.sppcms.com',
  'content-type' => '',
  'content-length' => '',
)
[ info ] [ PARAM ] array (
)
[ info ] [ RUN ] app\index\controller\Error->_empty[ /home/wwwroot/blog.sppcms.com/application/index/controller/Error.php ]
[ info ] [ LOG ] INIT File

---------------------------------------------------------------
[ 2017-06-27T00:19:45+08:00 ] 121.42.29.115 101.247.222.113 GET /favicon.ico
[ log ] blog.sppcms.com/favicon.ico [运行时间：0.019299s][吞吐率：51.82req/s] [内存消耗：1,281.21kb] [文件加载：37]
[ info ] [ LANG ] /home/wwwroot/blog.sppcms.com/thinkphp/lang/zh-cn.php
[ info ] [ BIND ] 'index'
[ info ] [ ROUTE ] array (
  'type' => 'module',
  'module' => 
  array (
    0 => 'index',
    1 => 'favicon.ico',
    2 => NULL,
  ),
)
[ info ] [ HEADER ] array (
  'cookie' => 'PHPSESSID=lubs9p5tp9ahnb4vula3h4a9p4',
  'accept-language' => 'zh-CN,zh;q=0.8',
  'accept-encoding' => 'gzip, deflate, sdch',
  'referer' => 'http://blog.sppcms.com/douniu.php',
  'accept' => '*/*',
  'user-agent' => 'Mozilla/5.0 (Windows NT 10.0; WOW64) AppleWebKit/537.36 (KHTML, like Gecko) Chrome/50.0.2661.102 Safari/537.36',
  'connection' => 'keep-alive',
  'host' => 'blog.sppcms.com',
  'content-type' => '',
  'content-length' => '',
)
[ info ] [ PARAM ] array (
)
[ info ] [ RUN ] app\index\controller\Error->_empty[ /home/wwwroot/blog.sppcms.com/application/index/controller/Error.php ]
[ info ] [ LOG ] INIT File

---------------------------------------------------------------
[ 2017-06-27T00:19:47+08:00 ] 121.42.29.115 101.247.222.113 GET /favicon.ico
[ log ] blog.sppcms.com/favicon.ico [运行时间：0.020374s][吞吐率：49.08req/s] [内存消耗：1,281.21kb] [文件加载：37]
[ info ] [ LANG ] /home/wwwroot/blog.sppcms.com/thinkphp/lang/zh-cn.php
[ info ] [ BIND ] 'index'
[ info ] [ ROUTE ] array (
  'type' => 'module',
  'module' => 
  array (
    0 => 'index',
    1 => 'favicon.ico',
    2 => NULL,
  ),
)
[ info ] [ HEADER ] array (
  'cookie' => 'PHPSESSID=lubs9p5tp9ahnb4vula3h4a9p4',
  'accept-language' => 'zh-CN,zh;q=0.8',
  'accept-encoding' => 'gzip, deflate, sdch',
  'referer' => 'http://blog.sppcms.com/douniu.php',
  'accept' => '*/*',
  'user-agent' => 'Mozilla/5.0 (Windows NT 10.0; WOW64) AppleWebKit/537.36 (KHTML, like Gecko) Chrome/50.0.2661.102 Safari/537.36',
  'connection' => 'keep-alive',
  'host' => 'blog.sppcms.com',
  'content-type' => '',
  'content-length' => '',
)
[ info ] [ PARAM ] array (
)
[ info ] [ RUN ] app\index\controller\Error->_empty[ /home/wwwroot/blog.sppcms.com/application/index/controller/Error.php ]
[ info ] [ LOG ] INIT File

---------------------------------------------------------------
[ 2017-06-27T00:19:48+08:00 ] 121.42.29.115 101.247.222.113 GET /favicon.ico
[ log ] blog.sppcms.com/favicon.ico [运行时间：0.019308s][吞吐率：51.79req/s] [内存消耗：1,281.21kb] [文件加载：37]
[ info ] [ LANG ] /home/wwwroot/blog.sppcms.com/thinkphp/lang/zh-cn.php
[ info ] [ BIND ] 'index'
[ info ] [ ROUTE ] array (
  'type' => 'module',
  'module' => 
  array (
    0 => 'index',
    1 => 'favicon.ico',
    2 => NULL,
  ),
)
[ info ] [ HEADER ] array (
  'cookie' => 'PHPSESSID=lubs9p5tp9ahnb4vula3h4a9p4',
  'accept-language' => 'zh-CN,zh;q=0.8',
  'accept-encoding' => 'gzip, deflate, sdch',
  'referer' => 'http://blog.sppcms.com/douniu.php',
  'accept' => '*/*',
  'user-agent' => 'Mozilla/5.0 (Windows NT 10.0; WOW64) AppleWebKit/537.36 (KHTML, like Gecko) Chrome/50.0.2661.102 Safari/537.36',
  'connection' => 'keep-alive',
  'host' => 'blog.sppcms.com',
  'content-type' => '',
  'content-length' => '',
)
[ info ] [ PARAM ] array (
)
[ info ] [ RUN ] app\index\controller\Error->_empty[ /home/wwwroot/blog.sppcms.com/application/index/controller/Error.php ]
[ info ] [ LOG ] INIT File

---------------------------------------------------------------
[ 2017-06-27T00:19:48+08:00 ] 121.42.29.115 101.247.222.113 GET /favicon.ico
[ log ] blog.sppcms.com/favicon.ico [运行时间：0.020719s][吞吐率：48.26req/s] [内存消耗：1,281.21kb] [文件加载：37]
[ info ] [ LANG ] /home/wwwroot/blog.sppcms.com/thinkphp/lang/zh-cn.php
[ info ] [ BIND ] 'index'
[ info ] [ ROUTE ] array (
  'type' => 'module',
  'module' => 
  array (
    0 => 'index',
    1 => 'favicon.ico',
    2 => NULL,
  ),
)
[ info ] [ HEADER ] array (
  'cookie' => 'PHPSESSID=lubs9p5tp9ahnb4vula3h4a9p4',
  'accept-language' => 'zh-CN,zh;q=0.8',
  'accept-encoding' => 'gzip, deflate, sdch',
  'referer' => 'http://blog.sppcms.com/douniu.php',
  'accept' => '*/*',
  'user-agent' => 'Mozilla/5.0 (Windows NT 10.0; WOW64) AppleWebKit/537.36 (KHTML, like Gecko) Chrome/50.0.2661.102 Safari/537.36',
  'connection' => 'keep-alive',
  'host' => 'blog.sppcms.com',
  'content-type' => '',
  'content-length' => '',
)
[ info ] [ PARAM ] array (
)
[ info ] [ RUN ] app\index\controller\Error->_empty[ /home/wwwroot/blog.sppcms.com/application/index/controller/Error.php ]
[ info ] [ LOG ] INIT File

---------------------------------------------------------------
[ 2017-06-27T00:19:49+08:00 ] 121.42.29.115 101.247.222.113 GET /favicon.ico
[ log ] blog.sppcms.com/favicon.ico [运行时间：0.019383s][吞吐率：51.59req/s] [内存消耗：1,281.21kb] [文件加载：37]
[ info ] [ LANG ] /home/wwwroot/blog.sppcms.com/thinkphp/lang/zh-cn.php
[ info ] [ BIND ] 'index'
[ info ] [ ROUTE ] array (
  'type' => 'module',
  'module' => 
  array (
    0 => 'index',
    1 => 'favicon.ico',
    2 => NULL,
  ),
)
[ info ] [ HEADER ] array (
  'cookie' => 'PHPSESSID=lubs9p5tp9ahnb4vula3h4a9p4',
  'accept-language' => 'zh-CN,zh;q=0.8',
  'accept-encoding' => 'gzip, deflate, sdch',
  'referer' => 'http://blog.sppcms.com/douniu.php',
  'accept' => '*/*',
  'user-agent' => 'Mozilla/5.0 (Windows NT 10.0; WOW64) AppleWebKit/537.36 (KHTML, like Gecko) Chrome/50.0.2661.102 Safari/537.36',
  'connection' => 'keep-alive',
  'host' => 'blog.sppcms.com',
  'content-type' => '',
  'content-length' => '',
)
[ info ] [ PARAM ] array (
)
[ info ] [ RUN ] app\index\controller\Error->_empty[ /home/wwwroot/blog.sppcms.com/application/index/controller/Error.php ]
[ info ] [ LOG ] INIT File

---------------------------------------------------------------
[ 2017-06-27T00:19:49+08:00 ] 121.42.29.115 101.247.222.113 GET /favicon.ico
[ log ] blog.sppcms.com/favicon.ico [运行时间：0.020205s][吞吐率：49.49req/s] [内存消耗：1,281.21kb] [文件加载：37]
[ info ] [ LANG ] /home/wwwroot/blog.sppcms.com/thinkphp/lang/zh-cn.php
[ info ] [ BIND ] 'index'
[ info ] [ ROUTE ] array (
  'type' => 'module',
  'module' => 
  array (
    0 => 'index',
    1 => 'favicon.ico',
    2 => NULL,
  ),
)
[ info ] [ HEADER ] array (
  'cookie' => 'PHPSESSID=lubs9p5tp9ahnb4vula3h4a9p4',
  'accept-language' => 'zh-CN,zh;q=0.8',
  'accept-encoding' => 'gzip, deflate, sdch',
  'referer' => 'http://blog.sppcms.com/douniu.php',
  'accept' => '*/*',
  'user-agent' => 'Mozilla/5.0 (Windows NT 10.0; WOW64) AppleWebKit/537.36 (KHTML, like Gecko) Chrome/50.0.2661.102 Safari/537.36',
  'connection' => 'keep-alive',
  'host' => 'blog.sppcms.com',
  'content-type' => '',
  'content-length' => '',
)
[ info ] [ PARAM ] array (
)
[ info ] [ RUN ] app\index\controller\Error->_empty[ /home/wwwroot/blog.sppcms.com/application/index/controller/Error.php ]
[ info ] [ LOG ] INIT File

---------------------------------------------------------------
[ 2017-06-27T00:19:54+08:00 ] 121.42.29.115 101.247.222.113 GET /favicon.ico
[ log ] blog.sppcms.com/favicon.ico [运行时间：0.019205s][吞吐率：52.07req/s] [内存消耗：1,281.21kb] [文件加载：37]
[ info ] [ LANG ] /home/wwwroot/blog.sppcms.com/thinkphp/lang/zh-cn.php
[ info ] [ BIND ] 'index'
[ info ] [ ROUTE ] array (
  'type' => 'module',
  'module' => 
  array (
    0 => 'index',
    1 => 'favicon.ico',
    2 => NULL,
  ),
)
[ info ] [ HEADER ] array (
  'cookie' => 'PHPSESSID=lubs9p5tp9ahnb4vula3h4a9p4',
  'accept-language' => 'zh-CN,zh;q=0.8',
  'accept-encoding' => 'gzip, deflate, sdch',
  'referer' => 'http://blog.sppcms.com/douniu.php',
  'accept' => '*/*',
  'user-agent' => 'Mozilla/5.0 (Windows NT 10.0; WOW64) AppleWebKit/537.36 (KHTML, like Gecko) Chrome/50.0.2661.102 Safari/537.36',
  'connection' => 'keep-alive',
  'host' => 'blog.sppcms.com',
  'content-type' => '',
  'content-length' => '',
)
[ info ] [ PARAM ] array (
)
[ info ] [ RUN ] app\index\controller\Error->_empty[ /home/wwwroot/blog.sppcms.com/application/index/controller/Error.php ]
[ info ] [ LOG ] INIT File

---------------------------------------------------------------
[ 2017-06-27T00:19:55+08:00 ] 121.42.29.115 101.247.222.113 GET /favicon.ico
[ log ] blog.sppcms.com/favicon.ico [运行时间：0.021779s][吞吐率：45.92req/s] [内存消耗：1,281.21kb] [文件加载：37]
[ info ] [ LANG ] /home/wwwroot/blog.sppcms.com/thinkphp/lang/zh-cn.php
[ info ] [ BIND ] 'index'
[ info ] [ ROUTE ] array (
  'type' => 'module',
  'module' => 
  array (
    0 => 'index',
    1 => 'favicon.ico',
    2 => NULL,
  ),
)
[ info ] [ HEADER ] array (
  'cookie' => 'PHPSESSID=lubs9p5tp9ahnb4vula3h4a9p4',
  'accept-language' => 'zh-CN,zh;q=0.8',
  'accept-encoding' => 'gzip, deflate, sdch',
  'referer' => 'http://blog.sppcms.com/douniu.php',
  'accept' => '*/*',
  'user-agent' => 'Mozilla/5.0 (Windows NT 10.0; WOW64) AppleWebKit/537.36 (KHTML, like Gecko) Chrome/50.0.2661.102 Safari/537.36',
  'connection' => 'keep-alive',
  'host' => 'blog.sppcms.com',
  'content-type' => '',
  'content-length' => '',
)
[ info ] [ PARAM ] array (
)
[ info ] [ RUN ] app\index\controller\Error->_empty[ /home/wwwroot/blog.sppcms.com/application/index/controller/Error.php ]
[ info ] [ LOG ] INIT File

---------------------------------------------------------------
[ 2017-06-27T00:19:56+08:00 ] 121.42.29.115 101.247.222.113 GET /favicon.ico
[ log ] blog.sppcms.com/favicon.ico [运行时间：0.019536s][吞吐率：51.19req/s] [内存消耗：1,281.21kb] [文件加载：37]
[ info ] [ LANG ] /home/wwwroot/blog.sppcms.com/thinkphp/lang/zh-cn.php
[ info ] [ BIND ] 'index'
[ info ] [ ROUTE ] array (
  'type' => 'module',
  'module' => 
  array (
    0 => 'index',
    1 => 'favicon.ico',
    2 => NULL,
  ),
)
[ info ] [ HEADER ] array (
  'cookie' => 'PHPSESSID=lubs9p5tp9ahnb4vula3h4a9p4',
  'accept-language' => 'zh-CN,zh;q=0.8',
  'accept-encoding' => 'gzip, deflate, sdch',
  'referer' => 'http://blog.sppcms.com/douniu.php',
  'accept' => '*/*',
  'user-agent' => 'Mozilla/5.0 (Windows NT 10.0; WOW64) AppleWebKit/537.36 (KHTML, like Gecko) Chrome/50.0.2661.102 Safari/537.36',
  'connection' => 'keep-alive',
  'host' => 'blog.sppcms.com',
  'content-type' => '',
  'content-length' => '',
)
[ info ] [ PARAM ] array (
)
[ info ] [ RUN ] app\index\controller\Error->_empty[ /home/wwwroot/blog.sppcms.com/application/index/controller/Error.php ]
[ info ] [ LOG ] INIT File

---------------------------------------------------------------
[ 2017-06-27T00:19:56+08:00 ] 121.42.29.115 101.247.222.113 GET /favicon.ico
[ log ] blog.sppcms.com/favicon.ico [运行时间：0.019597s][吞吐率：51.03req/s] [内存消耗：1,281.21kb] [文件加载：37]
[ info ] [ LANG ] /home/wwwroot/blog.sppcms.com/thinkphp/lang/zh-cn.php
[ info ] [ BIND ] 'index'
[ info ] [ ROUTE ] array (
  'type' => 'module',
  'module' => 
  array (
    0 => 'index',
    1 => 'favicon.ico',
    2 => NULL,
  ),
)
[ info ] [ HEADER ] array (
  'cookie' => 'PHPSESSID=lubs9p5tp9ahnb4vula3h4a9p4',
  'accept-language' => 'zh-CN,zh;q=0.8',
  'accept-encoding' => 'gzip, deflate, sdch',
  'referer' => 'http://blog.sppcms.com/douniu.php',
  'accept' => '*/*',
  'user-agent' => 'Mozilla/5.0 (Windows NT 10.0; WOW64) AppleWebKit/537.36 (KHTML, like Gecko) Chrome/50.0.2661.102 Safari/537.36',
  'connection' => 'keep-alive',
  'host' => 'blog.sppcms.com',
  'content-type' => '',
  'content-length' => '',
)
[ info ] [ PARAM ] array (
)
[ info ] [ RUN ] app\index\controller\Error->_empty[ /home/wwwroot/blog.sppcms.com/application/index/controller/Error.php ]
[ info ] [ LOG ] INIT File

---------------------------------------------------------------
[ 2017-06-27T00:19:57+08:00 ] 121.42.29.115 101.247.222.113 GET /favicon.ico
[ log ] blog.sppcms.com/favicon.ico [运行时间：0.020143s][吞吐率：49.64req/s] [内存消耗：1,281.21kb] [文件加载：37]
[ info ] [ LANG ] /home/wwwroot/blog.sppcms.com/thinkphp/lang/zh-cn.php
[ info ] [ BIND ] 'index'
[ info ] [ ROUTE ] array (
  'type' => 'module',
  'module' => 
  array (
    0 => 'index',
    1 => 'favicon.ico',
    2 => NULL,
  ),
)
[ info ] [ HEADER ] array (
  'cookie' => 'PHPSESSID=lubs9p5tp9ahnb4vula3h4a9p4',
  'accept-language' => 'zh-CN,zh;q=0.8',
  'accept-encoding' => 'gzip, deflate, sdch',
  'referer' => 'http://blog.sppcms.com/douniu.php',
  'accept' => '*/*',
  'user-agent' => 'Mozilla/5.0 (Windows NT 10.0; WOW64) AppleWebKit/537.36 (KHTML, like Gecko) Chrome/50.0.2661.102 Safari/537.36',
  'connection' => 'keep-alive',
  'host' => 'blog.sppcms.com',
  'content-type' => '',
  'content-length' => '',
)
[ info ] [ PARAM ] array (
)
[ info ] [ RUN ] app\index\controller\Error->_empty[ /home/wwwroot/blog.sppcms.com/application/index/controller/Error.php ]
[ info ] [ LOG ] INIT File

---------------------------------------------------------------
[ 2017-06-27T00:19:57+08:00 ] 121.42.29.115 101.247.222.113 GET /favicon.ico
[ log ] blog.sppcms.com/favicon.ico [运行时间：0.020680s][吞吐率：48.36req/s] [内存消耗：1,281.21kb] [文件加载：37]
[ info ] [ LANG ] /home/wwwroot/blog.sppcms.com/thinkphp/lang/zh-cn.php
[ info ] [ BIND ] 'index'
[ info ] [ ROUTE ] array (
  'type' => 'module',
  'module' => 
  array (
    0 => 'index',
    1 => 'favicon.ico',
    2 => NULL,
  ),
)
[ info ] [ HEADER ] array (
  'cookie' => 'PHPSESSID=lubs9p5tp9ahnb4vula3h4a9p4',
  'accept-language' => 'zh-CN,zh;q=0.8',
  'accept-encoding' => 'gzip, deflate, sdch',
  'referer' => 'http://blog.sppcms.com/douniu.php',
  'accept' => '*/*',
  'user-agent' => 'Mozilla/5.0 (Windows NT 10.0; WOW64) AppleWebKit/537.36 (KHTML, like Gecko) Chrome/50.0.2661.102 Safari/537.36',
  'connection' => 'keep-alive',
  'host' => 'blog.sppcms.com',
  'content-type' => '',
  'content-length' => '',
)
[ info ] [ PARAM ] array (
)
[ info ] [ RUN ] app\index\controller\Error->_empty[ /home/wwwroot/blog.sppcms.com/application/index/controller/Error.php ]
[ info ] [ LOG ] INIT File

---------------------------------------------------------------
[ 2017-06-27T00:19:58+08:00 ] 121.42.29.115 101.247.222.113 GET /favicon.ico
[ log ] blog.sppcms.com/favicon.ico [运行时间：0.020185s][吞吐率：49.54req/s] [内存消耗：1,281.21kb] [文件加载：37]
[ info ] [ LANG ] /home/wwwroot/blog.sppcms.com/thinkphp/lang/zh-cn.php
[ info ] [ BIND ] 'index'
[ info ] [ ROUTE ] array (
  'type' => 'module',
  'module' => 
  array (
    0 => 'index',
    1 => 'favicon.ico',
    2 => NULL,
  ),
)
[ info ] [ HEADER ] array (
  'cookie' => 'PHPSESSID=lubs9p5tp9ahnb4vula3h4a9p4',
  'accept-language' => 'zh-CN,zh;q=0.8',
  'accept-encoding' => 'gzip, deflate, sdch',
  'referer' => 'http://blog.sppcms.com/douniu.php',
  'accept' => '*/*',
  'user-agent' => 'Mozilla/5.0 (Windows NT 10.0; WOW64) AppleWebKit/537.36 (KHTML, like Gecko) Chrome/50.0.2661.102 Safari/537.36',
  'connection' => 'keep-alive',
  'host' => 'blog.sppcms.com',
  'content-type' => '',
  'content-length' => '',
)
[ info ] [ PARAM ] array (
)
[ info ] [ RUN ] app\index\controller\Error->_empty[ /home/wwwroot/blog.sppcms.com/application/index/controller/Error.php ]
[ info ] [ LOG ] INIT File

---------------------------------------------------------------
[ 2017-06-27T00:19:59+08:00 ] 121.42.29.115 101.247.222.113 GET /favicon.ico
[ log ] blog.sppcms.com/favicon.ico [运行时间：0.020277s][吞吐率：49.32req/s] [内存消耗：1,281.21kb] [文件加载：37]
[ info ] [ LANG ] /home/wwwroot/blog.sppcms.com/thinkphp/lang/zh-cn.php
[ info ] [ BIND ] 'index'
[ info ] [ ROUTE ] array (
  'type' => 'module',
  'module' => 
  array (
    0 => 'index',
    1 => 'favicon.ico',
    2 => NULL,
  ),
)
[ info ] [ HEADER ] array (
  'cookie' => 'PHPSESSID=lubs9p5tp9ahnb4vula3h4a9p4',
  'accept-language' => 'zh-CN,zh;q=0.8',
  'accept-encoding' => 'gzip, deflate, sdch',
  'referer' => 'http://blog.sppcms.com/douniu.php',
  'accept' => '*/*',
  'user-agent' => 'Mozilla/5.0 (Windows NT 10.0; WOW64) AppleWebKit/537.36 (KHTML, like Gecko) Chrome/50.0.2661.102 Safari/537.36',
  'connection' => 'keep-alive',
  'host' => 'blog.sppcms.com',
  'content-type' => '',
  'content-length' => '',
)
[ info ] [ PARAM ] array (
)
[ info ] [ RUN ] app\index\controller\Error->_empty[ /home/wwwroot/blog.sppcms.com/application/index/controller/Error.php ]
[ info ] [ LOG ] INIT File

---------------------------------------------------------------
[ 2017-06-27T00:20:04+08:00 ] 121.42.29.115 101.247.222.113 GET /favicon.ico
[ log ] blog.sppcms.com/favicon.ico [运行时间：0.018823s][吞吐率：53.13req/s] [内存消耗：1,281.21kb] [文件加载：37]
[ info ] [ LANG ] /home/wwwroot/blog.sppcms.com/thinkphp/lang/zh-cn.php
[ info ] [ BIND ] 'index'
[ info ] [ ROUTE ] array (
  'type' => 'module',
  'module' => 
  array (
    0 => 'index',
    1 => 'favicon.ico',
    2 => NULL,
  ),
)
[ info ] [ HEADER ] array (
  'cookie' => 'PHPSESSID=lubs9p5tp9ahnb4vula3h4a9p4',
  'accept-language' => 'zh-CN,zh;q=0.8',
  'accept-encoding' => 'gzip, deflate, sdch',
  'referer' => 'http://blog.sppcms.com/douniu.php',
  'accept' => '*/*',
  'user-agent' => 'Mozilla/5.0 (Windows NT 10.0; WOW64) AppleWebKit/537.36 (KHTML, like Gecko) Chrome/50.0.2661.102 Safari/537.36',
  'connection' => 'keep-alive',
  'host' => 'blog.sppcms.com',
  'content-type' => '',
  'content-length' => '',
)
[ info ] [ PARAM ] array (
)
[ info ] [ RUN ] app\index\controller\Error->_empty[ /home/wwwroot/blog.sppcms.com/application/index/controller/Error.php ]
[ info ] [ LOG ] INIT File

---------------------------------------------------------------
[ 2017-06-27T00:20:05+08:00 ] 121.42.29.115 101.247.222.113 GET /favicon.ico
[ log ] blog.sppcms.com/favicon.ico [运行时间：0.020984s][吞吐率：47.66req/s] [内存消耗：1,281.21kb] [文件加载：37]
[ info ] [ LANG ] /home/wwwroot/blog.sppcms.com/thinkphp/lang/zh-cn.php
[ info ] [ BIND ] 'index'
[ info ] [ ROUTE ] array (
  'type' => 'module',
  'module' => 
  array (
    0 => 'index',
    1 => 'favicon.ico',
    2 => NULL,
  ),
)
[ info ] [ HEADER ] array (
  'cookie' => 'PHPSESSID=lubs9p5tp9ahnb4vula3h4a9p4',
  'accept-language' => 'zh-CN,zh;q=0.8',
  'accept-encoding' => 'gzip, deflate, sdch',
  'referer' => 'http://blog.sppcms.com/douniu.php',
  'accept' => '*/*',
  'user-agent' => 'Mozilla/5.0 (Windows NT 10.0; WOW64) AppleWebKit/537.36 (KHTML, like Gecko) Chrome/50.0.2661.102 Safari/537.36',
  'connection' => 'keep-alive',
  'host' => 'blog.sppcms.com',
  'content-type' => '',
  'content-length' => '',
)
[ info ] [ PARAM ] array (
)
[ info ] [ RUN ] app\index\controller\Error->_empty[ /home/wwwroot/blog.sppcms.com/application/index/controller/Error.php ]
[ info ] [ LOG ] INIT File

---------------------------------------------------------------
[ 2017-06-27T00:20:06+08:00 ] 121.42.29.115 101.247.222.113 GET /favicon.ico
[ log ] blog.sppcms.com/favicon.ico [运行时间：0.019835s][吞吐率：50.42req/s] [内存消耗：1,281.21kb] [文件加载：37]
[ info ] [ LANG ] /home/wwwroot/blog.sppcms.com/thinkphp/lang/zh-cn.php
[ info ] [ BIND ] 'index'
[ info ] [ ROUTE ] array (
  'type' => 'module',
  'module' => 
  array (
    0 => 'index',
    1 => 'favicon.ico',
    2 => NULL,
  ),
)
[ info ] [ HEADER ] array (
  'cookie' => 'PHPSESSID=lubs9p5tp9ahnb4vula3h4a9p4',
  'accept-language' => 'zh-CN,zh;q=0.8',
  'accept-encoding' => 'gzip, deflate, sdch',
  'referer' => 'http://blog.sppcms.com/douniu.php',
  'accept' => '*/*',
  'user-agent' => 'Mozilla/5.0 (Windows NT 10.0; WOW64) AppleWebKit/537.36 (KHTML, like Gecko) Chrome/50.0.2661.102 Safari/537.36',
  'connection' => 'keep-alive',
  'host' => 'blog.sppcms.com',
  'content-type' => '',
  'content-length' => '',
)
[ info ] [ PARAM ] array (
)
[ info ] [ RUN ] app\index\controller\Error->_empty[ /home/wwwroot/blog.sppcms.com/application/index/controller/Error.php ]
[ info ] [ LOG ] INIT File

---------------------------------------------------------------
[ 2017-06-27T00:20:07+08:00 ] 121.42.29.115 101.247.222.113 GET /favicon.ico
[ log ] blog.sppcms.com/favicon.ico [运行时间：0.021445s][吞吐率：46.63req/s] [内存消耗：1,281.21kb] [文件加载：37]
[ info ] [ LANG ] /home/wwwroot/blog.sppcms.com/thinkphp/lang/zh-cn.php
[ info ] [ BIND ] 'index'
[ info ] [ ROUTE ] array (
  'type' => 'module',
  'module' => 
  array (
    0 => 'index',
    1 => 'favicon.ico',
    2 => NULL,
  ),
)
[ info ] [ HEADER ] array (
  'cookie' => 'PHPSESSID=lubs9p5tp9ahnb4vula3h4a9p4',
  'accept-language' => 'zh-CN,zh;q=0.8',
  'accept-encoding' => 'gzip, deflate, sdch',
  'referer' => 'http://blog.sppcms.com/douniu.php',
  'accept' => '*/*',
  'user-agent' => 'Mozilla/5.0 (Windows NT 10.0; WOW64) AppleWebKit/537.36 (KHTML, like Gecko) Chrome/50.0.2661.102 Safari/537.36',
  'connection' => 'keep-alive',
  'host' => 'blog.sppcms.com',
  'content-type' => '',
  'content-length' => '',
)
[ info ] [ PARAM ] array (
)
[ info ] [ RUN ] app\index\controller\Error->_empty[ /home/wwwroot/blog.sppcms.com/application/index/controller/Error.php ]
[ info ] [ LOG ] INIT File

---------------------------------------------------------------
[ 2017-06-27T00:20:07+08:00 ] 121.42.29.115 101.247.222.113 GET /favicon.ico
[ log ] blog.sppcms.com/favicon.ico [运行时间：0.020234s][吞吐率：49.42req/s] [内存消耗：1,281.21kb] [文件加载：37]
[ info ] [ LANG ] /home/wwwroot/blog.sppcms.com/thinkphp/lang/zh-cn.php
[ info ] [ BIND ] 'index'
[ info ] [ ROUTE ] array (
  'type' => 'module',
  'module' => 
  array (
    0 => 'index',
    1 => 'favicon.ico',
    2 => NULL,
  ),
)
[ info ] [ HEADER ] array (
  'cookie' => 'PHPSESSID=lubs9p5tp9ahnb4vula3h4a9p4',
  'accept-language' => 'zh-CN,zh;q=0.8',
  'accept-encoding' => 'gzip, deflate, sdch',
  'referer' => 'http://blog.sppcms.com/douniu.php',
  'accept' => '*/*',
  'user-agent' => 'Mozilla/5.0 (Windows NT 10.0; WOW64) AppleWebKit/537.36 (KHTML, like Gecko) Chrome/50.0.2661.102 Safari/537.36',
  'connection' => 'keep-alive',
  'host' => 'blog.sppcms.com',
  'content-type' => '',
  'content-length' => '',
)
[ info ] [ PARAM ] array (
)
[ info ] [ RUN ] app\index\controller\Error->_empty[ /home/wwwroot/blog.sppcms.com/application/index/controller/Error.php ]
[ info ] [ LOG ] INIT File

---------------------------------------------------------------
[ 2017-06-27T00:20:08+08:00 ] 121.42.29.115 101.247.222.113 GET /favicon.ico
[ log ] blog.sppcms.com/favicon.ico [运行时间：0.019678s][吞吐率：50.82req/s] [内存消耗：1,281.21kb] [文件加载：37]
[ info ] [ LANG ] /home/wwwroot/blog.sppcms.com/thinkphp/lang/zh-cn.php
[ info ] [ BIND ] 'index'
[ info ] [ ROUTE ] array (
  'type' => 'module',
  'module' => 
  array (
    0 => 'index',
    1 => 'favicon.ico',
    2 => NULL,
  ),
)
[ info ] [ HEADER ] array (
  'cookie' => 'PHPSESSID=lubs9p5tp9ahnb4vula3h4a9p4',
  'accept-language' => 'zh-CN,zh;q=0.8',
  'accept-encoding' => 'gzip, deflate, sdch',
  'referer' => 'http://blog.sppcms.com/douniu.php',
  'accept' => '*/*',
  'user-agent' => 'Mozilla/5.0 (Windows NT 10.0; WOW64) AppleWebKit/537.36 (KHTML, like Gecko) Chrome/50.0.2661.102 Safari/537.36',
  'connection' => 'keep-alive',
  'host' => 'blog.sppcms.com',
  'content-type' => '',
  'content-length' => '',
)
[ info ] [ PARAM ] array (
)
[ info ] [ RUN ] app\index\controller\Error->_empty[ /home/wwwroot/blog.sppcms.com/application/index/controller/Error.php ]
[ info ] [ LOG ] INIT File

---------------------------------------------------------------
[ 2017-06-27T00:20:09+08:00 ] 121.42.29.115 101.247.222.113 GET /favicon.ico
[ log ] blog.sppcms.com/favicon.ico [运行时间：0.020099s][吞吐率：49.75req/s] [内存消耗：1,281.21kb] [文件加载：37]
[ info ] [ LANG ] /home/wwwroot/blog.sppcms.com/thinkphp/lang/zh-cn.php
[ info ] [ BIND ] 'index'
[ info ] [ ROUTE ] array (
  'type' => 'module',
  'module' => 
  array (
    0 => 'index',
    1 => 'favicon.ico',
    2 => NULL,
  ),
)
[ info ] [ HEADER ] array (
  'cookie' => 'PHPSESSID=lubs9p5tp9ahnb4vula3h4a9p4',
  'accept-language' => 'zh-CN,zh;q=0.8',
  'accept-encoding' => 'gzip, deflate, sdch',
  'referer' => 'http://blog.sppcms.com/douniu.php',
  'accept' => '*/*',
  'user-agent' => 'Mozilla/5.0 (Windows NT 10.0; WOW64) AppleWebKit/537.36 (KHTML, like Gecko) Chrome/50.0.2661.102 Safari/537.36',
  'connection' => 'keep-alive',
  'host' => 'blog.sppcms.com',
  'content-type' => '',
  'content-length' => '',
)
[ info ] [ PARAM ] array (
)
[ info ] [ RUN ] app\index\controller\Error->_empty[ /home/wwwroot/blog.sppcms.com/application/index/controller/Error.php ]
[ info ] [ LOG ] INIT File

---------------------------------------------------------------
[ 2017-06-27T00:20:10+08:00 ] 121.42.29.115 101.247.222.113 GET /favicon.ico
[ log ] blog.sppcms.com/favicon.ico [运行时间：0.019983s][吞吐率：50.04req/s] [内存消耗：1,281.21kb] [文件加载：37]
[ info ] [ LANG ] /home/wwwroot/blog.sppcms.com/thinkphp/lang/zh-cn.php
[ info ] [ BIND ] 'index'
[ info ] [ ROUTE ] array (
  'type' => 'module',
  'module' => 
  array (
    0 => 'index',
    1 => 'favicon.ico',
    2 => NULL,
  ),
)
[ info ] [ HEADER ] array (
  'cookie' => 'PHPSESSID=lubs9p5tp9ahnb4vula3h4a9p4',
  'accept-language' => 'zh-CN,zh;q=0.8',
  'accept-encoding' => 'gzip, deflate, sdch',
  'referer' => 'http://blog.sppcms.com/douniu.php',
  'accept' => '*/*',
  'user-agent' => 'Mozilla/5.0 (Windows NT 10.0; WOW64) AppleWebKit/537.36 (KHTML, like Gecko) Chrome/50.0.2661.102 Safari/537.36',
  'connection' => 'keep-alive',
  'host' => 'blog.sppcms.com',
  'content-type' => '',
  'content-length' => '',
)
[ info ] [ PARAM ] array (
)
[ info ] [ RUN ] app\index\controller\Error->_empty[ /home/wwwroot/blog.sppcms.com/application/index/controller/Error.php ]
[ info ] [ LOG ] INIT File

---------------------------------------------------------------
[ 2017-06-27T00:20:11+08:00 ] 121.42.29.115 101.247.222.113 GET /favicon.ico
[ log ] blog.sppcms.com/favicon.ico [运行时间：0.020021s][吞吐率：49.95req/s] [内存消耗：1,281.21kb] [文件加载：37]
[ info ] [ LANG ] /home/wwwroot/blog.sppcms.com/thinkphp/lang/zh-cn.php
[ info ] [ BIND ] 'index'
[ info ] [ ROUTE ] array (
  'type' => 'module',
  'module' => 
  array (
    0 => 'index',
    1 => 'favicon.ico',
    2 => NULL,
  ),
)
[ info ] [ HEADER ] array (
  'cookie' => 'PHPSESSID=lubs9p5tp9ahnb4vula3h4a9p4',
  'accept-language' => 'zh-CN,zh;q=0.8',
  'accept-encoding' => 'gzip, deflate, sdch',
  'referer' => 'http://blog.sppcms.com/douniu.php',
  'accept' => '*/*',
  'user-agent' => 'Mozilla/5.0 (Windows NT 10.0; WOW64) AppleWebKit/537.36 (KHTML, like Gecko) Chrome/50.0.2661.102 Safari/537.36',
  'connection' => 'keep-alive',
  'host' => 'blog.sppcms.com',
  'content-type' => '',
  'content-length' => '',
)
[ info ] [ PARAM ] array (
)
[ info ] [ RUN ] app\index\controller\Error->_empty[ /home/wwwroot/blog.sppcms.com/application/index/controller/Error.php ]
[ info ] [ LOG ] INIT File

---------------------------------------------------------------
[ 2017-06-27T00:20:12+08:00 ] 121.42.29.115 101.247.222.113 GET /favicon.ico
[ log ] blog.sppcms.com/favicon.ico [运行时间：0.022790s][吞吐率：43.88req/s] [内存消耗：1,281.21kb] [文件加载：37]
[ info ] [ LANG ] /home/wwwroot/blog.sppcms.com/thinkphp/lang/zh-cn.php
[ info ] [ BIND ] 'index'
[ info ] [ ROUTE ] array (
  'type' => 'module',
  'module' => 
  array (
    0 => 'index',
    1 => 'favicon.ico',
    2 => NULL,
  ),
)
[ info ] [ HEADER ] array (
  'cookie' => 'PHPSESSID=lubs9p5tp9ahnb4vula3h4a9p4',
  'accept-language' => 'zh-CN,zh;q=0.8',
  'accept-encoding' => 'gzip, deflate, sdch',
  'referer' => 'http://blog.sppcms.com/douniu.php',
  'accept' => '*/*',
  'user-agent' => 'Mozilla/5.0 (Windows NT 10.0; WOW64) AppleWebKit/537.36 (KHTML, like Gecko) Chrome/50.0.2661.102 Safari/537.36',
  'connection' => 'keep-alive',
  'host' => 'blog.sppcms.com',
  'content-type' => '',
  'content-length' => '',
)
[ info ] [ PARAM ] array (
)
[ info ] [ RUN ] app\index\controller\Error->_empty[ /home/wwwroot/blog.sppcms.com/application/index/controller/Error.php ]
[ info ] [ LOG ] INIT File

---------------------------------------------------------------
[ 2017-06-27T08:53:45+08:00 ] 121.42.29.115 42.156.251.185 GET /
[ log ] blog.sppcms.com/ [运行时间：0.405510s][吞吐率：2.47req/s] [内存消耗：2,743.34kb] [文件加载：60]
[ info ] [ LANG ] /home/wwwroot/blog.sppcms.com/thinkphp/lang/zh-cn.php
[ info ] [ BIND ] 'index'
[ info ] [ ROUTE ] array (
  'type' => 'module',
  'module' => 
  array (
    0 => 'index',
    1 => NULL,
    2 => NULL,
  ),
)
[ info ] [ HEADER ] array (
  'host' => 'blog.sppcms.com',
  'accept-encoding' => 'x-gzip, gzip, deflate',
  'accept' => 'text/html,application/xml;q=0.9,application/xhtml+xml,text/xml;q=0.9,text/plain;q=0.8,image/png,*/*;q=0.5',
  'accept-charset' => 'utf-8,ISO-8859-1;q=0.7,*;q=0.7',
  'accept-language' => 'en-us,en-gb,en;q=0.7,*;q=0.3',
  'user-agent' => 'spiderman',
  'content-type' => '',
  'content-length' => '',
)
[ info ] [ PARAM ] array (
)
[ info ] [ SESSION ] INIT array (
  'id' => '',
  'var_session_id' => '',
  'prefix' => 'think',
  'type' => '',
  'auto_start' => true,
)
[ info ] [ DB ] INIT mysql
[ info ] [ RUN ] app\index\controller\Index->index[ /home/wwwroot/blog.sppcms.com/application/index/controller/Index.php ]
[ info ] [ VIEW ] /home/wwwroot/blog.sppcms.com/application/extend/Modules/Nav/Lib/../Tpl/index.html [ array (
  0 => 'islogin',
  1 => 'navlist',
  2 => 'adlist',
  3 => 'toplist',
  4 => 'reclist',
  5 => 'categorylist',
  6 => 'catelist',
  7 => 'd',
) ]
[ info ] [ VIEW ] /home/wwwroot/blog.sppcms.com/application/index/view/index/index.html [ array (
  0 => 'islogin',
  1 => 'navlist',
  2 => 'adlist',
  3 => 'toplist',
  4 => 'reclist',
  5 => 'categorylist',
  6 => 'catelist',
) ]
[ info ] [ LOG ] INIT File
[ sql ] [ DB ] CONNECT:[ UseTime:0.000504s ] mysql:dbname=sq_blog;host=127.0.0.1;charset=utf8
[ sql ] [ SQL ] SHOW COLUMNS FROM `think_nav` [ RunTime:0.028254s ]
[ sql ] [ SQL ] SELECT * FROM `think_nav` WHERE  `pid` = 0 ORDER BY `sort` [ RunTime:0.000318s ]
[ sql ] [ SQL ] SELECT * FROM `think_nav` WHERE  `pid` = 1 ORDER BY `sort` [ RunTime:0.000247s ]
[ sql ] [ SQL ] SELECT * FROM `think_nav` WHERE  `pid` = 2 ORDER BY `sort` [ RunTime:0.000210s ]
[ sql ] [ SQL ] SELECT * FROM `think_nav` WHERE  `pid` = 3 ORDER BY `sort` [ RunTime:0.000199s ]
[ sql ] [ SQL ] SELECT * FROM `think_nav` WHERE  `pid` = 5 ORDER BY `sort` [ RunTime:0.000208s ]
[ sql ] [ SQL ] SELECT * FROM `think_nav` WHERE  `pid` = 6 ORDER BY `sort` [ RunTime:0.000194s ]
[ sql ] [ SQL ] SELECT * FROM `think_nav` WHERE  `pid` = 4 ORDER BY `sort` [ RunTime:0.000193s ]
[ sql ] [ SQL ] SHOW COLUMNS FROM `think_ad` [ RunTime:0.034566s ]
[ sql ] [ SQL ] SELECT * FROM `think_ad` WHERE  `status` = 1 [ RunTime:0.000240s ]
[ sql ] [ SQL ] SHOW COLUMNS FROM `think_product` [ RunTime:0.006742s ]
[ sql ] [ SQL ] SELECT * FROM `think_product` WHERE  `is_top` = 1 LIMIT 2 [ RunTime:0.000324s ]
[ sql ] [ SQL ] SELECT * FROM `think_product` WHERE  `is_rec` = 1 LIMIT 3 [ RunTime:0.000259s ]
[ sql ] [ SQL ] SHOW COLUMNS FROM `think_category` [ RunTime:0.005420s ]
[ sql ] [ SQL ] SELECT * FROM `think_category` WHERE  `status` = 1  AND `pid` = 0 [ RunTime:0.000295s ]
[ sql ] [ SQL ] SELECT * FROM `think_category` WHERE  `status` = 1  AND `pid` = 0 LIMIT 5 [ RunTime:0.000225s ]
[ sql ] [ SQL ] SELECT * FROM `think_category` WHERE  `pid` = 348 [ RunTime:0.000256s ]
[ sql ] [ SQL ] SELECT * FROM `think_category` WHERE  `pid` = 353 [ RunTime:0.000206s ]
[ sql ] [ SQL ] SELECT * FROM `think_category` WHERE  `pid` = 354 [ RunTime:0.000200s ]
[ sql ] [ SQL ] SELECT * FROM `think_category` WHERE  `pid` = 355 [ RunTime:0.000221s ]
[ sql ] [ SQL ] SELECT * FROM `think_product` WHERE  `status` = 1  AND `category_id` IN (353,354,355,348) LIMIT 8 [ RunTime:0.000308s ]
[ sql ] [ SQL ] SELECT * FROM `think_category` WHERE  `pid` = 356 [ RunTime:0.000221s ]
[ sql ] [ SQL ] SELECT * FROM `think_product` WHERE  `status` = 1  AND `category_id` IN (356) LIMIT 8 [ RunTime:0.000233s ]
[ sql ] [ SQL ] SHOW COLUMNS FROM `think_config` [ RunTime:0.005001s ]
[ sql ] [ SQL ] SELECT * FROM `think_config` WHERE  `name` = 'logo' LIMIT 1 [ RunTime:0.000248s ]
[ sql ] [ SQL ] SELECT * FROM `think_config` WHERE  `name` = 'logo' LIMIT 1 [ RunTime:0.000202s ]
[ sql ] [ SQL ] SELECT * FROM `think_config` WHERE  `name` = 'siteinfo' LIMIT 1 [ RunTime:0.000218s ]
[ sql ] [ SQL ] SELECT * FROM `think_config` WHERE  `name` = 'address' LIMIT 1 [ RunTime:0.000194s ]
[ sql ] [ SQL ] SELECT * FROM `think_config` WHERE  `name` = 'email' LIMIT 1 [ RunTime:0.000194s ]
[ sql ] [ SQL ] SELECT * FROM `think_config` WHERE  `name` = 'email' LIMIT 1 [ RunTime:0.000194s ]
[ sql ] [ SQL ] SELECT * FROM `think_config` WHERE  `name` = 'tel' LIMIT 1 [ RunTime:0.000221s ]

---------------------------------------------------------------
