[ 2017-06-28T08:46:47+08:00 ] 121.42.29.115 42.156.251.185 GET /
[ log ] blog.sppcms.com/ [运行时间：0.055536s][吞吐率：18.01req/s] [内存消耗：2,743.34kb] [文件加载：60]
[ info ] [ LANG ] /home/wwwroot/blog.sppcms.com/thinkphp/lang/zh-cn.php
[ info ] [ BIND ] 'index'
[ info ] [ ROUTE ] array (
  'type' => 'module',
  'module' => 
  array (
    0 => 'index',
    1 => NULL,
    2 => NULL,
  ),
)
[ info ] [ HEADER ] array (
  'host' => 'blog.sppcms.com',
  'accept-encoding' => 'x-gzip, gzip, deflate',
  'accept' => 'text/html,application/xml;q=0.9,application/xhtml+xml,text/xml;q=0.9,text/plain;q=0.8,image/png,*/*;q=0.5',
  'accept-charset' => 'utf-8,ISO-8859-1;q=0.7,*;q=0.7',
  'accept-language' => 'en-us,en-gb,en;q=0.7,*;q=0.3',
  'user-agent' => 'spiderman',
  'content-type' => '',
  'content-length' => '',
)
[ info ] [ PARAM ] array (
)
[ info ] [ SESSION ] INIT array (
  'id' => '',
  'var_session_id' => '',
  'prefix' => 'think',
  'type' => '',
  'auto_start' => true,
)
[ info ] [ DB ] INIT mysql
[ info ] [ RUN ] app\index\controller\Index->index[ /home/wwwroot/blog.sppcms.com/application/index/controller/Index.php ]
[ info ] [ VIEW ] /home/wwwroot/blog.sppcms.com/application/extend/Modules/Nav/Lib/../Tpl/index.html [ array (
  0 => 'islogin',
  1 => 'navlist',
  2 => 'adlist',
  3 => 'toplist',
  4 => 'reclist',
  5 => 'categorylist',
  6 => 'catelist',
  7 => 'd',
) ]
[ info ] [ VIEW ] /home/wwwroot/blog.sppcms.com/application/index/view/index/index.html [ array (
  0 => 'islogin',
  1 => 'navlist',
  2 => 'adlist',
  3 => 'toplist',
  4 => 'reclist',
  5 => 'categorylist',
  6 => 'catelist',
) ]
[ info ] [ LOG ] INIT File
[ sql ] [ DB ] CONNECT:[ UseTime:0.000507s ] mysql:dbname=sq_blog;host=127.0.0.1;charset=utf8
[ sql ] [ SQL ] SHOW COLUMNS FROM `think_nav` [ RunTime:0.000938s ]
[ sql ] [ SQL ] SELECT * FROM `think_nav` WHERE  `pid` = 0 ORDER BY `sort` [ RunTime:0.000272s ]
[ sql ] [ SQL ] SELECT * FROM `think_nav` WHERE  `pid` = 1 ORDER BY `sort` [ RunTime:0.000233s ]
[ sql ] [ SQL ] SELECT * FROM `think_nav` WHERE  `pid` = 2 ORDER BY `sort` [ RunTime:0.000215s ]
[ sql ] [ SQL ] SELECT * FROM `think_nav` WHERE  `pid` = 3 ORDER BY `sort` [ RunTime:0.000197s ]
[ sql ] [ SQL ] SELECT * FROM `think_nav` WHERE  `pid` = 5 ORDER BY `sort` [ RunTime:0.000209s ]
[ sql ] [ SQL ] SELECT * FROM `think_nav` WHERE  `pid` = 6 ORDER BY `sort` [ RunTime:0.000202s ]
[ sql ] [ SQL ] SELECT * FROM `think_nav` WHERE  `pid` = 4 ORDER BY `sort` [ RunTime:0.000219s ]
[ sql ] [ SQL ] SHOW COLUMNS FROM `think_ad` [ RunTime:0.000652s ]
[ sql ] [ SQL ] SELECT * FROM `think_ad` WHERE  `status` = 1 [ RunTime:0.000198s ]
[ sql ] [ SQL ] SHOW COLUMNS FROM `think_product` [ RunTime:0.000807s ]
[ sql ] [ SQL ] SELECT * FROM `think_product` WHERE  `is_top` = 1 LIMIT 2 [ RunTime:0.000304s ]
[ sql ] [ SQL ] SELECT * FROM `think_product` WHERE  `is_rec` = 1 LIMIT 3 [ RunTime:0.000249s ]
[ sql ] [ SQL ] SHOW COLUMNS FROM `think_category` [ RunTime:0.000647s ]
[ sql ] [ SQL ] SELECT * FROM `think_category` WHERE  `status` = 1  AND `pid` = 0 [ RunTime:0.000218s ]
[ sql ] [ SQL ] SELECT * FROM `think_category` WHERE  `status` = 1  AND `pid` = 0 LIMIT 5 [ RunTime:0.000210s ]
[ sql ] [ SQL ] SELECT * FROM `think_category` WHERE  `pid` = 348 [ RunTime:0.000225s ]
[ sql ] [ SQL ] SELECT * FROM `think_category` WHERE  `pid` = 353 [ RunTime:0.000204s ]
[ sql ] [ SQL ] SELECT * FROM `think_category` WHERE  `pid` = 354 [ RunTime:0.000204s ]
[ sql ] [ SQL ] SELECT * FROM `think_category` WHERE  `pid` = 355 [ RunTime:0.000205s ]
[ sql ] [ SQL ] SELECT * FROM `think_product` WHERE  `status` = 1  AND `category_id` IN (353,354,355,348) LIMIT 8 [ RunTime:0.000314s ]
[ sql ] [ SQL ] SELECT * FROM `think_category` WHERE  `pid` = 356 [ RunTime:0.000214s ]
[ sql ] [ SQL ] SELECT * FROM `think_product` WHERE  `status` = 1  AND `category_id` IN (356) LIMIT 8 [ RunTime:0.000257s ]
[ sql ] [ SQL ] SHOW COLUMNS FROM `think_config` [ RunTime:0.000763s ]
[ sql ] [ SQL ] SELECT * FROM `think_config` WHERE  `name` = 'logo' LIMIT 1 [ RunTime:0.000233s ]
[ sql ] [ SQL ] SELECT * FROM `think_config` WHERE  `name` = 'logo' LIMIT 1 [ RunTime:0.000210s ]
[ sql ] [ SQL ] SELECT * FROM `think_config` WHERE  `name` = 'siteinfo' LIMIT 1 [ RunTime:0.000207s ]
[ sql ] [ SQL ] SELECT * FROM `think_config` WHERE  `name` = 'address' LIMIT 1 [ RunTime:0.000203s ]
[ sql ] [ SQL ] SELECT * FROM `think_config` WHERE  `name` = 'email' LIMIT 1 [ RunTime:0.000218s ]
[ sql ] [ SQL ] SELECT * FROM `think_config` WHERE  `name` = 'email' LIMIT 1 [ RunTime:0.000195s ]
[ sql ] [ SQL ] SELECT * FROM `think_config` WHERE  `name` = 'tel' LIMIT 1 [ RunTime:0.000192s ]

---------------------------------------------------------------
