[ 2017-07-01T08:58:49+08:00 ] 121.42.29.115 42.156.251.187 GET /
[ log ] blog.sppcms.com/ [运行时间：0.084190s][吞吐率：11.88req/s] [内存消耗：2,743.37kb] [文件加载：60]
[ info ] [ LANG ] /home/wwwroot/blog.sppcms.com/thinkphp/lang/zh-cn.php
[ info ] [ BIND ] 'index'
[ info ] [ ROUTE ] array (
  'type' => 'module',
  'module' => 
  array (
    0 => 'index',
    1 => NULL,
    2 => NULL,
  ),
)
[ info ] [ HEADER ] array (
  'host' => 'blog.sppcms.com',
  'accept-encoding' => 'x-gzip, gzip, deflate',
  'accept' => 'text/html,application/xml;q=0.9,application/xhtml+xml,text/xml;q=0.9,text/plain;q=0.8,image/png,*/*;q=0.5',
  'accept-charset' => 'utf-8,ISO-8859-1;q=0.7,*;q=0.7',
  'accept-language' => 'en-us,en-gb,en;q=0.7,*;q=0.3',
  'user-agent' => 'spiderman',
  'content-type' => '',
  'content-length' => '',
)
[ info ] [ PARAM ] array (
)
[ info ] [ SESSION ] INIT array (
  'id' => '',
  'var_session_id' => '',
  'prefix' => 'think',
  'type' => '',
  'auto_start' => true,
)
[ info ] [ DB ] INIT mysql
[ info ] [ RUN ] app\index\controller\Index->index[ /home/wwwroot/blog.sppcms.com/application/index/controller/Index.php ]
[ info ] [ VIEW ] /home/wwwroot/blog.sppcms.com/application/extend/Modules/Nav/Lib/../Tpl/index.html [ array (
  0 => 'islogin',
  1 => 'navlist',
  2 => 'adlist',
  3 => 'toplist',
  4 => 'reclist',
  5 => 'categorylist',
  6 => 'catelist',
  7 => 'd',
) ]
[ info ] [ VIEW ] /home/wwwroot/blog.sppcms.com/application/index/view/index/index.html [ array (
  0 => 'islogin',
  1 => 'navlist',
  2 => 'adlist',
  3 => 'toplist',
  4 => 'reclist',
  5 => 'categorylist',
  6 => 'catelist',
) ]
[ info ] [ LOG ] INIT File
[ sql ] [ DB ] CONNECT:[ UseTime:0.024800s ] mysql:dbname=sq_blog;host=127.0.0.1;charset=utf8
[ sql ] [ SQL ] SHOW COLUMNS FROM `think_nav` [ RunTime:0.001019s ]
[ sql ] [ SQL ] SELECT * FROM `think_nav` WHERE  `pid` = 0 ORDER BY `sort` [ RunTime:0.000320s ]
[ sql ] [ SQL ] SELECT * FROM `think_nav` WHERE  `pid` = 1 ORDER BY `sort` [ RunTime:0.000224s ]
[ sql ] [ SQL ] SELECT * FROM `think_nav` WHERE  `pid` = 2 ORDER BY `sort` [ RunTime:0.000224s ]
[ sql ] [ SQL ] SELECT * FROM `think_nav` WHERE  `pid` = 3 ORDER BY `sort` [ RunTime:0.000229s ]
[ sql ] [ SQL ] SELECT * FROM `think_nav` WHERE  `pid` = 5 ORDER BY `sort` [ RunTime:0.000243s ]
[ sql ] [ SQL ] SELECT * FROM `think_nav` WHERE  `pid` = 6 ORDER BY `sort` [ RunTime:0.000216s ]
[ sql ] [ SQL ] SELECT * FROM `think_nav` WHERE  `pid` = 4 ORDER BY `sort` [ RunTime:0.000196s ]
[ sql ] [ SQL ] SHOW COLUMNS FROM `think_ad` [ RunTime:0.000667s ]
[ sql ] [ SQL ] SELECT * FROM `think_ad` WHERE  `status` = 1 [ RunTime:0.000218s ]
[ sql ] [ SQL ] SHOW COLUMNS FROM `think_product` [ RunTime:0.000824s ]
[ sql ] [ SQL ] SELECT * FROM `think_product` WHERE  `is_top` = 1 LIMIT 2 [ RunTime:0.000324s ]
[ sql ] [ SQL ] SELECT * FROM `think_product` WHERE  `is_rec` = 1 LIMIT 3 [ RunTime:0.000241s ]
[ sql ] [ SQL ] SHOW COLUMNS FROM `think_category` [ RunTime:0.000685s ]
[ sql ] [ SQL ] SELECT * FROM `think_category` WHERE  `status` = 1  AND `pid` = 0 [ RunTime:0.000232s ]
[ sql ] [ SQL ] SELECT * FROM `think_category` WHERE  `status` = 1  AND `pid` = 0 LIMIT 5 [ RunTime:0.000222s ]
[ sql ] [ SQL ] SELECT * FROM `think_category` WHERE  `pid` = 348 [ RunTime:0.000253s ]
[ sql ] [ SQL ] SELECT * FROM `think_category` WHERE  `pid` = 353 [ RunTime:0.000231s ]
[ sql ] [ SQL ] SELECT * FROM `think_category` WHERE  `pid` = 354 [ RunTime:0.000204s ]
[ sql ] [ SQL ] SELECT * FROM `think_category` WHERE  `pid` = 355 [ RunTime:0.000199s ]
[ sql ] [ SQL ] SELECT * FROM `think_product` WHERE  `status` = 1  AND `category_id` IN (353,354,355,348) LIMIT 8 [ RunTime:0.000297s ]
[ sql ] [ SQL ] SELECT * FROM `think_category` WHERE  `pid` = 356 [ RunTime:0.000214s ]
[ sql ] [ SQL ] SELECT * FROM `think_product` WHERE  `status` = 1  AND `category_id` IN (356) LIMIT 8 [ RunTime:0.000236s ]
[ sql ] [ SQL ] SHOW COLUMNS FROM `think_config` [ RunTime:0.001297s ]
[ sql ] [ SQL ] SELECT * FROM `think_config` WHERE  `name` = 'logo' LIMIT 1 [ RunTime:0.000217s ]
[ sql ] [ SQL ] SELECT * FROM `think_config` WHERE  `name` = 'logo' LIMIT 1 [ RunTime:0.000203s ]
[ sql ] [ SQL ] SELECT * FROM `think_config` WHERE  `name` = 'siteinfo' LIMIT 1 [ RunTime:0.000195s ]
[ sql ] [ SQL ] SELECT * FROM `think_config` WHERE  `name` = 'address' LIMIT 1 [ RunTime:0.000410s ]
[ sql ] [ SQL ] SELECT * FROM `think_config` WHERE  `name` = 'email' LIMIT 1 [ RunTime:0.000299s ]
[ sql ] [ SQL ] SELECT * FROM `think_config` WHERE  `name` = 'email' LIMIT 1 [ RunTime:0.000192s ]
[ sql ] [ SQL ] SELECT * FROM `think_config` WHERE  `name` = 'tel' LIMIT 1 [ RunTime:0.000189s ]

---------------------------------------------------------------
[ 2017-07-01T15:01:15+08:00 ] 121.42.29.115 113.102.225.91 GET /
[ log ] douniu.sppcms.com/ [运行时间：0.065017s][吞吐率：15.38req/s] [内存消耗：2,929.79kb] [文件加载：63]
[ info ] [ LANG ] /home/wwwroot/douniu.sppcms.com/douniu/thinkphp/lang/zh-cn.php
[ info ] [ BIND ] 'index'
[ info ] [ ROUTE ] array (
  'type' => 'module',
  'module' => 
  array (
    0 => 'index',
    1 => NULL,
    2 => NULL,
  ),
)
[ info ] [ HEADER ] array (
  'cookie' => 'pgv_pvi=7283990528; PHPSESSID=7pfut9gsgo0p2v4j83ojat2aha',
  'accept-language' => 'en-US,en;q=0.8',
  'accept-encoding' => 'gzip, deflate',
  'accept' => 'text/html,application/xhtml+xml,application/xml;q=0.9,image/webp,image/apng,*/*;q=0.8',
  'user-agent' => 'Mozilla/5.0 (Windows NT 6.1; Win64; x64) AppleWebKit/537.36 (KHTML, like Gecko) Chrome/59.0.3071.115 Safari/537.36',
  'upgrade-insecure-requests' => '1',
  'cache-control' => 'max-age=0',
  'connection' => 'keep-alive',
  'host' => 'douniu.sppcms.com',
  'content-type' => '',
  'content-length' => '',
)
[ info ] [ PARAM ] array (
)
[ info ] [ SESSION ] INIT array (
  'id' => '',
  'var_session_id' => '',
  'prefix' => 'think',
  'type' => '',
  'auto_start' => true,
)
[ info ] [ DB ] INIT mysql
[ info ] [ RUN ] app\index\controller\Index->index[ /home/wwwroot/douniu.sppcms.com/douniu/application/index/controller/Index.php ]
[ info ] [ VIEW ] /home/wwwroot/douniu.sppcms.com/douniu/application/extend/Modules/Nav/Lib/../Tpl/index.html [ array (
  0 => 'islogin',
  1 => 'navlist',
  2 => 'adlist',
  3 => 'toplist',
  4 => 'reclist',
  5 => 'categorylist',
  6 => 'catelist',
  7 => 'd',
) ]
[ info ] [ VIEW ] /home/wwwroot/douniu.sppcms.com/douniu/application/index/view/index/index.html [ array (
  0 => 'islogin',
  1 => 'navlist',
  2 => 'adlist',
  3 => 'toplist',
  4 => 'reclist',
  5 => 'categorylist',
  6 => 'catelist',
) ]
[ info ] [ LOG ] INIT File
[ sql ] [ DB ] CONNECT:[ UseTime:0.002088s ] mysql:dbname=sq_blog;host=127.0.0.1;charset=utf8
[ sql ] [ SQL ] SHOW COLUMNS FROM `think_nav` [ RunTime:0.001028s ]
[ sql ] [ SQL ] SELECT * FROM `think_nav` WHERE  `pid` = 0 ORDER BY `sort` [ RunTime:0.000275s ]
[ sql ] [ SQL ] SELECT * FROM `think_nav` WHERE  `pid` = 1 ORDER BY `sort` [ RunTime:0.000215s ]
[ sql ] [ SQL ] SELECT * FROM `think_nav` WHERE  `pid` = 2 ORDER BY `sort` [ RunTime:0.000218s ]
[ sql ] [ SQL ] SELECT * FROM `think_nav` WHERE  `pid` = 3 ORDER BY `sort` [ RunTime:0.000209s ]
[ sql ] [ SQL ] SELECT * FROM `think_nav` WHERE  `pid` = 5 ORDER BY `sort` [ RunTime:0.000227s ]
[ sql ] [ SQL ] SELECT * FROM `think_nav` WHERE  `pid` = 6 ORDER BY `sort` [ RunTime:0.000204s ]
[ sql ] [ SQL ] SELECT * FROM `think_nav` WHERE  `pid` = 4 ORDER BY `sort` [ RunTime:0.000202s ]
[ sql ] [ SQL ] SHOW COLUMNS FROM `think_ad` [ RunTime:0.000623s ]
[ sql ] [ SQL ] SELECT * FROM `think_ad` WHERE  `status` = 1 [ RunTime:0.000210s ]
[ sql ] [ SQL ] SHOW COLUMNS FROM `think_product` [ RunTime:0.000798s ]
[ sql ] [ SQL ] SELECT * FROM `think_product` WHERE  `is_top` = 1 LIMIT 2 [ RunTime:0.000316s ]
[ sql ] [ SQL ] SELECT * FROM `think_product` WHERE  `is_rec` = 1 LIMIT 3 [ RunTime:0.000233s ]
[ sql ] [ SQL ] SHOW COLUMNS FROM `think_category` [ RunTime:0.000658s ]
[ sql ] [ SQL ] SELECT * FROM `think_category` WHERE  `status` = 1  AND `pid` = 0 [ RunTime:0.000224s ]
[ sql ] [ SQL ] SELECT * FROM `think_category` WHERE  `status` = 1  AND `pid` = 0 LIMIT 5 [ RunTime:0.000239s ]
[ sql ] [ SQL ] SELECT * FROM `think_category` WHERE  `pid` = 348 [ RunTime:0.000210s ]
[ sql ] [ SQL ] SELECT * FROM `think_category` WHERE  `pid` = 353 [ RunTime:0.000196s ]
[ sql ] [ SQL ] SELECT * FROM `think_category` WHERE  `pid` = 354 [ RunTime:0.000194s ]
[ sql ] [ SQL ] SELECT * FROM `think_category` WHERE  `pid` = 355 [ RunTime:0.000192s ]
[ sql ] [ SQL ] SELECT * FROM `think_product` WHERE  `status` = 1  AND `category_id` IN (353,354,355,348) LIMIT 8 [ RunTime:0.000275s ]
[ sql ] [ SQL ] SELECT * FROM `think_category` WHERE  `pid` = 356 [ RunTime:0.000197s ]
[ sql ] [ SQL ] SELECT * FROM `think_product` WHERE  `status` = 1  AND `category_id` IN (356) LIMIT 8 [ RunTime:0.000257s ]
[ sql ] [ SQL ] SHOW COLUMNS FROM `think_config` [ RunTime:0.002261s ]
[ sql ] [ SQL ] SELECT * FROM `think_config` WHERE  `name` = 'logo' LIMIT 1 [ RunTime:0.000208s ]
[ sql ] [ SQL ] SELECT * FROM `think_config` WHERE  `name` = 'logo' LIMIT 1 [ RunTime:0.000220s ]
[ sql ] [ SQL ] SELECT * FROM `think_config` WHERE  `name` = 'siteinfo' LIMIT 1 [ RunTime:0.000193s ]
[ sql ] [ SQL ] SELECT * FROM `think_config` WHERE  `name` = 'address' LIMIT 1 [ RunTime:0.000208s ]
[ sql ] [ SQL ] SELECT * FROM `think_config` WHERE  `name` = 'email' LIMIT 1 [ RunTime:0.000193s ]
[ sql ] [ SQL ] SELECT * FROM `think_config` WHERE  `name` = 'email' LIMIT 1 [ RunTime:0.000191s ]
[ sql ] [ SQL ] SELECT * FROM `think_config` WHERE  `name` = 'tel' LIMIT 1 [ RunTime:0.000210s ]

---------------------------------------------------------------
[ 2017-07-01T15:02:12+08:00 ] 121.42.29.115 113.102.225.91 GET /
[ log ] douniu.sppcms.com/ [运行时间：0.055883s][吞吐率：17.89req/s] [内存消耗：2,749.27kb] [文件加载：60]
[ info ] [ LANG ] /home/wwwroot/douniu.sppcms.com/douniu/thinkphp/lang/zh-cn.php
[ info ] [ BIND ] 'index'
[ info ] [ ROUTE ] array (
  'type' => 'module',
  'module' => 
  array (
    0 => 'index',
    1 => NULL,
    2 => NULL,
  ),
)
[ info ] [ HEADER ] array (
  'cookie' => 'pgv_pvi=7283990528; PHPSESSID=7pfut9gsgo0p2v4j83ojat2aha',
  'accept-language' => 'en-US,en;q=0.8',
  'accept-encoding' => 'gzip, deflate',
  'accept' => 'text/html,application/xhtml+xml,application/xml;q=0.9,image/webp,image/apng,*/*;q=0.8',
  'user-agent' => 'Mozilla/5.0 (Windows NT 6.1; Win64; x64) AppleWebKit/537.36 (KHTML, like Gecko) Chrome/59.0.3071.115 Safari/537.36',
  'upgrade-insecure-requests' => '1',
  'cache-control' => 'max-age=0',
  'connection' => 'keep-alive',
  'host' => 'douniu.sppcms.com',
  'content-type' => '',
  'content-length' => '',
)
[ info ] [ PARAM ] array (
)
[ info ] [ SESSION ] INIT array (
  'id' => '',
  'var_session_id' => '',
  'prefix' => 'think',
  'type' => '',
  'auto_start' => true,
)
[ info ] [ DB ] INIT mysql
[ info ] [ RUN ] app\index\controller\Index->index[ /home/wwwroot/douniu.sppcms.com/douniu/application/index/controller/Index.php ]
[ info ] [ VIEW ] /home/wwwroot/douniu.sppcms.com/douniu/application/extend/Modules/Nav/Lib/../Tpl/index.html [ array (
  0 => 'islogin',
  1 => 'navlist',
  2 => 'adlist',
  3 => 'toplist',
  4 => 'reclist',
  5 => 'categorylist',
  6 => 'catelist',
  7 => 'd',
) ]
[ info ] [ VIEW ] /home/wwwroot/douniu.sppcms.com/douniu/application/index/view/index/index.html [ array (
  0 => 'islogin',
  1 => 'navlist',
  2 => 'adlist',
  3 => 'toplist',
  4 => 'reclist',
  5 => 'categorylist',
  6 => 'catelist',
) ]
[ info ] [ LOG ] INIT File
[ sql ] [ DB ] CONNECT:[ UseTime:0.001974s ] mysql:dbname=sq_blog;host=127.0.0.1;charset=utf8
[ sql ] [ SQL ] SHOW COLUMNS FROM `think_nav` [ RunTime:0.000926s ]
[ sql ] [ SQL ] SELECT * FROM `think_nav` WHERE  `pid` = 0 ORDER BY `sort` [ RunTime:0.000280s ]
[ sql ] [ SQL ] SELECT * FROM `think_nav` WHERE  `pid` = 1 ORDER BY `sort` [ RunTime:0.000244s ]
[ sql ] [ SQL ] SELECT * FROM `think_nav` WHERE  `pid` = 2 ORDER BY `sort` [ RunTime:0.000220s ]
[ sql ] [ SQL ] SELECT * FROM `think_nav` WHERE  `pid` = 3 ORDER BY `sort` [ RunTime:0.000209s ]
[ sql ] [ SQL ] SELECT * FROM `think_nav` WHERE  `pid` = 5 ORDER BY `sort` [ RunTime:0.000233s ]
[ sql ] [ SQL ] SELECT * FROM `think_nav` WHERE  `pid` = 6 ORDER BY `sort` [ RunTime:0.000205s ]
[ sql ] [ SQL ] SELECT * FROM `think_nav` WHERE  `pid` = 4 ORDER BY `sort` [ RunTime:0.000210s ]
[ sql ] [ SQL ] SHOW COLUMNS FROM `think_ad` [ RunTime:0.000635s ]
[ sql ] [ SQL ] SELECT * FROM `think_ad` WHERE  `status` = 1 [ RunTime:0.000211s ]
[ sql ] [ SQL ] SHOW COLUMNS FROM `think_product` [ RunTime:0.000780s ]
[ sql ] [ SQL ] SELECT * FROM `think_product` WHERE  `is_top` = 1 LIMIT 2 [ RunTime:0.000318s ]
[ sql ] [ SQL ] SELECT * FROM `think_product` WHERE  `is_rec` = 1 LIMIT 3 [ RunTime:0.000234s ]
[ sql ] [ SQL ] SHOW COLUMNS FROM `think_category` [ RunTime:0.000678s ]
[ sql ] [ SQL ] SELECT * FROM `think_category` WHERE  `status` = 1  AND `pid` = 0 [ RunTime:0.000225s ]
[ sql ] [ SQL ] SELECT * FROM `think_category` WHERE  `status` = 1  AND `pid` = 0 LIMIT 5 [ RunTime:0.000219s ]
[ sql ] [ SQL ] SELECT * FROM `think_category` WHERE  `pid` = 348 [ RunTime:0.000205s ]
[ sql ] [ SQL ] SELECT * FROM `think_category` WHERE  `pid` = 353 [ RunTime:0.000223s ]
[ sql ] [ SQL ] SELECT * FROM `think_category` WHERE  `pid` = 354 [ RunTime:0.000195s ]
[ sql ] [ SQL ] SELECT * FROM `think_category` WHERE  `pid` = 355 [ RunTime:0.000193s ]
[ sql ] [ SQL ] SELECT * FROM `think_product` WHERE  `status` = 1  AND `category_id` IN (353,354,355,348) LIMIT 8 [ RunTime:0.000271s ]
[ sql ] [ SQL ] SELECT * FROM `think_category` WHERE  `pid` = 356 [ RunTime:0.000197s ]
[ sql ] [ SQL ] SELECT * FROM `think_product` WHERE  `status` = 1  AND `category_id` IN (356) LIMIT 8 [ RunTime:0.000234s ]
[ sql ] [ SQL ] SHOW COLUMNS FROM `think_config` [ RunTime:0.000616s ]
[ sql ] [ SQL ] SELECT * FROM `think_config` WHERE  `name` = 'logo' LIMIT 1 [ RunTime:0.000194s ]
[ sql ] [ SQL ] SELECT * FROM `think_config` WHERE  `name` = 'logo' LIMIT 1 [ RunTime:0.000197s ]
[ sql ] [ SQL ] SELECT * FROM `think_config` WHERE  `name` = 'siteinfo' LIMIT 1 [ RunTime:0.000191s ]
[ sql ] [ SQL ] SELECT * FROM `think_config` WHERE  `name` = 'address' LIMIT 1 [ RunTime:0.000188s ]
[ sql ] [ SQL ] SELECT * FROM `think_config` WHERE  `name` = 'email' LIMIT 1 [ RunTime:0.000241s ]
[ sql ] [ SQL ] SELECT * FROM `think_config` WHERE  `name` = 'email' LIMIT 1 [ RunTime:0.000187s ]
[ sql ] [ SQL ] SELECT * FROM `think_config` WHERE  `name` = 'tel' LIMIT 1 [ RunTime:0.000186s ]

---------------------------------------------------------------
[ 2017-07-01T15:04:23+08:00 ] 121.42.29.115 113.102.225.91 GET /
[ log ] douniu.sppcms.com/ [运行时间：0.036390s][吞吐率：27.48req/s] [内存消耗：2,321.59kb] [文件加载：53]
[ info ] [ LANG ] /home/wwwroot/douniu.sppcms.com/douniu/thinkphp/lang/zh-cn.php
[ info ] [ BIND ] 'index'
[ info ] [ ROUTE ] array (
  'type' => 'module',
  'module' => 
  array (
    0 => 'index',
    1 => NULL,
    2 => NULL,
  ),
)
[ info ] [ HEADER ] array (
  'cookie' => 'pgv_pvi=7283990528; PHPSESSID=7pfut9gsgo0p2v4j83ojat2aha',
  'accept-language' => 'en-US,en;q=0.8',
  'accept-encoding' => 'gzip, deflate',
  'accept' => 'text/html,application/xhtml+xml,application/xml;q=0.9,image/webp,image/apng,*/*;q=0.8',
  'user-agent' => 'Mozilla/5.0 (Windows NT 6.1; Win64; x64) AppleWebKit/537.36 (KHTML, like Gecko) Chrome/59.0.3071.115 Safari/537.36',
  'upgrade-insecure-requests' => '1',
  'cache-control' => 'max-age=0',
  'connection' => 'keep-alive',
  'host' => 'douniu.sppcms.com',
  'content-type' => '',
  'content-length' => '',
)
[ info ] [ PARAM ] array (
)
[ info ] [ SESSION ] INIT array (
  'id' => '',
  'var_session_id' => '',
  'prefix' => 'think',
  'type' => '',
  'auto_start' => true,
)
[ info ] [ DB ] INIT mysql
[ info ] [ LOG ] INIT File
[ sql ] [ DB ] CONNECT:[ UseTime:0.001439s ] mysql:dbname=sq_douniu;host=127.0.0.1;charset=utf8
[ error ] [42S02]SQLSTATE[42S02]: Base table or view not found: 1146 Table 'sq_douniu.think_nav' doesn't exist[/home/wwwroot/douniu.sppcms.com/douniu/thinkphp/library/think/db/connector/Mysql.php:65]

---------------------------------------------------------------
[ 2017-07-01T15:04:44+08:00 ] 121.42.29.115 183.3.239.167 GET /
[ log ] douniu.sppcms.com/ [运行时间：0.034511s][吞吐率：28.98req/s] [内存消耗：2,318.58kb] [文件加载：53]
[ info ] [ LANG ] /home/wwwroot/douniu.sppcms.com/douniu/thinkphp/lang/zh-cn.php
[ info ] [ BIND ] 'index'
[ info ] [ ROUTE ] array (
  'type' => 'module',
  'module' => 
  array (
    0 => 'index',
    1 => NULL,
    2 => NULL,
  ),
)
[ info ] [ HEADER ] array (
  'connection' => 'Keep-Alive',
  'host' => 'douniu.sppcms.com',
  'user-agent' => 'Mozilla/5.0 (compatible; MSIE 9.0; Windows NT 6.1; Trident/5.0)',
  'accept-language' => 'zh-cn',
  'accept' => '*/*',
  'content-type' => '',
  'content-length' => '',
)
[ info ] [ PARAM ] array (
)
[ info ] [ SESSION ] INIT array (
  'id' => '',
  'var_session_id' => '',
  'prefix' => 'think',
  'type' => '',
  'auto_start' => true,
)
[ info ] [ DB ] INIT mysql
[ info ] [ LOG ] INIT File
[ sql ] [ DB ] CONNECT:[ UseTime:0.000507s ] mysql:dbname=sq_douniu;host=127.0.0.1;charset=utf8
[ error ] [42S02]SQLSTATE[42S02]: Base table or view not found: 1146 Table 'sq_douniu.think_nav' doesn't exist[/home/wwwroot/douniu.sppcms.com/douniu/thinkphp/library/think/db/connector/Mysql.php:65]

---------------------------------------------------------------
[ 2017-07-01T15:04:44+08:00 ] 121.42.29.115 183.3.239.167 GET /
[ log ] douniu.sppcms.com/ [运行时间：0.035962s][吞吐率：27.81req/s] [内存消耗：2,318.58kb] [文件加载：53]
[ info ] [ LANG ] /home/wwwroot/douniu.sppcms.com/douniu/thinkphp/lang/zh-cn.php
[ info ] [ BIND ] 'index'
[ info ] [ ROUTE ] array (
  'type' => 'module',
  'module' => 
  array (
    0 => 'index',
    1 => NULL,
    2 => NULL,
  ),
)
[ info ] [ HEADER ] array (
  'connection' => 'Keep-Alive',
  'host' => 'douniu.sppcms.com',
  'user-agent' => 'Mozilla/5.0 (compatible; MSIE 9.0; Windows NT 6.1; Trident/5.0)',
  'accept-language' => 'zh-cn',
  'accept' => '*/*',
  'content-type' => '',
  'content-length' => '',
)
[ info ] [ PARAM ] array (
)
[ info ] [ SESSION ] INIT array (
  'id' => '',
  'var_session_id' => '',
  'prefix' => 'think',
  'type' => '',
  'auto_start' => true,
)
[ info ] [ DB ] INIT mysql
[ info ] [ LOG ] INIT File
[ sql ] [ DB ] CONNECT:[ UseTime:0.000488s ] mysql:dbname=sq_douniu;host=127.0.0.1;charset=utf8
[ error ] [42S02]SQLSTATE[42S02]: Base table or view not found: 1146 Table 'sq_douniu.think_nav' doesn't exist[/home/wwwroot/douniu.sppcms.com/douniu/thinkphp/library/think/db/connector/Mysql.php:65]

---------------------------------------------------------------
[ 2017-07-01T15:04:44+08:00 ] 121.42.29.115 101.226.33.239 GET /
[ log ] douniu.sppcms.com/ [运行时间：0.034411s][吞吐率：29.06req/s] [内存消耗：2,320.93kb] [文件加载：53]
[ info ] [ LANG ] /home/wwwroot/douniu.sppcms.com/douniu/thinkphp/lang/zh-cn.php
[ info ] [ BIND ] 'index'
[ info ] [ ROUTE ] array (
  'type' => 'module',
  'module' => 
  array (
    0 => 'index',
    1 => NULL,
    2 => NULL,
  ),
)
[ info ] [ HEADER ] array (
  'connection' => 'keep-alive',
  'host' => 'douniu.sppcms.com',
  'accept-language' => 'en-US,*',
  'accept-encoding' => 'gzip, deflate',
  'user-agent' => 'Mozilla/5.0 (iPhone; CPU iPhone OS 8_4 like Mac OS X) AppleWebKit/600.1.4 (KHTML, like Gecko) Version/8.0 Mobile/12H143 Safari/600.1.4',
  'referer' => '',
  'accept' => 'text/html,application/xhtml+xml,application/xml;q=0.9,*/*;q=0.8',
  'content-type' => '',
  'content-length' => '',
)
[ info ] [ PARAM ] array (
)
[ info ] [ SESSION ] INIT array (
  'id' => '',
  'var_session_id' => '',
  'prefix' => 'think',
  'type' => '',
  'auto_start' => true,
)
[ info ] [ DB ] INIT mysql
[ info ] [ LOG ] INIT File
[ sql ] [ DB ] CONNECT:[ UseTime:0.000441s ] mysql:dbname=sq_douniu;host=127.0.0.1;charset=utf8
[ error ] [42S02]SQLSTATE[42S02]: Base table or view not found: 1146 Table 'sq_douniu.think_nav' doesn't exist[/home/wwwroot/douniu.sppcms.com/douniu/thinkphp/library/think/db/connector/Mysql.php:65]

---------------------------------------------------------------
[ 2017-07-01T15:04:45+08:00 ] 121.42.29.115 183.3.239.167 GET /
[ log ] douniu.sppcms.com/ [运行时间：0.035146s][吞吐率：28.45req/s] [内存消耗：2,318.13kb] [文件加载：53]
[ info ] [ LANG ] /home/wwwroot/douniu.sppcms.com/douniu/thinkphp/lang/zh-cn.php
[ info ] [ BIND ] 'index'
[ info ] [ ROUTE ] array (
  'type' => 'module',
  'module' => 
  array (
    0 => 'index',
    1 => NULL,
    2 => NULL,
  ),
)
[ info ] [ HEADER ] array (
  'accept' => '*/*',
  'host' => 'douniu.sppcms.com',
  'user-agent' => 'Mozilla/5.0 (compatible; MSIE 9.0; Windows NT 6.1; Trident/5.0)',
  'content-type' => '',
  'content-length' => '',
)
[ info ] [ PARAM ] array (
)
[ info ] [ SESSION ] INIT array (
  'id' => '',
  'var_session_id' => '',
  'prefix' => 'think',
  'type' => '',
  'auto_start' => true,
)
[ info ] [ DB ] INIT mysql
[ info ] [ LOG ] INIT File
[ sql ] [ DB ] CONNECT:[ UseTime:0.000512s ] mysql:dbname=sq_douniu;host=127.0.0.1;charset=utf8
[ error ] [42S02]SQLSTATE[42S02]: Base table or view not found: 1146 Table 'sq_douniu.think_nav' doesn't exist[/home/wwwroot/douniu.sppcms.com/douniu/thinkphp/library/think/db/connector/Mysql.php:65]

---------------------------------------------------------------
[ 2017-07-01T15:04:53+08:00 ] 121.42.29.115 113.102.225.91 GET /admin.php
[ log ] douniu.sppcms.com/admin.php [运行时间：0.038206s][吞吐率：26.17req/s] [内存消耗：1,674.34kb] [文件加载：47]
[ info ] [ LANG ] /home/wwwroot/douniu.sppcms.com/douniu/thinkphp/lang/zh-cn.php
[ info ] [ BIND ] 'admin'
[ info ] [ ROUTE ] array (
  'type' => 'module',
  'module' => 
  array (
    0 => 'admin',
    1 => NULL,
    2 => NULL,
  ),
)
[ info ] [ HEADER ] array (
  'cookie' => 'pgv_pvi=7283990528; PHPSESSID=7pfut9gsgo0p2v4j83ojat2aha',
  'accept-language' => 'en-US,en;q=0.8',
  'accept-encoding' => 'gzip, deflate',
  'accept' => 'text/html,application/xhtml+xml,application/xml;q=0.9,image/webp,image/apng,*/*;q=0.8',
  'user-agent' => 'Mozilla/5.0 (Windows NT 6.1; Win64; x64) AppleWebKit/537.36 (KHTML, like Gecko) Chrome/59.0.3071.115 Safari/537.36',
  'upgrade-insecure-requests' => '1',
  'connection' => 'keep-alive',
  'host' => 'douniu.sppcms.com',
  'content-type' => '',
  'content-length' => '',
)
[ info ] [ PARAM ] array (
)
[ info ] [ SESSION ] INIT array (
  'id' => '',
  'var_session_id' => '',
  'prefix' => 'think',
  'type' => '',
  'auto_start' => true,
)
[ info ] [ LOG ] INIT File

---------------------------------------------------------------
[ 2017-07-01T15:04:55+08:00 ] 121.42.29.115 101.226.33.224 GET /
[ log ] douniu.sppcms.com/ [运行时间：0.037862s][吞吐率：26.41req/s] [内存消耗：2,319.12kb] [文件加载：53]
[ info ] [ LANG ] /home/wwwroot/douniu.sppcms.com/douniu/thinkphp/lang/zh-cn.php
[ info ] [ BIND ] 'index'
[ info ] [ ROUTE ] array (
  'type' => 'module',
  'module' => 
  array (
    0 => 'index',
    1 => NULL,
    2 => NULL,
  ),
)
[ info ] [ HEADER ] array (
  'connection' => 'keep-alive',
  'host' => 'douniu.sppcms.com',
  'accept-language' => 'zh-CN,zh;q=0.8,en-US;q=0.6,en;q=0.4',
  'accept-encoding' => 'gzip, deflate, sdch, br',
  'accept' => '*/*',
  'user-agent' => 'Mozilla/5.0 (Macintosh; Intel Mac OS X 10_12_4) AppleWebKit/537.36 (KHTML, like Gecko) 			Chrome/55.0.2883.95 Safari/537.36',
  'content-type' => '',
  'content-length' => '',
)
[ info ] [ PARAM ] array (
)
[ info ] [ SESSION ] INIT array (
  'id' => '',
  'var_session_id' => '',
  'prefix' => 'think',
  'type' => '',
  'auto_start' => true,
)
[ info ] [ DB ] INIT mysql
[ info ] [ LOG ] INIT File
[ sql ] [ DB ] CONNECT:[ UseTime:0.000507s ] mysql:dbname=sq_douniu;host=127.0.0.1;charset=utf8
[ error ] [42S02]SQLSTATE[42S02]: Base table or view not found: 1146 Table 'sq_douniu.think_nav' doesn't exist[/home/wwwroot/douniu.sppcms.com/douniu/thinkphp/library/think/db/connector/Mysql.php:65]

---------------------------------------------------------------
[ 2017-07-01T15:04:56+08:00 ] 121.42.29.115 101.226.33.217 GET /
[ log ] douniu.sppcms.com/ [运行时间：0.034427s][吞吐率：29.05req/s] [内存消耗：2,319.30kb] [文件加载：53]
[ info ] [ LANG ] /home/wwwroot/douniu.sppcms.com/douniu/thinkphp/lang/zh-cn.php
[ info ] [ BIND ] 'index'
[ info ] [ ROUTE ] array (
  'type' => 'module',
  'module' => 
  array (
    0 => 'index',
    1 => NULL,
    2 => NULL,
  ),
)
[ info ] [ HEADER ] array (
  'connection' => 'keep-alive',
  'host' => 'douniu.sppcms.com',
  'accept-language' => 'zh-CN,zh;q=0.8,en-US;q=0.6,en;q=0.4',
  'accept-encoding' => 'gzip, deflate, sdch, br',
  'accept' => '*/*',
  'user-agent' => 'Mozilla/5.0 (Windows NT 6.1; WOW64; Trident/7.0; SLCC2; .NET CLR 2.0.50727; .NET CLR 3.5.30729; .NET CLR 3.0.30729; Media Center PC 6.0; .NET4.0C; .NET4.0E; InfoPath.3; rv:11.0) like Gecko',
  'content-type' => '',
  'content-length' => '',
)
[ info ] [ PARAM ] array (
)
[ info ] [ SESSION ] INIT array (
  'id' => '',
  'var_session_id' => '',
  'prefix' => 'think',
  'type' => '',
  'auto_start' => true,
)
[ info ] [ DB ] INIT mysql
[ info ] [ LOG ] INIT File
[ sql ] [ DB ] CONNECT:[ UseTime:0.000460s ] mysql:dbname=sq_douniu;host=127.0.0.1;charset=utf8
[ error ] [42S02]SQLSTATE[42S02]: Base table or view not found: 1146 Table 'sq_douniu.think_nav' doesn't exist[/home/wwwroot/douniu.sppcms.com/douniu/thinkphp/library/think/db/connector/Mysql.php:65]

---------------------------------------------------------------
[ 2017-07-01T15:05:03+08:00 ] 121.42.29.115 219.156.167.247 GET /
[ log ] douniu.sppcms.com/ [运行时间：0.036966s][吞吐率：27.05req/s] [内存消耗：2,321.06kb] [文件加载：53]
[ info ] [ LANG ] /home/wwwroot/douniu.sppcms.com/douniu/thinkphp/lang/zh-cn.php
[ info ] [ BIND ] 'index'
[ info ] [ ROUTE ] array (
  'type' => 'module',
  'module' => 
  array (
    0 => 'index',
    1 => NULL,
    2 => NULL,
  ),
)
[ info ] [ HEADER ] array (
  'accept-language' => 'zh-CN,zh;q=0.8',
  'accept-encoding' => 'gzip, deflate',
  'accept' => 'text/html,application/xhtml+xml,application/xml;q=0.9,image/webp,image/apng,*/*;q=0.8',
  'user-agent' => 'Mozilla/5.0 (Windows NT 6.1; WOW64) AppleWebKit/537.36 (KHTML, like Gecko) Chrome/59.0.3071.86 Safari/537.36',
  'upgrade-insecure-requests' => '1',
  'connection' => 'keep-alive',
  'host' => 'douniu.sppcms.com',
  'content-type' => '',
  'content-length' => '',
)
[ info ] [ PARAM ] array (
)
[ info ] [ SESSION ] INIT array (
  'id' => '',
  'var_session_id' => '',
  'prefix' => 'think',
  'type' => '',
  'auto_start' => true,
)
[ info ] [ DB ] INIT mysql
[ info ] [ LOG ] INIT File
[ sql ] [ DB ] CONNECT:[ UseTime:0.000524s ] mysql:dbname=sq_douniu;host=127.0.0.1;charset=utf8
[ error ] [42S02]SQLSTATE[42S02]: Base table or view not found: 1146 Table 'sq_douniu.think_nav' doesn't exist[/home/wwwroot/douniu.sppcms.com/douniu/thinkphp/library/think/db/connector/Mysql.php:65]

---------------------------------------------------------------
[ 2017-07-01T15:05:21+08:00 ] 121.42.29.115 183.3.239.159 GET /admin.php
[ log ] douniu.sppcms.com/admin.php [运行时间：0.026557s][吞吐率：37.65req/s] [内存消耗：1,671.53kb] [文件加载：47]
[ info ] [ LANG ] /home/wwwroot/douniu.sppcms.com/douniu/thinkphp/lang/zh-cn.php
[ info ] [ BIND ] 'admin'
[ info ] [ ROUTE ] array (
  'type' => 'module',
  'module' => 
  array (
    0 => 'admin',
    1 => NULL,
    2 => NULL,
  ),
)
[ info ] [ HEADER ] array (
  'connection' => 'Keep-Alive',
  'host' => 'douniu.sppcms.com',
  'user-agent' => 'Mozilla/5.0 (compatible; MSIE 9.0; Windows NT 6.1; Trident/5.0)',
  'accept-language' => 'zh-cn',
  'accept' => '*/*',
  'content-type' => '',
  'content-length' => '',
)
[ info ] [ PARAM ] array (
)
[ info ] [ SESSION ] INIT array (
  'id' => '',
  'var_session_id' => '',
  'prefix' => 'think',
  'type' => '',
  'auto_start' => true,
)
[ info ] [ LOG ] INIT File

---------------------------------------------------------------
[ 2017-07-01T15:05:21+08:00 ] 121.42.29.115 183.3.239.159 GET /admin.php
[ log ] douniu.sppcms.com/admin.php [运行时间：0.026292s][吞吐率：38.03req/s] [内存消耗：1,671.08kb] [文件加载：47]
[ info ] [ LANG ] /home/wwwroot/douniu.sppcms.com/douniu/thinkphp/lang/zh-cn.php
[ info ] [ BIND ] 'admin'
[ info ] [ ROUTE ] array (
  'type' => 'module',
  'module' => 
  array (
    0 => 'admin',
    1 => NULL,
    2 => NULL,
  ),
)
[ info ] [ HEADER ] array (
  'accept' => '*/*',
  'host' => 'douniu.sppcms.com',
  'user-agent' => 'Mozilla/5.0 (compatible; MSIE 9.0; Windows NT 6.1; Trident/5.0)',
  'content-type' => '',
  'content-length' => '',
)
[ info ] [ PARAM ] array (
)
[ info ] [ SESSION ] INIT array (
  'id' => '',
  'var_session_id' => '',
  'prefix' => 'think',
  'type' => '',
  'auto_start' => true,
)
[ info ] [ LOG ] INIT File

---------------------------------------------------------------
[ 2017-07-01T15:05:32+08:00 ] 121.42.29.115 101.226.66.180 GET /admin.php
[ log ] douniu.sppcms.com/admin.php [运行时间：0.026572s][吞吐率：37.63req/s] [内存消耗：1,672.07kb] [文件加载：47]
[ info ] [ LANG ] /home/wwwroot/douniu.sppcms.com/douniu/thinkphp/lang/zh-cn.php
[ info ] [ BIND ] 'admin'
[ info ] [ ROUTE ] array (
  'type' => 'module',
  'module' => 
  array (
    0 => 'admin',
    1 => NULL,
    2 => NULL,
  ),
)
[ info ] [ HEADER ] array (
  'connection' => 'keep-alive',
  'host' => 'douniu.sppcms.com',
  'accept-language' => 'zh-CN,zh;q=0.8,en-US;q=0.6,en;q=0.4',
  'accept-encoding' => 'gzip, deflate, sdch, br',
  'accept' => '*/*',
  'user-agent' => 'Mozilla/5.0 (Macintosh; Intel Mac OS X 10_12_4) AppleWebKit/537.36 (KHTML, like Gecko) 			Chrome/55.0.2883.95 Safari/537.36',
  'content-type' => '',
  'content-length' => '',
)
[ info ] [ PARAM ] array (
)
[ info ] [ SESSION ] INIT array (
  'id' => '',
  'var_session_id' => '',
  'prefix' => 'think',
  'type' => '',
  'auto_start' => true,
)
[ info ] [ LOG ] INIT File

---------------------------------------------------------------
[ 2017-07-01T15:05:41+08:00 ] 121.42.29.115 101.226.102.97 GET /
[ log ] douniu.sppcms.com/ [运行时间：0.035740s][吞吐率：27.98req/s] [内存消耗：2,319.30kb] [文件加载：53]
[ info ] [ LANG ] /home/wwwroot/douniu.sppcms.com/douniu/thinkphp/lang/zh-cn.php
[ info ] [ BIND ] 'index'
[ info ] [ ROUTE ] array (
  'type' => 'module',
  'module' => 
  array (
    0 => 'index',
    1 => NULL,
    2 => NULL,
  ),
)
[ info ] [ HEADER ] array (
  'connection' => 'keep-alive',
  'host' => 'douniu.sppcms.com',
  'accept-language' => 'zh-CN,zh;q=0.8,en-US;q=0.6,en;q=0.4',
  'accept-encoding' => 'gzip, deflate, sdch, br',
  'accept' => '*/*',
  'user-agent' => 'Mozilla/5.0 (iPhone; CPU iPhone OS 10_2_1 like Mac OS X) AppleWebKit/602.4.6 (KHTML, like Gecko) Mobile/14D27 QQ/6.6.9.412 V1_IPH_SQ_6.6.9_1_APP_A Pixel/750 Core/UIWebView NetType/WIFI',
  'content-type' => '',
  'content-length' => '',
)
[ info ] [ PARAM ] array (
)
[ info ] [ SESSION ] INIT array (
  'id' => '',
  'var_session_id' => '',
  'prefix' => 'think',
  'type' => '',
  'auto_start' => true,
)
[ info ] [ DB ] INIT mysql
[ info ] [ LOG ] INIT File
[ sql ] [ DB ] CONNECT:[ UseTime:0.000478s ] mysql:dbname=sq_douniu;host=127.0.0.1;charset=utf8
[ error ] [42S02]SQLSTATE[42S02]: Base table or view not found: 1146 Table 'sq_douniu.think_nav' doesn't exist[/home/wwwroot/douniu.sppcms.com/douniu/thinkphp/library/think/db/connector/Mysql.php:65]

---------------------------------------------------------------
[ 2017-07-01T15:06:04+08:00 ] 121.42.29.115 219.156.167.247 GET /admin.php
[ log ] douniu.sppcms.com/admin.php [运行时间：0.024881s][吞吐率：40.19req/s] [内存消耗：1,674.27kb] [文件加载：47]
[ info ] [ LANG ] /home/wwwroot/douniu.sppcms.com/douniu/thinkphp/lang/zh-cn.php
[ info ] [ BIND ] 'admin'
[ info ] [ ROUTE ] array (
  'type' => 'module',
  'module' => 
  array (
    0 => 'admin',
    1 => NULL,
    2 => NULL,
  ),
)
[ info ] [ HEADER ] array (
  'cookie' => 'PHPSESSID=9i32m5hkuji7fi5r68q592hojk',
  'accept-language' => 'zh-CN,zh;q=0.8',
  'accept-encoding' => 'gzip, deflate',
  'accept' => 'text/html,application/xhtml+xml,application/xml;q=0.9,image/webp,image/apng,*/*;q=0.8',
  'user-agent' => 'Mozilla/5.0 (Windows NT 6.1; WOW64) AppleWebKit/537.36 (KHTML, like Gecko) Chrome/59.0.3071.86 Safari/537.36',
  'upgrade-insecure-requests' => '1',
  'connection' => 'keep-alive',
  'host' => 'douniu.sppcms.com',
  'content-type' => '',
  'content-length' => '',
)
[ info ] [ PARAM ] array (
)
[ info ] [ SESSION ] INIT array (
  'id' => '',
  'var_session_id' => '',
  'prefix' => 'think',
  'type' => '',
  'auto_start' => true,
)
[ info ] [ LOG ] INIT File

---------------------------------------------------------------
[ 2017-07-01T15:06:16+08:00 ] 121.42.29.115 219.156.167.247 GET /admin.php
[ log ] douniu.sppcms.com/admin.php [运行时间：0.024496s][吞吐率：40.82req/s] [内存消耗：1,674.27kb] [文件加载：47]
[ info ] [ LANG ] /home/wwwroot/douniu.sppcms.com/douniu/thinkphp/lang/zh-cn.php
[ info ] [ BIND ] 'admin'
[ info ] [ ROUTE ] array (
  'type' => 'module',
  'module' => 
  array (
    0 => 'admin',
    1 => NULL,
    2 => NULL,
  ),
)
[ info ] [ HEADER ] array (
  'cookie' => 'PHPSESSID=9i32m5hkuji7fi5r68q592hojk',
  'accept-language' => 'zh-CN,zh;q=0.8',
  'accept-encoding' => 'gzip, deflate',
  'accept' => 'text/html,application/xhtml+xml,application/xml;q=0.9,image/webp,image/apng,*/*;q=0.8',
  'user-agent' => 'Mozilla/5.0 (Windows NT 6.1; WOW64) AppleWebKit/537.36 (KHTML, like Gecko) Chrome/59.0.3071.86 Safari/537.36',
  'upgrade-insecure-requests' => '1',
  'connection' => 'keep-alive',
  'host' => 'douniu.sppcms.com',
  'content-type' => '',
  'content-length' => '',
)
[ info ] [ PARAM ] array (
)
[ info ] [ SESSION ] INIT array (
  'id' => '',
  'var_session_id' => '',
  'prefix' => 'think',
  'type' => '',
  'auto_start' => true,
)
[ info ] [ LOG ] INIT File

---------------------------------------------------------------
[ 2017-07-01T15:06:32+08:00 ] 121.42.29.115 219.156.167.247 GET /
[ log ] douniu.sppcms.com/ [运行时间：0.036156s][吞吐率：27.66req/s] [内存消耗：2,321.32kb] [文件加载：53]
[ info ] [ LANG ] /home/wwwroot/douniu.sppcms.com/douniu/thinkphp/lang/zh-cn.php
[ info ] [ BIND ] 'index'
[ info ] [ ROUTE ] array (
  'type' => 'module',
  'module' => 
  array (
    0 => 'index',
    1 => NULL,
    2 => NULL,
  ),
)
[ info ] [ HEADER ] array (
  'cookie' => 'PHPSESSID=9i32m5hkuji7fi5r68q592hojk',
  'accept-language' => 'zh-CN,zh;q=0.8',
  'accept-encoding' => 'gzip, deflate',
  'accept' => 'text/html,application/xhtml+xml,application/xml;q=0.9,image/webp,image/apng,*/*;q=0.8',
  'user-agent' => 'Mozilla/5.0 (Windows NT 6.1; WOW64) AppleWebKit/537.36 (KHTML, like Gecko) Chrome/59.0.3071.86 Safari/537.36',
  'upgrade-insecure-requests' => '1',
  'connection' => 'keep-alive',
  'host' => 'douniu.sppcms.com',
  'content-type' => '',
  'content-length' => '',
)
[ info ] [ PARAM ] array (
)
[ info ] [ SESSION ] INIT array (
  'id' => '',
  'var_session_id' => '',
  'prefix' => 'think',
  'type' => '',
  'auto_start' => true,
)
[ info ] [ DB ] INIT mysql
[ info ] [ LOG ] INIT File
[ sql ] [ DB ] CONNECT:[ UseTime:0.000462s ] mysql:dbname=sq_douniu;host=127.0.0.1;charset=utf8
[ error ] [42S02]SQLSTATE[42S02]: Base table or view not found: 1146 Table 'sq_douniu.think_nav' doesn't exist[/home/wwwroot/douniu.sppcms.com/douniu/thinkphp/library/think/db/connector/Mysql.php:65]

---------------------------------------------------------------
[ 2017-07-01T15:06:40+08:00 ] 121.42.29.115 113.102.225.91 GET /admin.php/login/index.html
[ log ] douniu.sppcms.com/admin.php/login/index.html [运行时间：0.028293s][吞吐率：35.34req/s] [内存消耗：1,794.71kb] [文件加载：48]
[ info ] [ LANG ] /home/wwwroot/douniu.sppcms.com/douniu/thinkphp/lang/zh-cn.php
[ info ] [ BIND ] 'admin'
[ info ] [ ROUTE ] array (
  'type' => 'module',
  'module' => 
  array (
    0 => 'admin',
    1 => 'login',
    2 => 'index',
  ),
)
[ info ] [ HEADER ] array (
  'cookie' => 'pgv_pvi=7283990528; PHPSESSID=7pfut9gsgo0p2v4j83ojat2aha',
  'accept-language' => 'en-US,en;q=0.8',
  'accept-encoding' => 'gzip, deflate',
  'accept' => 'text/html,application/xhtml+xml,application/xml;q=0.9,image/webp,image/apng,*/*;q=0.8',
  'user-agent' => 'Mozilla/5.0 (Windows NT 6.1; Win64; x64) AppleWebKit/537.36 (KHTML, like Gecko) Chrome/59.0.3071.115 Safari/537.36',
  'upgrade-insecure-requests' => '1',
  'cache-control' => 'max-age=0',
  'connection' => 'keep-alive',
  'host' => 'douniu.sppcms.com',
  'content-type' => '',
  'content-length' => '',
)
[ info ] [ PARAM ] array (
)
[ info ] [ RUN ] app\admin\controller\Login->index[ /home/wwwroot/douniu.sppcms.com/douniu/application/admin/controller/Login.php ]
[ info ] [ SESSION ] INIT array (
  'id' => '',
  'var_session_id' => '',
  'prefix' => 'think',
  'type' => '',
  'auto_start' => true,
)
[ info ] [ VIEW ] /home/wwwroot/douniu.sppcms.com/douniu/application/admin/view/login/index.html [ array (
) ]
[ info ] [ LOG ] INIT File

---------------------------------------------------------------
[ 2017-07-01T15:06:41+08:00 ] 121.42.29.115 113.102.225.91 GET /admin.php/login/verify.html
[ log ] douniu.sppcms.com/admin.php/login/verify.html [运行时间：0.104764s][吞吐率：9.55req/s] [内存消耗：1,641.82kb] [文件加载：44]
[ info ] [ LANG ] /home/wwwroot/douniu.sppcms.com/douniu/thinkphp/lang/zh-cn.php
[ info ] [ BIND ] 'admin'
[ info ] [ ROUTE ] array (
  'type' => 'module',
  'module' => 
  array (
    0 => 'admin',
    1 => 'login',
    2 => 'verify',
  ),
)
[ info ] [ HEADER ] array (
  'cookie' => 'pgv_pvi=7283990528; PHPSESSID=7pfut9gsgo0p2v4j83ojat2aha',
  'accept-language' => 'en-US,en;q=0.8',
  'accept-encoding' => 'gzip, deflate',
  'referer' => 'http://douniu.sppcms.com/admin.php/login/index.html',
  'accept' => 'image/webp,image/apng,image/*,*/*;q=0.8',
  'user-agent' => 'Mozilla/5.0 (Windows NT 6.1; Win64; x64) AppleWebKit/537.36 (KHTML, like Gecko) Chrome/59.0.3071.115 Safari/537.36',
  'connection' => 'keep-alive',
  'host' => 'douniu.sppcms.com',
  'content-type' => '',
  'content-length' => '',
)
[ info ] [ PARAM ] array (
)
[ info ] [ RUN ] app\admin\controller\Login->verify[ /home/wwwroot/douniu.sppcms.com/douniu/application/admin/controller/Login.php ]
[ info ] [ SESSION ] INIT array (
  'id' => '',
  'var_session_id' => '',
  'prefix' => 'think',
  'type' => '',
  'auto_start' => true,
)
[ info ] [ LOG ] INIT File

---------------------------------------------------------------
[ 2017-07-01T15:06:42+08:00 ] 121.42.29.115 113.102.225.91 GET /admin.php/login/index.html
[ log ] douniu.sppcms.com/admin.php/login/index.html [运行时间：0.025773s][吞吐率：38.80req/s] [内存消耗：1,642.59kb] [文件加载：45]
[ info ] [ LANG ] /home/wwwroot/douniu.sppcms.com/douniu/thinkphp/lang/zh-cn.php
[ info ] [ BIND ] 'admin'
[ info ] [ ROUTE ] array (
  'type' => 'module',
  'module' => 
  array (
    0 => 'admin',
    1 => 'login',
    2 => 'index',
  ),
)
[ info ] [ HEADER ] array (
  'cookie' => 'pgv_pvi=7283990528; PHPSESSID=7pfut9gsgo0p2v4j83ojat2aha',
  'accept-language' => 'en-US,en;q=0.8',
  'accept-encoding' => 'gzip, deflate',
  'referer' => 'http://douniu.sppcms.com/admin.php/login/index.html',
  'accept' => 'image/webp,image/apng,image/*,*/*;q=0.8',
  'user-agent' => 'Mozilla/5.0 (Windows NT 6.1; Win64; x64) AppleWebKit/537.36 (KHTML, like Gecko) Chrome/59.0.3071.115 Safari/537.36',
  'connection' => 'keep-alive',
  'host' => 'douniu.sppcms.com',
  'content-type' => '',
  'content-length' => '',
)
[ info ] [ PARAM ] array (
)
[ info ] [ RUN ] app\admin\controller\Login->index[ /home/wwwroot/douniu.sppcms.com/douniu/application/admin/controller/Login.php ]
[ info ] [ SESSION ] INIT array (
  'id' => '',
  'var_session_id' => '',
  'prefix' => 'think',
  'type' => '',
  'auto_start' => true,
)
[ info ] [ VIEW ] /home/wwwroot/douniu.sppcms.com/douniu/application/admin/view/login/index.html [ array (
) ]
[ info ] [ LOG ] INIT File

---------------------------------------------------------------
[ 2017-07-01T15:06:51+08:00 ] 121.42.29.115 219.156.167.247 GET /admin.php/login/index.html
[ log ] douniu.sppcms.com/admin.php/login/index.html [运行时间：0.026677s][吞吐率：37.49req/s] [内存消耗：1,641.76kb] [文件加载：45]
[ info ] [ LANG ] /home/wwwroot/douniu.sppcms.com/douniu/thinkphp/lang/zh-cn.php
[ info ] [ BIND ] 'admin'
[ info ] [ ROUTE ] array (
  'type' => 'module',
  'module' => 
  array (
    0 => 'admin',
    1 => 'login',
    2 => 'index',
  ),
)
[ info ] [ HEADER ] array (
  'cookie' => 'PHPSESSID=9i32m5hkuji7fi5r68q592hojk',
  'accept-language' => 'zh-CN,zh;q=0.8',
  'accept-encoding' => 'gzip, deflate',
  'accept' => 'text/html,application/xhtml+xml,application/xml;q=0.9,image/webp,image/apng,*/*;q=0.8',
  'user-agent' => 'Mozilla/5.0 (Windows NT 6.1; WOW64) AppleWebKit/537.36 (KHTML, like Gecko) Chrome/59.0.3071.86 Safari/537.36',
  'upgrade-insecure-requests' => '1',
  'cache-control' => 'max-age=0',
  'connection' => 'keep-alive',
  'host' => 'douniu.sppcms.com',
  'content-type' => '',
  'content-length' => '',
)
[ info ] [ PARAM ] array (
)
[ info ] [ RUN ] app\admin\controller\Login->index[ /home/wwwroot/douniu.sppcms.com/douniu/application/admin/controller/Login.php ]
[ info ] [ SESSION ] INIT array (
  'id' => '',
  'var_session_id' => '',
  'prefix' => 'think',
  'type' => '',
  'auto_start' => true,
)
[ info ] [ VIEW ] /home/wwwroot/douniu.sppcms.com/douniu/application/admin/view/login/index.html [ array (
) ]
[ info ] [ LOG ] INIT File

---------------------------------------------------------------
[ 2017-07-01T15:06:51+08:00 ] 121.42.29.115 219.156.167.247 GET /admin.php/login/verify.html
[ log ] douniu.sppcms.com/admin.php/login/verify.html [运行时间：0.027827s][吞吐率：35.94req/s] [内存消耗：1,641.76kb] [文件加载：44]
[ info ] [ LANG ] /home/wwwroot/douniu.sppcms.com/douniu/thinkphp/lang/zh-cn.php
[ info ] [ BIND ] 'admin'
[ info ] [ ROUTE ] array (
  'type' => 'module',
  'module' => 
  array (
    0 => 'admin',
    1 => 'login',
    2 => 'verify',
  ),
)
[ info ] [ HEADER ] array (
  'cookie' => 'PHPSESSID=9i32m5hkuji7fi5r68q592hojk',
  'accept-language' => 'zh-CN,zh;q=0.8',
  'accept-encoding' => 'gzip, deflate',
  'referer' => 'http://douniu.sppcms.com/admin.php/login/index.html',
  'accept' => 'image/webp,image/apng,image/*,*/*;q=0.8',
  'user-agent' => 'Mozilla/5.0 (Windows NT 6.1; WOW64) AppleWebKit/537.36 (KHTML, like Gecko) Chrome/59.0.3071.86 Safari/537.36',
  'connection' => 'keep-alive',
  'host' => 'douniu.sppcms.com',
  'content-type' => '',
  'content-length' => '',
)
[ info ] [ PARAM ] array (
)
[ info ] [ RUN ] app\admin\controller\Login->verify[ /home/wwwroot/douniu.sppcms.com/douniu/application/admin/controller/Login.php ]
[ info ] [ SESSION ] INIT array (
  'id' => '',
  'var_session_id' => '',
  'prefix' => 'think',
  'type' => '',
  'auto_start' => true,
)
[ info ] [ LOG ] INIT File

---------------------------------------------------------------
[ 2017-07-01T15:06:52+08:00 ] 121.42.29.115 219.156.167.247 GET /admin.php/login/index.html
[ log ] douniu.sppcms.com/admin.php/login/index.html [运行时间：0.028980s][吞吐率：34.51req/s] [内存消耗：1,644.18kb] [文件加载：45]
[ info ] [ LANG ] /home/wwwroot/douniu.sppcms.com/douniu/thinkphp/lang/zh-cn.php
[ info ] [ BIND ] 'admin'
[ info ] [ ROUTE ] array (
  'type' => 'module',
  'module' => 
  array (
    0 => 'admin',
    1 => 'login',
    2 => 'index',
  ),
)
[ info ] [ HEADER ] array (
  'cookie' => 'PHPSESSID=9i32m5hkuji7fi5r68q592hojk',
  'accept-language' => 'zh-CN,zh;q=0.8',
  'accept-encoding' => 'gzip, deflate',
  'referer' => 'http://douniu.sppcms.com/admin.php/login/index.html',
  'accept' => 'image/webp,image/apng,image/*,*/*;q=0.8',
  'user-agent' => 'Mozilla/5.0 (Windows NT 6.1; WOW64) AppleWebKit/537.36 (KHTML, like Gecko) Chrome/59.0.3071.86 Safari/537.36',
  'cache-control' => 'no-cache',
  'pragma' => 'no-cache',
  'connection' => 'keep-alive',
  'host' => 'douniu.sppcms.com',
  'content-type' => '',
  'content-length' => '',
)
[ info ] [ PARAM ] array (
)
[ info ] [ RUN ] app\admin\controller\Login->index[ /home/wwwroot/douniu.sppcms.com/douniu/application/admin/controller/Login.php ]
[ info ] [ SESSION ] INIT array (
  'id' => '',
  'var_session_id' => '',
  'prefix' => 'think',
  'type' => '',
  'auto_start' => true,
)
[ info ] [ VIEW ] /home/wwwroot/douniu.sppcms.com/douniu/application/admin/view/login/index.html [ array (
) ]
[ info ] [ LOG ] INIT File

---------------------------------------------------------------
[ 2017-07-01T15:06:56+08:00 ] 121.42.29.115 219.156.167.247 GET /
[ log ] douniu.sppcms.com/ [运行时间：0.035478s][吞吐率：28.19req/s] [内存消耗：2,322.63kb] [文件加载：53]
[ info ] [ LANG ] /home/wwwroot/douniu.sppcms.com/douniu/thinkphp/lang/zh-cn.php
[ info ] [ BIND ] 'index'
[ info ] [ ROUTE ] array (
  'type' => 'module',
  'module' => 
  array (
    0 => 'index',
    1 => NULL,
    2 => NULL,
  ),
)
[ info ] [ HEADER ] array (
  'cookie' => 'PHPSESSID=9i32m5hkuji7fi5r68q592hojk',
  'accept-language' => 'zh-CN,zh;q=0.8',
  'accept-encoding' => 'gzip, deflate',
  'accept' => 'text/html,application/xhtml+xml,application/xml;q=0.9,image/webp,image/apng,*/*;q=0.8',
  'user-agent' => 'Mozilla/5.0 (Windows NT 6.1; WOW64) AppleWebKit/537.36 (KHTML, like Gecko) Chrome/59.0.3071.86 Safari/537.36',
  'upgrade-insecure-requests' => '1',
  'cache-control' => 'max-age=0',
  'connection' => 'keep-alive',
  'host' => 'douniu.sppcms.com',
  'content-type' => '',
  'content-length' => '',
)
[ info ] [ PARAM ] array (
)
[ info ] [ SESSION ] INIT array (
  'id' => '',
  'var_session_id' => '',
  'prefix' => 'think',
  'type' => '',
  'auto_start' => true,
)
[ info ] [ DB ] INIT mysql
[ info ] [ LOG ] INIT File
[ sql ] [ DB ] CONNECT:[ UseTime:0.000453s ] mysql:dbname=sq_douniu;host=127.0.0.1;charset=utf8
[ error ] [42S02]SQLSTATE[42S02]: Base table or view not found: 1146 Table 'sq_douniu.think_nav' doesn't exist[/home/wwwroot/douniu.sppcms.com/douniu/thinkphp/library/think/db/connector/Mysql.php:65]

---------------------------------------------------------------
[ 2017-07-01T15:06:57+08:00 ] 121.42.29.115 219.156.167.247 GET /
[ log ] douniu.sppcms.com/ [运行时间：0.035380s][吞吐率：28.26req/s] [内存消耗：2,322.63kb] [文件加载：53]
[ info ] [ LANG ] /home/wwwroot/douniu.sppcms.com/douniu/thinkphp/lang/zh-cn.php
[ info ] [ BIND ] 'index'
[ info ] [ ROUTE ] array (
  'type' => 'module',
  'module' => 
  array (
    0 => 'index',
    1 => NULL,
    2 => NULL,
  ),
)
[ info ] [ HEADER ] array (
  'cookie' => 'PHPSESSID=9i32m5hkuji7fi5r68q592hojk',
  'accept-language' => 'zh-CN,zh;q=0.8',
  'accept-encoding' => 'gzip, deflate',
  'accept' => 'text/html,application/xhtml+xml,application/xml;q=0.9,image/webp,image/apng,*/*;q=0.8',
  'user-agent' => 'Mozilla/5.0 (Windows NT 6.1; WOW64) AppleWebKit/537.36 (KHTML, like Gecko) Chrome/59.0.3071.86 Safari/537.36',
  'upgrade-insecure-requests' => '1',
  'cache-control' => 'max-age=0',
  'connection' => 'keep-alive',
  'host' => 'douniu.sppcms.com',
  'content-type' => '',
  'content-length' => '',
)
[ info ] [ PARAM ] array (
)
[ info ] [ SESSION ] INIT array (
  'id' => '',
  'var_session_id' => '',
  'prefix' => 'think',
  'type' => '',
  'auto_start' => true,
)
[ info ] [ DB ] INIT mysql
[ info ] [ LOG ] INIT File
[ sql ] [ DB ] CONNECT:[ UseTime:0.000494s ] mysql:dbname=sq_douniu;host=127.0.0.1;charset=utf8
[ error ] [42S02]SQLSTATE[42S02]: Base table or view not found: 1146 Table 'sq_douniu.think_nav' doesn't exist[/home/wwwroot/douniu.sppcms.com/douniu/thinkphp/library/think/db/connector/Mysql.php:65]

---------------------------------------------------------------
[ 2017-07-01T15:06:57+08:00 ] 121.42.29.115 113.102.225.91 POST /admin.php/login/dologin.html
[ log ] douniu.sppcms.com/admin.php/login/dologin.html [运行时间：0.025307s][吞吐率：39.51req/s] [内存消耗：1,650.66kb] [文件加载：46]
[ info ] [ LANG ] /home/wwwroot/douniu.sppcms.com/douniu/thinkphp/lang/zh-cn.php
[ info ] [ BIND ] 'admin'
[ info ] [ ROUTE ] array (
  'type' => 'module',
  'module' => 
  array (
    0 => 'admin',
    1 => 'login',
    2 => 'dologin',
  ),
)
[ info ] [ HEADER ] array (
  'cookie' => 'pgv_pvi=7283990528; PHPSESSID=7pfut9gsgo0p2v4j83ojat2aha',
  'accept-language' => 'en-US,en;q=0.8',
  'accept-encoding' => 'gzip, deflate',
  'referer' => 'http://douniu.sppcms.com/admin.php/login/index.html',
  'x-requested-with' => 'XMLHttpRequest',
  'accept' => 'application/json, text/javascript, */*; q=0.01',
  'content-type' => 'application/x-www-form-urlencoded; charset=UTF-8',
  'user-agent' => 'Mozilla/5.0 (Windows NT 6.1; Win64; x64) AppleWebKit/537.36 (KHTML, like Gecko) Chrome/59.0.3071.115 Safari/537.36',
  'origin' => 'http://douniu.sppcms.com',
  'content-length' => '38',
  'connection' => 'keep-alive',
  'host' => 'douniu.sppcms.com',
)
[ info ] [ PARAM ] array (
  'account' => 'admin',
  'admin_pass' => 'admin',
  'verify' => '',
)
[ info ] [ RUN ] app\admin\controller\Login->dologin[ /home/wwwroot/douniu.sppcms.com/douniu/application/admin/controller/Login.php ]
[ info ] [ SESSION ] INIT array (
  'id' => '',
  'var_session_id' => '',
  'prefix' => 'think',
  'type' => '',
  'auto_start' => true,
)
[ info ] [ LOG ] INIT File

---------------------------------------------------------------
[ 2017-07-01T15:06:58+08:00 ] 121.42.29.115 113.102.225.91 GET /admin.php/login/verify/rand/1498892792004.html
[ log ] douniu.sppcms.com/admin.php/login/verify/rand/1498892792004.html [运行时间：0.026168s][吞吐率：38.21req/s] [内存消耗：1,642.88kb] [文件加载：44]
[ info ] [ LANG ] /home/wwwroot/douniu.sppcms.com/douniu/thinkphp/lang/zh-cn.php
[ info ] [ BIND ] 'admin'
[ info ] [ ROUTE ] array (
  'type' => 'module',
  'module' => 
  array (
    0 => 'admin',
    1 => 'login',
    2 => 'verify',
  ),
)
[ info ] [ HEADER ] array (
  'cookie' => 'pgv_pvi=7283990528; PHPSESSID=7pfut9gsgo0p2v4j83ojat2aha',
  'accept-language' => 'en-US,en;q=0.8',
  'accept-encoding' => 'gzip, deflate',
  'referer' => 'http://douniu.sppcms.com/admin.php/login/index.html',
  'accept' => 'image/webp,image/apng,image/*,*/*;q=0.8',
  'user-agent' => 'Mozilla/5.0 (Windows NT 6.1; Win64; x64) AppleWebKit/537.36 (KHTML, like Gecko) Chrome/59.0.3071.115 Safari/537.36',
  'connection' => 'keep-alive',
  'host' => 'douniu.sppcms.com',
  'content-type' => '',
  'content-length' => '',
)
[ info ] [ PARAM ] array (
  'rand' => '1498892792004',
)
[ info ] [ RUN ] app\admin\controller\Login->verify[ /home/wwwroot/douniu.sppcms.com/douniu/application/admin/controller/Login.php ]
[ info ] [ SESSION ] INIT array (
  'id' => '',
  'var_session_id' => '',
  'prefix' => 'think',
  'type' => '',
  'auto_start' => true,
)
[ info ] [ LOG ] INIT File

---------------------------------------------------------------
[ 2017-07-01T15:07:00+08:00 ] 121.42.29.115 113.102.225.91 POST /admin.php/login/dologin.html
[ log ] douniu.sppcms.com/admin.php/login/dologin.html [运行时间：0.042219s][吞吐率：23.69req/s] [内存消耗：2,575.80kb] [文件加载：55]
[ info ] [ LANG ] /home/wwwroot/douniu.sppcms.com/douniu/thinkphp/lang/zh-cn.php
[ info ] [ BIND ] 'admin'
[ info ] [ ROUTE ] array (
  'type' => 'module',
  'module' => 
  array (
    0 => 'admin',
    1 => 'login',
    2 => 'dologin',
  ),
)
[ info ] [ HEADER ] array (
  'cookie' => 'pgv_pvi=7283990528; PHPSESSID=7pfut9gsgo0p2v4j83ojat2aha',
  'accept-language' => 'en-US,en;q=0.8',
  'accept-encoding' => 'gzip, deflate',
  'referer' => 'http://douniu.sppcms.com/admin.php/login/index.html',
  'x-requested-with' => 'XMLHttpRequest',
  'accept' => 'application/json, text/javascript, */*; q=0.01',
  'content-type' => 'application/x-www-form-urlencoded; charset=UTF-8',
  'user-agent' => 'Mozilla/5.0 (Windows NT 6.1; Win64; x64) AppleWebKit/537.36 (KHTML, like Gecko) Chrome/59.0.3071.115 Safari/537.36',
  'origin' => 'http://douniu.sppcms.com',
  'content-length' => '42',
  'connection' => 'keep-alive',
  'host' => 'douniu.sppcms.com',
)
[ info ] [ PARAM ] array (
  'account' => 'admin',
  'admin_pass' => 'admin',
  'verify' => 'kmrt',
)
[ info ] [ RUN ] app\admin\controller\Login->dologin[ /home/wwwroot/douniu.sppcms.com/douniu/application/admin/controller/Login.php ]
[ info ] [ SESSION ] INIT array (
  'id' => '',
  'var_session_id' => '',
  'prefix' => 'think',
  'type' => '',
  'auto_start' => true,
)
[ info ] [ DB ] INIT mysql
[ info ] [ LOG ] INIT File
[ sql ] [ DB ] CONNECT:[ UseTime:0.000493s ] mysql:dbname=sq_douniu;host=127.0.0.1;charset=utf8
[ error ] [42S02]SQLSTATE[42S02]: Base table or view not found: 1146 Table 'sq_douniu.think_user' doesn't exist[/home/wwwroot/douniu.sppcms.com/douniu/thinkphp/library/think/db/connector/Mysql.php:65]

---------------------------------------------------------------
[ 2017-07-01T15:07:03+08:00 ] 121.42.29.115 113.102.225.91 POST /admin.php/login/dologin.html
[ log ] douniu.sppcms.com/admin.php/login/dologin.html [运行时间：0.025536s][吞吐率：39.16req/s] [内存消耗：1,649.64kb] [文件加载：46]
[ info ] [ LANG ] /home/wwwroot/douniu.sppcms.com/douniu/thinkphp/lang/zh-cn.php
[ info ] [ BIND ] 'admin'
[ info ] [ ROUTE ] array (
  'type' => 'module',
  'module' => 
  array (
    0 => 'admin',
    1 => 'login',
    2 => 'dologin',
  ),
)
[ info ] [ HEADER ] array (
  'cookie' => 'pgv_pvi=7283990528; PHPSESSID=7pfut9gsgo0p2v4j83ojat2aha',
  'accept-language' => 'en-US,en;q=0.8',
  'accept-encoding' => 'gzip, deflate',
  'referer' => 'http://douniu.sppcms.com/admin.php/login/index.html',
  'x-requested-with' => 'XMLHttpRequest',
  'accept' => 'application/json, text/javascript, */*; q=0.01',
  'content-type' => 'application/x-www-form-urlencoded; charset=UTF-8',
  'user-agent' => 'Mozilla/5.0 (Windows NT 6.1; Win64; x64) AppleWebKit/537.36 (KHTML, like Gecko) Chrome/59.0.3071.115 Safari/537.36',
  'origin' => 'http://douniu.sppcms.com',
  'content-length' => '42',
  'connection' => 'keep-alive',
  'host' => 'douniu.sppcms.com',
)
[ info ] [ PARAM ] array (
  'account' => 'admin',
  'admin_pass' => 'admin',
  'verify' => 'kmrt',
)
[ info ] [ RUN ] app\admin\controller\Login->dologin[ /home/wwwroot/douniu.sppcms.com/douniu/application/admin/controller/Login.php ]
[ info ] [ SESSION ] INIT array (
  'id' => '',
  'var_session_id' => '',
  'prefix' => 'think',
  'type' => '',
  'auto_start' => true,
)
[ info ] [ LOG ] INIT File

---------------------------------------------------------------
[ 2017-07-01T15:07:03+08:00 ] 121.42.29.115 113.102.225.91 GET /admin.php/login/verify/rand/1498892797567.html
[ log ] douniu.sppcms.com/admin.php/login/verify/rand/1498892797567.html [运行时间：0.026115s][吞吐率：38.29req/s] [内存消耗：1,642.73kb] [文件加载：44]
[ info ] [ LANG ] /home/wwwroot/douniu.sppcms.com/douniu/thinkphp/lang/zh-cn.php
[ info ] [ BIND ] 'admin'
[ info ] [ ROUTE ] array (
  'type' => 'module',
  'module' => 
  array (
    0 => 'admin',
    1 => 'login',
    2 => 'verify',
  ),
)
[ info ] [ HEADER ] array (
  'cookie' => 'pgv_pvi=7283990528; PHPSESSID=7pfut9gsgo0p2v4j83ojat2aha',
  'accept-language' => 'en-US,en;q=0.8',
  'accept-encoding' => 'gzip, deflate',
  'referer' => 'http://douniu.sppcms.com/admin.php/login/index.html',
  'accept' => 'image/webp,image/apng,image/*,*/*;q=0.8',
  'user-agent' => 'Mozilla/5.0 (Windows NT 6.1; Win64; x64) AppleWebKit/537.36 (KHTML, like Gecko) Chrome/59.0.3071.115 Safari/537.36',
  'connection' => 'keep-alive',
  'host' => 'douniu.sppcms.com',
  'content-type' => '',
  'content-length' => '',
)
[ info ] [ PARAM ] array (
  'rand' => '1498892797567',
)
[ info ] [ RUN ] app\admin\controller\Login->verify[ /home/wwwroot/douniu.sppcms.com/douniu/application/admin/controller/Login.php ]
[ info ] [ SESSION ] INIT array (
  'id' => '',
  'var_session_id' => '',
  'prefix' => 'think',
  'type' => '',
  'auto_start' => true,
)
[ info ] [ LOG ] INIT File

---------------------------------------------------------------
[ 2017-07-01T15:07:07+08:00 ] 121.42.29.115 113.102.225.91 POST /admin.php/login/dologin.html
[ log ] douniu.sppcms.com/admin.php/login/dologin.html [运行时间：0.041951s][吞吐率：23.84req/s] [内存消耗：2,575.80kb] [文件加载：55]
[ info ] [ LANG ] /home/wwwroot/douniu.sppcms.com/douniu/thinkphp/lang/zh-cn.php
[ info ] [ BIND ] 'admin'
[ info ] [ ROUTE ] array (
  'type' => 'module',
  'module' => 
  array (
    0 => 'admin',
    1 => 'login',
    2 => 'dologin',
  ),
)
[ info ] [ HEADER ] array (
  'cookie' => 'pgv_pvi=7283990528; PHPSESSID=7pfut9gsgo0p2v4j83ojat2aha',
  'accept-language' => 'en-US,en;q=0.8',
  'accept-encoding' => 'gzip, deflate',
  'referer' => 'http://douniu.sppcms.com/admin.php/login/index.html',
  'x-requested-with' => 'XMLHttpRequest',
  'accept' => 'application/json, text/javascript, */*; q=0.01',
  'content-type' => 'application/x-www-form-urlencoded; charset=UTF-8',
  'user-agent' => 'Mozilla/5.0 (Windows NT 6.1; Win64; x64) AppleWebKit/537.36 (KHTML, like Gecko) Chrome/59.0.3071.115 Safari/537.36',
  'origin' => 'http://douniu.sppcms.com',
  'content-length' => '42',
  'connection' => 'keep-alive',
  'host' => 'douniu.sppcms.com',
)
[ info ] [ PARAM ] array (
  'account' => 'admin',
  'admin_pass' => 'admin',
  'verify' => 'msft',
)
[ info ] [ RUN ] app\admin\controller\Login->dologin[ /home/wwwroot/douniu.sppcms.com/douniu/application/admin/controller/Login.php ]
[ info ] [ SESSION ] INIT array (
  'id' => '',
  'var_session_id' => '',
  'prefix' => 'think',
  'type' => '',
  'auto_start' => true,
)
[ info ] [ DB ] INIT mysql
[ info ] [ LOG ] INIT File
[ sql ] [ DB ] CONNECT:[ UseTime:0.000601s ] mysql:dbname=sq_douniu;host=127.0.0.1;charset=utf8
[ error ] [42S02]SQLSTATE[42S02]: Base table or view not found: 1146 Table 'sq_douniu.think_user' doesn't exist[/home/wwwroot/douniu.sppcms.com/douniu/thinkphp/library/think/db/connector/Mysql.php:65]

---------------------------------------------------------------
[ 2017-07-01T15:08:49+08:00 ] 121.42.29.115 113.102.225.91 GET /admin.php/login/index.html
[ log ] douniu.sppcms.com/admin.php/login/index.html [运行时间：0.025122s][吞吐率：39.81req/s] [内存消耗：1,641.82kb] [文件加载：45]
[ info ] [ LANG ] /home/wwwroot/douniu.sppcms.com/douniu/thinkphp/lang/zh-cn.php
[ info ] [ BIND ] 'admin'
[ info ] [ ROUTE ] array (
  'type' => 'module',
  'module' => 
  array (
    0 => 'admin',
    1 => 'login',
    2 => 'index',
  ),
)
[ info ] [ HEADER ] array (
  'cookie' => 'pgv_pvi=7283990528; PHPSESSID=7pfut9gsgo0p2v4j83ojat2aha',
  'accept-language' => 'en-US,en;q=0.8',
  'accept-encoding' => 'gzip, deflate',
  'accept' => 'text/html,application/xhtml+xml,application/xml;q=0.9,image/webp,image/apng,*/*;q=0.8',
  'user-agent' => 'Mozilla/5.0 (Windows NT 6.1; Win64; x64) AppleWebKit/537.36 (KHTML, like Gecko) Chrome/59.0.3071.115 Safari/537.36',
  'upgrade-insecure-requests' => '1',
  'cache-control' => 'max-age=0',
  'connection' => 'keep-alive',
  'host' => 'douniu.sppcms.com',
  'content-type' => '',
  'content-length' => '',
)
[ info ] [ PARAM ] array (
)
[ info ] [ RUN ] app\admin\controller\Login->index[ /home/wwwroot/douniu.sppcms.com/douniu/application/admin/controller/Login.php ]
[ info ] [ SESSION ] INIT array (
  'id' => '',
  'var_session_id' => '',
  'prefix' => 'think',
  'type' => '',
  'auto_start' => true,
)
[ info ] [ VIEW ] /home/wwwroot/douniu.sppcms.com/douniu/application/admin/view/login/index.html [ array (
) ]
[ info ] [ LOG ] INIT File

---------------------------------------------------------------
[ 2017-07-01T15:08:49+08:00 ] 121.42.29.115 113.102.225.91 GET /admin.php/login/verify.html
[ log ] douniu.sppcms.com/admin.php/login/verify.html [运行时间：0.025580s][吞吐率：39.09req/s] [内存消耗：1,641.82kb] [文件加载：44]
[ info ] [ LANG ] /home/wwwroot/douniu.sppcms.com/douniu/thinkphp/lang/zh-cn.php
[ info ] [ BIND ] 'admin'
[ info ] [ ROUTE ] array (
  'type' => 'module',
  'module' => 
  array (
    0 => 'admin',
    1 => 'login',
    2 => 'verify',
  ),
)
[ info ] [ HEADER ] array (
  'cookie' => 'pgv_pvi=7283990528; PHPSESSID=7pfut9gsgo0p2v4j83ojat2aha',
  'accept-language' => 'en-US,en;q=0.8',
  'accept-encoding' => 'gzip, deflate',
  'referer' => 'http://douniu.sppcms.com/admin.php/login/index.html',
  'accept' => 'image/webp,image/apng,image/*,*/*;q=0.8',
  'user-agent' => 'Mozilla/5.0 (Windows NT 6.1; Win64; x64) AppleWebKit/537.36 (KHTML, like Gecko) Chrome/59.0.3071.115 Safari/537.36',
  'connection' => 'keep-alive',
  'host' => 'douniu.sppcms.com',
  'content-type' => '',
  'content-length' => '',
)
[ info ] [ PARAM ] array (
)
[ info ] [ RUN ] app\admin\controller\Login->verify[ /home/wwwroot/douniu.sppcms.com/douniu/application/admin/controller/Login.php ]
[ info ] [ SESSION ] INIT array (
  'id' => '',
  'var_session_id' => '',
  'prefix' => 'think',
  'type' => '',
  'auto_start' => true,
)
[ info ] [ LOG ] INIT File

---------------------------------------------------------------
[ 2017-07-01T15:08:49+08:00 ] 121.42.29.115 113.102.225.91 GET /admin.php/login/index.html
[ log ] douniu.sppcms.com/admin.php/login/index.html [运行时间：0.026742s][吞吐率：37.39req/s] [内存消耗：1,642.59kb] [文件加载：45]
[ info ] [ LANG ] /home/wwwroot/douniu.sppcms.com/douniu/thinkphp/lang/zh-cn.php
[ info ] [ BIND ] 'admin'
[ info ] [ ROUTE ] array (
  'type' => 'module',
  'module' => 
  array (
    0 => 'admin',
    1 => 'login',
    2 => 'index',
  ),
)
[ info ] [ HEADER ] array (
  'cookie' => 'pgv_pvi=7283990528; PHPSESSID=7pfut9gsgo0p2v4j83ojat2aha',
  'accept-language' => 'en-US,en;q=0.8',
  'accept-encoding' => 'gzip, deflate',
  'referer' => 'http://douniu.sppcms.com/admin.php/login/index.html',
  'accept' => 'image/webp,image/apng,image/*,*/*;q=0.8',
  'user-agent' => 'Mozilla/5.0 (Windows NT 6.1; Win64; x64) AppleWebKit/537.36 (KHTML, like Gecko) Chrome/59.0.3071.115 Safari/537.36',
  'connection' => 'keep-alive',
  'host' => 'douniu.sppcms.com',
  'content-type' => '',
  'content-length' => '',
)
[ info ] [ PARAM ] array (
)
[ info ] [ RUN ] app\admin\controller\Login->index[ /home/wwwroot/douniu.sppcms.com/douniu/application/admin/controller/Login.php ]
[ info ] [ SESSION ] INIT array (
  'id' => '',
  'var_session_id' => '',
  'prefix' => 'think',
  'type' => '',
  'auto_start' => true,
)
[ info ] [ VIEW ] /home/wwwroot/douniu.sppcms.com/douniu/application/admin/view/login/index.html [ array (
) ]
[ info ] [ LOG ] INIT File

---------------------------------------------------------------
[ 2017-07-01T15:08:55+08:00 ] 121.42.29.115 113.102.225.91 POST /admin.php/login/dologin.html
[ log ] douniu.sppcms.com/admin.php/login/dologin.html [运行时间：0.053533s][吞吐率：18.68req/s] [内存消耗：2,626.36kb] [文件加载：56]
[ info ] [ LANG ] /home/wwwroot/douniu.sppcms.com/douniu/thinkphp/lang/zh-cn.php
[ info ] [ BIND ] 'admin'
[ info ] [ ROUTE ] array (
  'type' => 'module',
  'module' => 
  array (
    0 => 'admin',
    1 => 'login',
    2 => 'dologin',
  ),
)
[ info ] [ HEADER ] array (
  'cookie' => 'pgv_pvi=7283990528; PHPSESSID=7pfut9gsgo0p2v4j83ojat2aha',
  'accept-language' => 'en-US,en;q=0.8',
  'accept-encoding' => 'gzip, deflate',
  'referer' => 'http://douniu.sppcms.com/admin.php/login/index.html',
  'x-requested-with' => 'XMLHttpRequest',
  'accept' => 'application/json, text/javascript, */*; q=0.01',
  'content-type' => 'application/x-www-form-urlencoded; charset=UTF-8',
  'user-agent' => 'Mozilla/5.0 (Windows NT 6.1; Win64; x64) AppleWebKit/537.36 (KHTML, like Gecko) Chrome/59.0.3071.115 Safari/537.36',
  'origin' => 'http://douniu.sppcms.com',
  'content-length' => '42',
  'connection' => 'keep-alive',
  'host' => 'douniu.sppcms.com',
)
[ info ] [ PARAM ] array (
  'account' => 'admin',
  'admin_pass' => 'admin',
  'verify' => 'lydn',
)
[ info ] [ RUN ] app\admin\controller\Login->dologin[ /home/wwwroot/douniu.sppcms.com/douniu/application/admin/controller/Login.php ]
[ info ] [ SESSION ] INIT array (
  'id' => '',
  'var_session_id' => '',
  'prefix' => 'think',
  'type' => '',
  'auto_start' => true,
)
[ info ] [ DB ] INIT mysql
[ info ] [ LOG ] INIT File
[ sql ] [ DB ] CONNECT:[ UseTime:0.000471s ] mysql:dbname=sq_douniu;host=127.0.0.1;charset=utf8
[ sql ] [ SQL ] SHOW COLUMNS FROM `t_user` [ RunTime:0.000968s ]
[ sql ] [ SQL ] SELECT * FROM `t_user` WHERE  `account` = 'admin' LIMIT 1 [ RunTime:0.015274s ]

---------------------------------------------------------------
[ 2017-07-01T15:08:55+08:00 ] 121.42.29.115 113.102.225.91 GET /admin.php/index/index.html
[ log ] douniu.sppcms.com/admin.php/index/index.html [运行时间：0.046082s][吞吐率：21.70req/s] [内存消耗：2,582.98kb] [文件加载：56]
[ info ] [ LANG ] /home/wwwroot/douniu.sppcms.com/douniu/thinkphp/lang/zh-cn.php
[ info ] [ BIND ] 'admin'
[ info ] [ ROUTE ] array (
  'type' => 'module',
  'module' => 
  array (
    0 => 'admin',
    1 => 'index',
    2 => 'index',
  ),
)
[ info ] [ HEADER ] array (
  'cookie' => 'pgv_pvi=7283990528; PHPSESSID=7pfut9gsgo0p2v4j83ojat2aha',
  'accept-language' => 'en-US,en;q=0.8',
  'accept-encoding' => 'gzip, deflate',
  'referer' => 'http://douniu.sppcms.com/admin.php/login/index.html',
  'accept' => 'text/html,application/xhtml+xml,application/xml;q=0.9,image/webp,image/apng,*/*;q=0.8',
  'user-agent' => 'Mozilla/5.0 (Windows NT 6.1; Win64; x64) AppleWebKit/537.36 (KHTML, like Gecko) Chrome/59.0.3071.115 Safari/537.36',
  'upgrade-insecure-requests' => '1',
  'connection' => 'keep-alive',
  'host' => 'douniu.sppcms.com',
  'content-type' => '',
  'content-length' => '',
)
[ info ] [ PARAM ] array (
)
[ info ] [ SESSION ] INIT array (
  'id' => '',
  'var_session_id' => '',
  'prefix' => 'think',
  'type' => '',
  'auto_start' => true,
)
[ info ] [ DB ] INIT mysql
[ info ] [ RUN ] app\admin\controller\Index->index[ /home/wwwroot/douniu.sppcms.com/douniu/application/admin/controller/Index.php ]
[ info ] [ VIEW ] /home/wwwroot/douniu.sppcms.com/douniu/application/admin/view/index/index.html [ array (
  0 => 'userinfo',
  1 => 'productsum',
  2 => 'ordersum',
  3 => 'membersum',
  4 => 'articlesum',
  5 => 'memberlist',
) ]
[ info ] [ LOG ] INIT File
[ sql ] [ DB ] CONNECT:[ UseTime:0.000461s ] mysql:dbname=sq_douniu;host=127.0.0.1;charset=utf8
[ sql ] [ SQL ] SHOW COLUMNS FROM `t_user` [ RunTime:0.000959s ]
[ sql ] [ SQL ] SELECT * FROM `t_user` WHERE  `id` = 263 LIMIT 1 [ RunTime:0.000378s ]
[ sql ] [ SQL ] SHOW COLUMNS FROM `t_product` [ RunTime:0.000815s ]
[ sql ] [ SQL ] SELECT COUNT(*) AS tp_count FROM `t_product` LIMIT 1 [ RunTime:0.000219s ]
[ sql ] [ SQL ] SHOW COLUMNS FROM `t_order` [ RunTime:0.000812s ]
[ sql ] [ SQL ] SELECT COUNT(*) AS tp_count FROM `t_order` LIMIT 1 [ RunTime:0.000225s ]
[ sql ] [ SQL ] SHOW COLUMNS FROM `t_member` [ RunTime:0.000723s ]
[ sql ] [ SQL ] SELECT COUNT(*) AS tp_count FROM `t_member` LIMIT 1 [ RunTime:0.000214s ]
[ sql ] [ SQL ] SHOW COLUMNS FROM `t_article` [ RunTime:0.000716s ]
[ sql ] [ SQL ] SELECT COUNT(*) AS tp_count FROM `t_article` LIMIT 1 [ RunTime:0.000218s ]
[ sql ] [ SQL ] SELECT * FROM `t_member` WHERE  (  reg_time < 1498924799 and reg_time > 1498838400 ) LIMIT 5 [ RunTime:0.000368s ]

---------------------------------------------------------------
[ 2017-07-01T15:08:57+08:00 ] 121.42.29.115 113.102.225.91 GET /admin.php/index/index.html
[ log ] douniu.sppcms.com/admin.php/index/index.html [运行时间：0.043134s][吞吐率：23.18req/s] [内存消耗：2,422.13kb] [文件加载：53]
[ info ] [ LANG ] /home/wwwroot/douniu.sppcms.com/douniu/thinkphp/lang/zh-cn.php
[ info ] [ BIND ] 'admin'
[ info ] [ ROUTE ] array (
  'type' => 'module',
  'module' => 
  array (
    0 => 'admin',
    1 => 'index',
    2 => 'index',
  ),
)
[ info ] [ HEADER ] array (
  'cookie' => 'pgv_pvi=7283990528; PHPSESSID=7pfut9gsgo0p2v4j83ojat2aha',
  'accept-language' => 'en-US,en;q=0.8',
  'accept-encoding' => 'gzip, deflate',
  'referer' => 'http://douniu.sppcms.com/admin.php/index/index.html',
  'accept' => 'image/webp,image/apng,image/*,*/*;q=0.8',
  'user-agent' => 'Mozilla/5.0 (Windows NT 6.1; Win64; x64) AppleWebKit/537.36 (KHTML, like Gecko) Chrome/59.0.3071.115 Safari/537.36',
  'connection' => 'keep-alive',
  'host' => 'douniu.sppcms.com',
  'content-type' => '',
  'content-length' => '',
)
[ info ] [ PARAM ] array (
)
[ info ] [ SESSION ] INIT array (
  'id' => '',
  'var_session_id' => '',
  'prefix' => 'think',
  'type' => '',
  'auto_start' => true,
)
[ info ] [ DB ] INIT mysql
[ info ] [ RUN ] app\admin\controller\Index->index[ /home/wwwroot/douniu.sppcms.com/douniu/application/admin/controller/Index.php ]
[ info ] [ VIEW ] /home/wwwroot/douniu.sppcms.com/douniu/application/admin/view/index/index.html [ array (
  0 => 'userinfo',
  1 => 'productsum',
  2 => 'ordersum',
  3 => 'membersum',
  4 => 'articlesum',
  5 => 'memberlist',
) ]
[ info ] [ LOG ] INIT File
[ sql ] [ DB ] CONNECT:[ UseTime:0.000488s ] mysql:dbname=sq_douniu;host=127.0.0.1;charset=utf8
[ sql ] [ SQL ] SHOW COLUMNS FROM `t_user` [ RunTime:0.000977s ]
[ sql ] [ SQL ] SELECT * FROM `t_user` WHERE  `id` = 263 LIMIT 1 [ RunTime:0.000309s ]
[ sql ] [ SQL ] SHOW COLUMNS FROM `t_product` [ RunTime:0.000887s ]
[ sql ] [ SQL ] SELECT COUNT(*) AS tp_count FROM `t_product` LIMIT 1 [ RunTime:0.000170s ]
[ sql ] [ SQL ] SHOW COLUMNS FROM `t_order` [ RunTime:0.000739s ]
[ sql ] [ SQL ] SELECT COUNT(*) AS tp_count FROM `t_order` LIMIT 1 [ RunTime:0.000167s ]
[ sql ] [ SQL ] SHOW COLUMNS FROM `t_member` [ RunTime:0.000719s ]
[ sql ] [ SQL ] SELECT COUNT(*) AS tp_count FROM `t_member` LIMIT 1 [ RunTime:0.000214s ]
[ sql ] [ SQL ] SHOW COLUMNS FROM `t_article` [ RunTime:0.000696s ]
[ sql ] [ SQL ] SELECT COUNT(*) AS tp_count FROM `t_article` LIMIT 1 [ RunTime:0.000183s ]
[ sql ] [ SQL ] SELECT * FROM `t_member` WHERE  (  reg_time < 1498924799 and reg_time > 1498838400 ) LIMIT 5 [ RunTime:0.000261s ]

---------------------------------------------------------------
[ 2017-07-01T15:09:11+08:00 ] 121.42.29.115 219.156.167.247 GET /
[ log ] douniu.sppcms.com/ [运行时间：0.064680s][吞吐率：15.46req/s] [内存消耗：2,750.00kb] [文件加载：60]
[ info ] [ LANG ] /home/wwwroot/douniu.sppcms.com/douniu/thinkphp/lang/zh-cn.php
[ info ] [ BIND ] 'index'
[ info ] [ ROUTE ] array (
  'type' => 'module',
  'module' => 
  array (
    0 => 'index',
    1 => NULL,
    2 => NULL,
  ),
)
[ info ] [ HEADER ] array (
  'cookie' => 'PHPSESSID=9i32m5hkuji7fi5r68q592hojk',
  'accept-language' => 'zh-CN,zh;q=0.8',
  'accept-encoding' => 'gzip, deflate',
  'accept' => 'text/html,application/xhtml+xml,application/xml;q=0.9,image/webp,image/apng,*/*;q=0.8',
  'user-agent' => 'Mozilla/5.0 (Windows NT 6.1; WOW64) AppleWebKit/537.36 (KHTML, like Gecko) Chrome/59.0.3071.86 Safari/537.36',
  'upgrade-insecure-requests' => '1',
  'cache-control' => 'max-age=0',
  'connection' => 'keep-alive',
  'host' => 'douniu.sppcms.com',
  'content-type' => '',
  'content-length' => '',
)
[ info ] [ PARAM ] array (
)
[ info ] [ SESSION ] INIT array (
  'id' => '',
  'var_session_id' => '',
  'prefix' => 'think',
  'type' => '',
  'auto_start' => true,
)
[ info ] [ DB ] INIT mysql
[ info ] [ RUN ] app\index\controller\Index->index[ /home/wwwroot/douniu.sppcms.com/douniu/application/index/controller/Index.php ]
[ info ] [ VIEW ] /home/wwwroot/douniu.sppcms.com/douniu/application/extend/Modules/Nav/Lib/../Tpl/index.html [ array (
  0 => 'islogin',
  1 => 'navlist',
  2 => 'adlist',
  3 => 'toplist',
  4 => 'reclist',
  5 => 'categorylist',
  6 => 'catelist',
  7 => 'd',
) ]
[ info ] [ VIEW ] /home/wwwroot/douniu.sppcms.com/douniu/application/index/view/index/index.html [ array (
  0 => 'islogin',
  1 => 'navlist',
  2 => 'adlist',
  3 => 'toplist',
  4 => 'reclist',
  5 => 'categorylist',
  6 => 'catelist',
) ]
[ info ] [ LOG ] INIT File
[ sql ] [ DB ] CONNECT:[ UseTime:0.000468s ] mysql:dbname=sq_douniu;host=127.0.0.1;charset=utf8
[ sql ] [ SQL ] SHOW COLUMNS FROM `t_nav` [ RunTime:0.000906s ]
[ sql ] [ SQL ] SELECT * FROM `t_nav` WHERE  `pid` = 0 ORDER BY `sort` [ RunTime:0.000465s ]
[ sql ] [ SQL ] SELECT * FROM `t_nav` WHERE  `pid` = 1 ORDER BY `sort` [ RunTime:0.000399s ]
[ sql ] [ SQL ] SELECT * FROM `t_nav` WHERE  `pid` = 2 ORDER BY `sort` [ RunTime:0.000635s ]
[ sql ] [ SQL ] SELECT * FROM `t_nav` WHERE  `pid` = 3 ORDER BY `sort` [ RunTime:0.000432s ]
[ sql ] [ SQL ] SELECT * FROM `t_nav` WHERE  `pid` = 5 ORDER BY `sort` [ RunTime:0.000356s ]
[ sql ] [ SQL ] SELECT * FROM `t_nav` WHERE  `pid` = 6 ORDER BY `sort` [ RunTime:0.000355s ]
[ sql ] [ SQL ] SELECT * FROM `t_nav` WHERE  `pid` = 4 ORDER BY `sort` [ RunTime:0.000354s ]
[ sql ] [ SQL ] SHOW COLUMNS FROM `t_ad` [ RunTime:0.001023s ]
[ sql ] [ SQL ] SELECT * FROM `t_ad` WHERE  `status` = 1 [ RunTime:0.000285s ]
[ sql ] [ SQL ] SHOW COLUMNS FROM `t_product` [ RunTime:0.000854s ]
[ sql ] [ SQL ] SELECT * FROM `t_product` WHERE  `is_top` = 1 LIMIT 2 [ RunTime:0.000451s ]
[ sql ] [ SQL ] SELECT * FROM `t_product` WHERE  `is_rec` = 1 LIMIT 3 [ RunTime:0.000320s ]
[ sql ] [ SQL ] SHOW COLUMNS FROM `t_category` [ RunTime:0.000679s ]
[ sql ] [ SQL ] SELECT * FROM `t_category` WHERE  `status` = 1  AND `pid` = 0 [ RunTime:0.000344s ]
[ sql ] [ SQL ] SELECT * FROM `t_category` WHERE  `status` = 1  AND `pid` = 0 LIMIT 5 [ RunTime:0.000296s ]
[ sql ] [ SQL ] SELECT * FROM `t_category` WHERE  `pid` = 348 [ RunTime:0.000418s ]
[ sql ] [ SQL ] SELECT * FROM `t_category` WHERE  `pid` = 353 [ RunTime:0.000368s ]
[ sql ] [ SQL ] SELECT * FROM `t_category` WHERE  `pid` = 354 [ RunTime:0.000292s ]
[ sql ] [ SQL ] SELECT * FROM `t_category` WHERE  `pid` = 355 [ RunTime:0.000274s ]
[ sql ] [ SQL ] SELECT * FROM `t_product` WHERE  `status` = 1  AND `category_id` IN (353,354,355,348) LIMIT 8 [ RunTime:0.002599s ]
[ sql ] [ SQL ] SELECT * FROM `t_category` WHERE  `pid` = 356 [ RunTime:0.000294s ]
[ sql ] [ SQL ] SELECT * FROM `t_product` WHERE  `status` = 1  AND `category_id` IN (356) LIMIT 8 [ RunTime:0.000365s ]
[ sql ] [ SQL ] SHOW COLUMNS FROM `t_config` [ RunTime:0.000905s ]
[ sql ] [ SQL ] SELECT * FROM `t_config` WHERE  `name` = 'logo' LIMIT 1 [ RunTime:0.000333s ]
[ sql ] [ SQL ] SELECT * FROM `t_config` WHERE  `name` = 'logo' LIMIT 1 [ RunTime:0.000221s ]
[ sql ] [ SQL ] SELECT * FROM `t_config` WHERE  `name` = 'siteinfo' LIMIT 1 [ RunTime:0.000297s ]
[ sql ] [ SQL ] SELECT * FROM `t_config` WHERE  `name` = 'address' LIMIT 1 [ RunTime:0.000380s ]
[ sql ] [ SQL ] SELECT * FROM `t_config` WHERE  `name` = 'email' LIMIT 1 [ RunTime:0.000268s ]
[ sql ] [ SQL ] SELECT * FROM `t_config` WHERE  `name` = 'email' LIMIT 1 [ RunTime:0.000198s ]
[ sql ] [ SQL ] SELECT * FROM `t_config` WHERE  `name` = 'tel' LIMIT 1 [ RunTime:0.000278s ]

---------------------------------------------------------------
